#! /usr/share/iverilog-0.9.7/bin/vvp
:ivl_version "0.9.7 " "(v0_9_6)";
:vpi_time_precision + 0;
:vpi_module "system";
:vpi_module "v2005_math";
:vpi_module "va_math";
S_0x1fcc6d0 .scope module, "ProgramCounter_tb" "ProgramCounter_tb" 2 3;
 .timescale 0 0;
v0x1fdffc0_0 .var "Cp", 0 0;
v0x1fe0060_0 .var "Ep", 0 0;
v0x1fe0110_0 .net "PCout", 7 0, v0x1fdfe40_0; 1 drivers
v0x1fe01c0_0 .var "clk", 0 0;
v0x1fe02a0_0 .var "reset", 0 0;
S_0x1fcc7c0 .scope module, "example_tb" "ProgramCounter" 2 7, 3 5, S_0x1fcc6d0;
 .timescale 0 0;
v0x1fcc8b0_0 .net "Cp", 0 0, v0x1fdffc0_0; 1 drivers
v0x1fdfbb0_0 .net "Ep", 0 0, v0x1fe0060_0; 1 drivers
v0x1fdfc50_0 .alias "PCout", 7 0, v0x1fe0110_0;
v0x1fdfcf0_0 .net "clk", 0 0, v0x1fe01c0_0; 1 drivers
v0x1fdfda0_0 .var "count", 7 0;
v0x1fdfe40_0 .var "count_buffer", 7 0;
v0x1fdff20_0 .net "reset", 0 0, v0x1fe02a0_0; 1 drivers
E_0x1fba100 .event negedge, v0x1fdff20_0;
E_0x1fa76f0 .event negedge, v0x1fdfcf0_0;
    .scope S_0x1fcc7c0;
T_0 ;
    %set/v v0x1fdfe40_0, 3, 8;
    %end;
    .thread T_0;
    .scope S_0x1fcc7c0;
T_1 ;
    %wait E_0x1fa76f0;
    %load/v 8, v0x1fdfbb0_0, 1;
    %jmp/0xz  T_1.0, 8;
    %load/v 8, v0x1fdfda0_0, 8;
    %ix/load 0, 8, 0;
    %assign/v0 v0x1fdfe40_0, 0, 8;
    %jmp T_1.1;
T_1.0 ;
    %load/v 8, v0x1fcc8b0_0, 1;
    %jmp/0xz  T_1.2, 8;
    %load/v 8, v0x1fdfda0_0, 8;
    %cmpi/u 8, 255, 8;
    %mov 8, 4, 1;
    %jmp/0  T_1.4, 8;
    %mov 9, 0, 8;
    %jmp/1  T_1.6, 8;
T_1.4 ; End of true expr.
    %ix/load 0, 1, 0;
    %load/vp0 17, v0x1fdfda0_0, 8;
    %jmp/0  T_1.5, 8;
 ; End of false expr.
    %blend  9, 17, 8; Condition unknown.
    %jmp  T_1.6;
T_1.5 ;
    %mov 9, 17, 8; Return false value
T_1.6 ;
    %ix/load 0, 8, 0;
    %assign/v0 v0x1fdfda0_0, 0, 9;
T_1.2 ;
T_1.1 ;
    %jmp T_1;
    .thread T_1;
    .scope S_0x1fcc7c0;
T_2 ;
    %wait E_0x1fba100;
    %load/v 8, v0x1fdff20_0, 1;
    %inv 8, 1;
    %jmp/0xz  T_2.0, 8;
    %ix/load 0, 8, 0;
    %assign/v0 v0x1fdfda0_0, 0, 0;
T_2.0 ;
    %jmp T_2;
    .thread T_2;
    .scope S_0x1fcc6d0;
T_3 ;
    %set/v v0x1fe01c0_0, 1, 1;
    %set/v v0x1fe02a0_0, 1, 1;
    %delay 2, 0;
    %set/v v0x1fe02a0_0, 0, 1;
    %delay 2, 0;
    %set/v v0x1fe02a0_0, 1, 1;
    %end;
    .thread T_3;
    .scope S_0x1fcc6d0;
T_4 ;
    %delay 5, 0;
    %load/v 8, v0x1fe01c0_0, 1;
    %inv 8, 1;
    %set/v v0x1fe01c0_0, 8, 1;
    %jmp T_4;
    .thread T_4;
    .scope S_0x1fcc6d0;
T_5 ;
    %delay 3, 0;
    %set/v v0x1fe0060_0, 1, 1;
    %delay 5, 0;
    %set/v v0x1fe0060_0, 0, 1;
    %vpi_call 2 22 "$display", "t=%d, PCout=%8b", $time, v0x1fe0110_0;
    %delay 5, 0;
    %set/v v0x1fdffc0_0, 1, 1;
    %delay 5, 0;
    %set/v v0x1fdffc0_0, 0, 1;
    %vpi_call 2 24 "$display", "t=%d, PCout=%8b", $time, v0x1fe0110_0;
    %delay 5, 0;
    %set/v v0x1fe0060_0, 1, 1;
    %delay 5, 0;
    %set/v v0x1fe0060_0, 0, 1;
    %vpi_call 2 26 "$display", "t=%d, PCout=%8b", $time, v0x1fe0110_0;
    %delay 5, 0;
    %vpi_call 2 28 "$finish";
    %end;
    .thread T_5;
# The file index is used to find the file name in the following table.
:file_names 4;
    "N/A";
    "<interactive>";
    "testbench.sv";
    "design.sv";
