#! /usr/share/iverilog-0.9.7/bin/vvp
:ivl_version "0.9.7 " "(v0_9_6)";
:vpi_time_precision + 0;
:vpi_module "system";
:vpi_module "v2005_math";
:vpi_module "va_math";
S_0x19e4660 .scope module, "MOV_A_Address_tb" "MOV_A_Address_tb" 2 3;
 .timescale 0 0;
v0x1a0e810_0 .net "ALU_to_A", 3 0, L_0x1a16a40; 1 drivers
v0x1a133c0_0 .net "ALU_to_B", 3 0, L_0x1a16aa0; 1 drivers
v0x1a13490_0 .net "A_to_ALU", 3 0, v0x1a0f350_0; 1 drivers
v0x1a13560_0 .net "A_to_OUT", 3 0, v0x1a0f3f0_0; 1 drivers
v0x1a13630_0 .net "A_to_RAM", 3 0, v0x1a0f2d0_0; 1 drivers
v0x1a13700_0 .net "A_to_TMP", 3 0, v0x1a0f540_0; 1 drivers
v0x1a137d0_0 .net "B_to_A", 3 0, v0x1a0de60_0; 1 drivers
v0x1a138a0_0 .net "B_to_ALU", 3 0, v0x1a0ddc0_0; 1 drivers
v0x1a139c0_0 .net "Carry_from_ALU", 0 0, v0x1a0cf10_0; 1 drivers
v0x1a13a90_0 .net "Carry_from_B", 0 0, v0x1a0d6a0_0; 1 drivers
v0x1a13b10_0 .net "Carry_to_B", 0 0, v0x1a0bd30_0; 1 drivers
v0x1a13be0_0 .net "Cea", 0 0, v0x1a11940_0; 1 drivers
v0x1a13cb0_0 .net "Cei", 0 0, v0x1a11a10_0; 1 drivers
v0x1a13d80_0 .net "Cetmp", 0 0, v0x1a11ac0_0; 1 drivers
v0x1a13ed0_0 .net "Cp", 0 0, v0x1a11b70_0; 1 drivers
v0x1a13fa0_0 .net "EaOut", 0 0, v0x1a11c50_0; 1 drivers
v0x1a13e00_0 .net "EaRAM", 0 0, v0x1a11d00_0; 1 drivers
v0x1a14150_0 .net "Eatmp", 0 0, v0x1a11d80_0; 1 drivers
v0x1a14270_0 .net "Eba", 0 0, v0x1a11e30_0; 1 drivers
v0x1a14340_0 .net "Ecf", 0 0, v0x1a11ee0_0; 1 drivers
v0x1a14470_0 .net "Ei", 0 0, v0x1a11f90_0; 1 drivers
v0x1a144f0_0 .net "Ep", 0 0, v0x1a12040_0; 1 drivers
v0x1a14630_0 .net "Ercl", 0 0, v0x1a120f0_0; 1 drivers
v0x1a146b0_0 .net "Etmpb", 0 0, v0x1a12170_0; 1 drivers
v0x1a14570_0 .net "Eu", 0 0, v0x1a121f0_0; 1 drivers
v0x1a14850_0 .net "HLT", 0 0, v0x1a12320_0; 1 drivers
v0x1a14780_0 .net "IR_to_Control", 3 0, v0x1a0fc30_0; 1 drivers
v0x1a149b0_0 .net "IR_to_MAR", 3 0, v0x1a0fb10_0; 1 drivers
v0x1a14920_0 .net "LA", 0 0, v0x1a12270_0; 1 drivers
v0x1a14b70_0 .net "LaALU", 0 0, v0x1a12530_0; 1 drivers
v0x1a14a80_0 .net "LaOUT", 0 0, v0x1a12650_0; 1 drivers
v0x1a14d40_0 .net "LaRam", 0 0, v0x1a126d0_0; 1 drivers
v0x1a14c40_0 .net "Lab", 0 0, v0x1a125b0_0; 1 drivers
v0x1a14f20_0 .net "LbALU", 0 0, v0x1a12830_0; 1 drivers
v0x1a14e10_0 .net "Lbtmp", 0 0, v0x1a12780_0; 1 drivers
v0x1a15110_0 .net "Lcarry", 0 0, v0x1a129a0_0; 1 drivers
v0x1a14ff0_0 .net "Lcf", 0 0, v0x1a128e0_0; 1 drivers
v0x1a152c0_0 .net "Li", 0 0, v0x1a12b20_0; 1 drivers
v0x1a151e0_0 .net "Lmi", 0 0, v0x1a12a50_0; 1 drivers
v0x1a15480_0 .net "Lmp", 0 0, v0x1a12cb0_0; 1 drivers
v0x1a15390_0 .net "Lo", 0 0, v0x1a12bd0_0; 1 drivers
v0x1a15650_0 .net "LtmpRAM", 0 0, v0x1a12e20_0; 1 drivers
v0x1a15500_0 .net "Ltmpa", 0 0, v0x1a12d30_0; 1 drivers
v0x1a155d0_0 .net "Lzf", 0 0, v0x1a12fa0_0; 1 drivers
v0x1a15890_0 .net "MAR_to_RAM", 3 0, v0x1a10fb0_0; 1 drivers
v0x1a15960_0 .net "OUT_to_disp", 3 0, v0x1a0b450_0; 1 drivers
v0x1a156d0_0 .net "PC_to_MAR", 3 0, v0x1a11620_0; 1 drivers
RS_0x7f1132418b88 .resolv tri, v0x1a10660_0, v0x1a10780_0, C4<zzzz>, C4<zzzz>;
v0x1a157a0_0 .net8 "RAM_to_A", 3 0, RS_0x7f1132418b88; 2 drivers
v0x1a15b70_0 .net "RAM_to_IR", 7 0, v0x1a106e0_0; 1 drivers
v0x1a15c40_0 .net "RAM_to_TMP", 3 0, C4<zzzz>; 0 drivers
v0x1a159e0_0 .net "Su", 0 0, v0x1a12ea0_0; 1 drivers
v0x1a15a60_0 .net "TMP_to_ALU", 3 0, v0x1a0e710_0; 1 drivers
v0x1a15e70_0 .net "TMP_to_B", 3 0, v0x1a0e690_0; 1 drivers
v0x1a15f40_0 .net "Z_from_ALU", 0 0, v0x1a0d100_0; 1 drivers
v0x1a15d10_0 .var "clk", 0 0;
v0x1a15d90_0 .var "input_address", 3 0;
v0x1a16190_0 .var "input_mode", 0 0;
v0x1a16210_0 .var "input_program", 7 0;
v0x1a15fc0_0 .var "reset", 0 0;
S_0x1a117c0 .scope module, "example_tbCS" "ControlSequencer" 2 36, 3 2, S_0x19e4660;
 .timescale 0 0;
v0x1a11940_0 .var "Cea", 0 0;
v0x1a11a10_0 .var "Cei", 0 0;
v0x1a11ac0_0 .var "Cetmp", 0 0;
v0x1a11b70_0 .var "Cp", 0 0;
v0x1a11c50_0 .var "EaOut", 0 0;
v0x1a11d00_0 .var "EaRAM", 0 0;
v0x1a11d80_0 .var "Eatmp", 0 0;
v0x1a11e30_0 .var "Eba", 0 0;
v0x1a11ee0_0 .var "Ecf", 0 0;
v0x1a11f90_0 .var "Ei", 0 0;
v0x1a12040_0 .var "Ep", 0 0;
v0x1a120f0_0 .var "Ercl", 0 0;
v0x1a12170_0 .var "Etmpb", 0 0;
v0x1a121f0_0 .var "Eu", 0 0;
v0x1a12320_0 .var "HLT", 0 0;
v0x1a123d0_0 .alias "IR_to_Control", 3 0, v0x1a14780_0;
v0x1a12270_0 .var "LA", 0 0;
v0x1a12530_0 .var "LaALU", 0 0;
v0x1a12650_0 .var "LaOUT", 0 0;
v0x1a126d0_0 .var "LaRam", 0 0;
v0x1a125b0_0 .var "Lab", 0 0;
v0x1a12830_0 .var "LbALU", 0 0;
v0x1a12780_0 .var "Lbtmp", 0 0;
v0x1a129a0_0 .var "Lcarry", 0 0;
v0x1a128e0_0 .var "Lcf", 0 0;
v0x1a12b20_0 .var "Li", 0 0;
v0x1a12a50_0 .var "Lmi", 0 0;
v0x1a12cb0_0 .var "Lmp", 0 0;
v0x1a12bd0_0 .var "Lo", 0 0;
v0x1a12e20_0 .var "LtmpRAM", 0 0;
v0x1a12d30_0 .var "Ltmpa", 0 0;
v0x1a12fa0_0 .var "Lzf", 0 0;
v0x1a12ea0_0 .var "Su", 0 0;
v0x1a12f20_0 .net "clk", 0 0, v0x1a15d10_0; 1 drivers
v0x1a13140_0 .var "counter_state", 5 0;
v0x1a131c0_0 .net "reset", 0 0, v0x1a15fc0_0; 1 drivers
E_0x1a10ed0 .event negedge, v0x1a0b3a0_0;
E_0x1a118f0 .event negedge, v0x1a0b4f0_0, v0x1a0b3a0_0;
S_0x1a111c0 .scope module, "example_tbPC" "ProgramCounter" 2 37, 3 499, S_0x19e4660;
 .timescale 0 0;
v0x1a0e600_0 .alias "Cp", 0 0, v0x1a13ed0_0;
v0x1a112f0_0 .alias "Ep", 0 0, v0x1a144f0_0;
v0x1a11390_0 .alias "HLT", 0 0, v0x1a14850_0;
v0x1a11430_0 .alias "PC_to_MAR", 3 0, v0x1a156d0_0;
v0x1a114e0_0 .alias "clk", 0 0, v0x1a12f20_0;
v0x1a11560_0 .var "count", 3 0;
v0x1a11620_0 .var "count_buffer", 3 0;
v0x1a116a0_0 .var "first", 0 0;
v0x1a11740_0 .alias "reset", 0 0, v0x1a131c0_0;
S_0x1a10bb0 .scope module, "example_tbMAR" "MAR" 2 38, 3 558, S_0x19e4660;
 .timescale 0 0;
v0x1a10ca0_0 .alias "IR_to_MAR", 3 0, v0x1a149b0_0;
v0x1a10d50_0 .alias "Lmi", 0 0, v0x1a151e0_0;
v0x1a10dd0_0 .alias "Lmp", 0 0, v0x1a15480_0;
v0x1a10e50_0 .alias "MAR_to_RAM", 3 0, v0x1a15890_0;
v0x1a10f30_0 .alias "PC_to_MAR", 3 0, v0x1a156d0_0;
v0x1a10fb0_0 .var "address", 3 0;
v0x1a11030_0 .alias "clk", 0 0, v0x1a12f20_0;
E_0x1a101e0 .event edge, v0x1a10dd0_0, v0x1a10f30_0, v0x1a10d50_0, v0x1a0f940_0;
S_0x1a0fdf0 .scope module, "example_tbRAMRAM" "RAM" 2 39, 3 586, S_0x19e4660;
 .timescale 0 0;
v0x1a0ff70_0 .alias "A_to_RAM", 3 0, v0x1a13630_0;
v0x1a10040_0 .alias "Cea", 0 0, v0x1a13be0_0;
v0x1a100c0_0 .alias "Cei", 0 0, v0x1a13cb0_0;
v0x1a10160_0 .alias "Cetmp", 0 0, v0x1a13d80_0;
v0x1a10210_0 .alias "LA", 0 0, v0x1a14920_0;
v0x1a102b0_0 .alias "MAR_to_RAM", 3 0, v0x1a15890_0;
v0x1a10350_0 .alias "RAM_to_A", 3 0, v0x1a157a0_0;
v0x1a103d0_0 .alias "RAM_to_IR", 7 0, v0x1a15b70_0;
v0x1a10480_0 .alias "RAM_to_TMP", 3 0, v0x1a157a0_0;
v0x1a10500_0 .var/i "address", 31 0;
v0x1a105e0_0 .alias "clk", 0 0, v0x1a12f20_0;
v0x1a10660_0 .var "dataA", 3 0;
v0x1a106e0_0 .var "dataIR", 7 0;
v0x1a10780_0 .var "dataTMP", 3 0;
v0x1a108a0_0 .net "input_address", 3 0, v0x1a15d90_0; 1 drivers
v0x1a10940_0 .net "input_mode", 0 0, v0x1a16190_0; 1 drivers
v0x1a10800_0 .net "input_program", 7 0, v0x1a16210_0; 1 drivers
v0x1a10a90 .array "ram", 15 0, 7 0;
E_0x1a0fa40 .event edge, v0x1a10210_0, v0x1a0ec10_0, v0x1a102b0_0;
E_0x1a0ff20 .event edge, v0x1a10800_0;
S_0x1a0f6e0 .scope module, "example_tbIR" "InstructionRegister" 2 40, 3 659, S_0x19e4660;
 .timescale 0 0;
v0x1a0f7d0_0 .alias "Ei", 0 0, v0x1a14470_0;
v0x1a0f890_0 .alias "IR_to_Control", 3 0, v0x1a14780_0;
v0x1a0f940_0 .alias "IR_to_MAR", 3 0, v0x1a149b0_0;
v0x1a0f9c0_0 .alias "Li", 0 0, v0x1a152c0_0;
v0x1a0fa70_0 .alias "RAM_to_IR", 7 0, v0x1a15b70_0;
v0x1a0fb10_0 .var "address_field", 3 0;
v0x1a0fbb0_0 .alias "clk", 0 0, v0x1a12f20_0;
v0x1a0fc30_0 .var "opcode", 3 0;
v0x1a0fcd0_0 .var "operand", 3 0;
v0x1a0fd70_0 .alias "reset", 0 0, v0x1a131c0_0;
E_0x1a0f490 .event edge, v0x1a0f9c0_0, v0x1a0fa70_0;
S_0x1a0e8a0 .scope module, "example_tbAR" "ARegister" 2 41, 3 705, S_0x19e4660;
 .timescale 0 0;
v0x1a0e9e0_0 .alias "ALU_to_A", 3 0, v0x1a0e810_0;
v0x1a0eab0_0 .alias "A_to_ALU", 3 0, v0x1a13490_0;
v0x1a0eb60_0 .alias "A_to_OUT", 3 0, v0x1a13560_0;
v0x1a0ec10_0 .alias "A_to_RAM", 3 0, v0x1a13630_0;
v0x1a0ecc0_0 .alias "A_to_TMP", 3 0, v0x1a13700_0;
v0x1a0ed70_0 .alias "B_to_A", 3 0, v0x1a137d0_0;
v0x1a0ee30_0 .alias "EaOut", 0 0, v0x1a13fa0_0;
v0x1a0eeb0_0 .alias "EaRAM", 0 0, v0x1a13e00_0;
v0x1a0ef30_0 .alias "Eatmp", 0 0, v0x1a14150_0;
v0x1a0efb0_0 .alias "LaALU", 0 0, v0x1a14b70_0;
v0x1a0f090_0 .alias "LaRam", 0 0, v0x1a14d40_0;
v0x1a0f110_0 .alias "Lab", 0 0, v0x1a14c40_0;
v0x1a0f1b0_0 .alias "RAM_to_A", 3 0, v0x1a157a0_0;
v0x1a0f250_0 .alias "clk", 0 0, v0x1a12f20_0;
v0x1a0f350_0 .var "dataA", 3 0;
v0x1a0f3f0_0 .var "dataOut", 3 0;
v0x1a0f2d0_0 .var "dataRAM", 3 0;
v0x1a0f540_0 .var "dataTMP", 3 0;
v0x1a0f660_0 .alias "reset", 0 0, v0x1a131c0_0;
E_0x1a0e990/0 .event edge, v0x1a0f090_0, v0x1a0f1b0_0, v0x1a0f350_0, v0x1a0f110_0;
E_0x1a0e990/1 .event edge, v0x1a0d570_0, v0x1a0efb0_0, v0x1a0c810_0;
E_0x1a0e990 .event/or E_0x1a0e990/0, E_0x1a0e990/1;
S_0x1a0df90 .scope module, "example_tbTMPR" "TMPRegister" 2 42, 3 780, S_0x19e4660;
 .timescale 0 0;
v0x1a0e100_0 .alias "A_to_TMP", 3 0, v0x1a13700_0;
v0x1a0e1c0_0 .alias "Etmpb", 0 0, v0x1a146b0_0;
v0x1a0e260_0 .alias "LtmpRAM", 0 0, v0x1a15650_0;
v0x1a0e300_0 .alias "Ltmpa", 0 0, v0x1a15500_0;
v0x1a0e3b0_0 .alias "RAM_to_TMP", 3 0, v0x1a15c40_0;
v0x1a0e450_0 .alias "TMP_to_ALU", 3 0, v0x1a15a60_0;
v0x1a0e4d0_0 .alias "TMP_to_B", 3 0, v0x1a15e70_0;
v0x1a0e580_0 .alias "clk", 0 0, v0x1a12f20_0;
v0x1a0e690_0 .var "dataOut", 3 0;
v0x1a0e710_0 .var "dataTMP", 3 0;
v0x1a0e790_0 .alias "reset", 0 0, v0x1a131c0_0;
E_0x1a0e080 .event edge, v0x1a0e300_0, v0x1a0e100_0, v0x1a0e260_0, v0x1a0e3b0_0;
S_0x1a0d390 .scope module, "example_tbBR" "BRegister" 2 43, 3 826, S_0x19e4660;
 .timescale 0 0;
v0x1a0d4a0_0 .alias "ALU_to_B", 3 0, v0x1a133c0_0;
v0x1a0d570_0 .alias "B_to_A", 3 0, v0x1a137d0_0;
v0x1a0d5f0_0 .alias "B_to_ALU", 3 0, v0x1a138a0_0;
v0x1a0d6a0_0 .var "CB", 0 0;
v0x1a0d750_0 .var "Carry", 0 0;
v0x1a0d7d0_0 .alias "Carry_from_B", 0 0, v0x1a13a90_0;
v0x1a0d850_0 .alias "Carry_to_B", 0 0, v0x1a13b10_0;
v0x1a0d900_0 .alias "Eba", 0 0, v0x1a14270_0;
v0x1a0d9d0_0 .alias "Ercl", 0 0, v0x1a14630_0;
v0x1a0da80_0 .alias "LbALU", 0 0, v0x1a14f20_0;
v0x1a0db00_0 .alias "Lbtmp", 0 0, v0x1a14e10_0;
v0x1a0db80_0 .alias "Lcarry", 0 0, v0x1a15110_0;
v0x1a0dc20_0 .alias "TMP_to_B", 3 0, v0x1a15e70_0;
v0x1a0dcc0_0 .alias "clk", 0 0, v0x1a12f20_0;
v0x1a0ddc0_0 .var "dataB", 3 0;
v0x1a0de60_0 .var "dataOut", 3 0;
v0x1a0dd40_0 .alias "reset", 0 0, v0x1a131c0_0;
E_0x1a0b9f0/0 .event edge, v0x1a0db00_0, v0x1a0dc20_0, v0x1a0da80_0, v0x1a0c8d0_0;
E_0x1a0b9f0/1 .event edge, v0x1a0db80_0, v0x1a0b8d0_0;
E_0x1a0b9f0 .event/or E_0x1a0b9f0/0, E_0x1a0b9f0/1;
S_0x1a0c1a0 .scope module, "example_tbALU" "ALU" 2 44, 3 930, S_0x19e4660;
 .timescale 0 0;
L_0x1a16a40 .functor BUFZ 4, v0x1a0d1a0_0, C4<0000>, C4<0000>, C4<0000>;
L_0x1a16aa0 .functor BUFZ 4, v0x1a0d1a0_0, C4<0000>, C4<0000>, C4<0000>;
v0x1a0c810_0 .alias "ALU_to_A", 3 0, v0x1a0e810_0;
v0x1a0c8d0_0 .alias "ALU_to_B", 3 0, v0x1a133c0_0;
v0x1a0c970_0 .alias "A_to_ALU", 3 0, v0x1a13490_0;
v0x1a0ca10_0 .alias "B_to_ALU", 3 0, v0x1a138a0_0;
v0x1a0ca90_0 .alias "Carry_from_ALU", 0 0, v0x1a139c0_0;
v0x1a0cb40_0 .alias "Eu", 0 0, v0x1a14570_0;
v0x1a0cc00_0 .alias "IR_to_Control", 3 0, v0x1a14780_0;
v0x1a0cca0_0 .alias "TMP_to_ALU", 3 0, v0x1a15a60_0;
v0x1a0cd90_0 .alias "Z_from_ALU", 0 0, v0x1a15f40_0;
v0x1a0ce10_0 .var "carry_flag", 0 0;
v0x1a0ce90_0 .alias "clk", 0 0, v0x1a12f20_0;
v0x1a0cf10_0 .var "cy", 0 0;
v0x1a0cfb0_0 .alias "reset", 0 0, v0x1a131c0_0;
v0x1a0d080_0 .var "result", 3 0;
v0x1a0d1a0_0 .var "resultOut", 3 0;
v0x1a0d240_0 .var "zero_flag", 0 0;
v0x1a0d100_0 .var "zz", 0 0;
E_0x1a0bce0/0 .event edge, v0x1a0cc00_0, v0x1a0c970_0, v0x1a0ca10_0, v0x1a0c690_0;
E_0x1a0bce0/1 .event edge, v0x1a0c730_0, v0x1a0d080_0, v0x1a0cca0_0;
E_0x1a0bce0 .event/or E_0x1a0bce0/0, E_0x1a0bce0/1;
S_0x1a0c2f0 .scope task, "add_sub" "add_sub" 3 956, 3 956, S_0x1a0c1a0;
 .timescale 0 0;
v0x1a0c3e0_0 .var "A", 3 0;
v0x1a0c4a0_0 .var "B", 3 0;
v0x1a0c540_0 .var "BB", 3 0;
v0x1a0c5e0_0 .var "Carryin", 0 0;
v0x1a0c690_0 .var "Carryout", 0 0;
v0x1a0c730_0 .var "Sum", 3 0;
TD_MOV_A_Address_tb.example_tbALU.add_sub ;
    %load/v 8, v0x1a0c5e0_0, 1;
    %mov 9, 0, 2;
    %cmpi/u 8, 1, 3;
    %jmp/0xz  T_0.0, 4;
    %load/v 8, v0x1a0c4a0_0, 4;
    %inv 8, 4;
    %set/v v0x1a0c540_0, 8, 4;
    %jmp T_0.1;
T_0.0 ;
    %load/v 8, v0x1a0c4a0_0, 4;
    %set/v v0x1a0c540_0, 8, 4;
T_0.1 ;
    %load/v 8, v0x1a0c3e0_0, 4;
    %mov 12, 0, 1;
    %load/v 13, v0x1a0c540_0, 4;
    %mov 17, 0, 1;
    %add 8, 13, 5;
    %load/v 13, v0x1a0c5e0_0, 1;
    %mov 14, 0, 4;
    %add 8, 13, 5;
    %set/v v0x1a0c730_0, 8, 4;
    %set/v v0x1a0c690_0, 12, 1;
    %end;
S_0x1a0b5d0 .scope module, "example_tbFlag" "FlagRegister" 2 45, 3 890, S_0x19e4660;
 .timescale 0 0;
v0x1a0b770_0 .alias "Carry_from_ALU", 0 0, v0x1a139c0_0;
v0x1a0b830_0 .alias "Carry_from_B", 0 0, v0x1a13a90_0;
v0x1a0b8d0_0 .alias "Carry_to_B", 0 0, v0x1a13b10_0;
v0x1a0b970_0 .alias "Ecf", 0 0, v0x1a14340_0;
v0x1a0ba20_0 .alias "Ercl", 0 0, v0x1a14630_0;
v0x1a0bac0_0 .alias "Lcf", 0 0, v0x1a14ff0_0;
v0x1a0bba0_0 .alias "Lzf", 0 0, v0x1a155d0_0;
v0x1a0bc40_0 .alias "Z_from_ALU", 0 0, v0x1a15f40_0;
v0x1a0bd30_0 .var "carry", 0 0;
v0x1a0bdd0_0 .alias "clk", 0 0, v0x1a12f20_0;
v0x1a0beb0_0 .var "cy", 0 0;
v0x1a0bf30_0 .alias "reset", 0 0, v0x1a131c0_0;
v0x1a0c020_0 .var "zero", 0 0;
v0x1a0c0a0_0 .var "zz", 0 0;
E_0x1a0b420 .event posedge, v0x1a0b3a0_0;
E_0x1a0b700/0 .event edge, v0x1a0bac0_0, v0x1a0bc40_0, v0x1a0b770_0, v0x1a0bba0_0;
E_0x1a0b700/1 .event edge, v0x1a0ba20_0, v0x1a0b830_0;
E_0x1a0b700 .event/or E_0x1a0b700/0, E_0x1a0b700/1;
S_0x19df7f0 .scope module, "example_tbOUTR" "OUTRegister" 2 46, 3 1141, S_0x19e4660;
 .timescale 0 0;
v0x196f960_0 .alias "A_to_OUT", 3 0, v0x1a13560_0;
v0x1a0b260_0 .alias "LaOUT", 0 0, v0x1a14a80_0;
v0x1a0b300_0 .alias "OUT_to_disp", 3 0, v0x1a15960_0;
v0x1a0b3a0_0 .alias "clk", 0 0, v0x1a12f20_0;
v0x1a0b450_0 .var "dataDisp", 3 0;
v0x1a0b4f0_0 .alias "reset", 0 0, v0x1a131c0_0;
E_0x19ddd80 .event negedge, v0x1a0b4f0_0;
E_0x19df1a0 .event edge, v0x1a0b260_0, v0x196f960_0;
    .scope S_0x1a117c0;
T_1 ;
    %wait E_0x1a118f0;
    %load/v 8, v0x1a131c0_0, 1;
    %inv 8, 1;
    %jmp/0xz  T_1.0, 8;
    %movi 8, 1, 6;
    %ix/load 0, 6, 0;
    %assign/v0 v0x1a13140_0, 0, 8;
    %ix/load 0, 1, 0;
    %assign/v0 v0x1a12320_0, 0, 0;
    %jmp T_1.1;
T_1.0 ;
    %load/v 8, v0x1a13140_0, 6;
    %cmpi/u 8, 32, 6;
    %jmp/0xz  T_1.2, 4;
    %movi 8, 1, 6;
    %ix/load 0, 6, 0;
    %assign/v0 v0x1a13140_0, 0, 8;
    %jmp T_1.3;
T_1.2 ;
    %load/v 8, v0x1a13140_0, 6;
    %ix/load 0, 1, 0;
    %mov 4, 0, 1;
    %shiftl/i0  8, 6;
    %ix/load 0, 6, 0;
    %assign/v0 v0x1a13140_0, 0, 8;
T_1.3 ;
T_1.1 ;
    %jmp T_1;
    .thread T_1;
    .scope S_0x1a117c0;
T_2 ;
    %wait E_0x1a10ed0;
    %load/v 8, v0x1a13140_0, 6;
    %cmpi/u 8, 1, 6;
    %jmp/1 T_2.0, 6;
    %cmpi/u 8, 2, 6;
    %jmp/1 T_2.1, 6;
    %cmpi/u 8, 4, 6;
    %jmp/1 T_2.2, 6;
    %cmpi/u 8, 8, 6;
    %jmp/1 T_2.3, 6;
    %cmpi/u 8, 16, 6;
    %jmp/1 T_2.4, 6;
    %cmpi/u 8, 32, 6;
    %jmp/1 T_2.5, 6;
    %ix/load 0, 1, 0;
    %assign/v0 v0x1a11b70_0, 0, 0;
    %ix/load 0, 1, 0;
    %assign/v0 v0x1a12040_0, 0, 0;
    %ix/load 0, 1, 0;
    %assign/v0 v0x1a12cb0_0, 0, 0;
    %ix/load 0, 1, 0;
    %assign/v0 v0x1a12a50_0, 0, 0;
    %ix/load 0, 1, 0;
    %assign/v0 v0x1a11a10_0, 0, 0;
    %ix/load 0, 1, 0;
    %assign/v0 v0x1a11940_0, 0, 0;
    %ix/load 0, 1, 0;
    %assign/v0 v0x1a12b20_0, 0, 0;
    %ix/load 0, 1, 0;
    %assign/v0 v0x1a11f90_0, 0, 0;
    %ix/load 0, 1, 0;
    %assign/v0 v0x1a126d0_0, 0, 0;
    %ix/load 0, 1, 0;
    %assign/v0 v0x1a125b0_0, 0, 0;
    %ix/load 0, 1, 0;
    %assign/v0 v0x1a11d80_0, 0, 0;
    %ix/load 0, 1, 0;
    %assign/v0 v0x1a12ea0_0, 0, 0;
    %ix/load 0, 1, 0;
    %assign/v0 v0x1a121f0_0, 0, 0;
    %ix/load 0, 1, 0;
    %assign/v0 v0x1a12780_0, 0, 0;
    %ix/load 0, 1, 0;
    %assign/v0 v0x1a11e30_0, 0, 0;
    %ix/load 0, 1, 0;
    %assign/v0 v0x1a12bd0_0, 0, 0;
    %ix/load 0, 1, 0;
    %assign/v0 v0x1a12d30_0, 0, 0;
    %ix/load 0, 1, 0;
    %assign/v0 v0x1a12170_0, 0, 0;
    %ix/load 0, 1, 0;
    %assign/v0 v0x1a12530_0, 0, 0;
    %ix/load 0, 1, 0;
    %assign/v0 v0x1a11d00_0, 0, 0;
    %ix/load 0, 1, 0;
    %assign/v0 v0x1a12270_0, 0, 0;
    %ix/load 0, 1, 0;
    %assign/v0 v0x1a12e20_0, 0, 0;
    %ix/load 0, 1, 0;
    %assign/v0 v0x1a11ac0_0, 0, 0;
    %ix/load 0, 1, 0;
    %assign/v0 v0x1a12830_0, 0, 0;
    %ix/load 0, 1, 0;
    %assign/v0 v0x1a12650_0, 0, 0;
    %ix/load 0, 1, 0;
    %assign/v0 v0x1a11c50_0, 0, 0;
    %ix/load 0, 1, 0;
    %assign/v0 v0x1a11ee0_0, 0, 0;
    %ix/load 0, 1, 0;
    %assign/v0 v0x1a129a0_0, 0, 0;
    %ix/load 0, 1, 0;
    %assign/v0 v0x1a120f0_0, 0, 0;
    %ix/load 0, 1, 0;
    %assign/v0 v0x1a12fa0_0, 0, 0;
    %ix/load 0, 1, 0;
    %assign/v0 v0x1a128e0_0, 0, 0;
    %jmp T_2.7;
T_2.0 ;
    %ix/load 0, 1, 0;
    %assign/v0 v0x1a11b70_0, 0, 0;
    %ix/load 0, 1, 0;
    %assign/v0 v0x1a12040_0, 0, 1;
    %ix/load 0, 1, 0;
    %assign/v0 v0x1a12cb0_0, 0, 1;
    %ix/load 0, 1, 0;
    %assign/v0 v0x1a12a50_0, 0, 0;
    %ix/load 0, 1, 0;
    %assign/v0 v0x1a11a10_0, 0, 0;
    %ix/load 0, 1, 0;
    %assign/v0 v0x1a11940_0, 0, 0;
    %ix/load 0, 1, 0;
    %assign/v0 v0x1a12b20_0, 0, 0;
    %ix/load 0, 1, 0;
    %assign/v0 v0x1a11f90_0, 0, 0;
    %ix/load 0, 1, 0;
    %assign/v0 v0x1a126d0_0, 0, 0;
    %ix/load 0, 1, 0;
    %assign/v0 v0x1a125b0_0, 0, 0;
    %ix/load 0, 1, 0;
    %assign/v0 v0x1a11d80_0, 0, 0;
    %ix/load 0, 1, 0;
    %assign/v0 v0x1a12ea0_0, 0, 0;
    %ix/load 0, 1, 0;
    %assign/v0 v0x1a121f0_0, 0, 0;
    %ix/load 0, 1, 0;
    %assign/v0 v0x1a12780_0, 0, 0;
    %ix/load 0, 1, 0;
    %assign/v0 v0x1a11e30_0, 0, 0;
    %ix/load 0, 1, 0;
    %assign/v0 v0x1a12bd0_0, 0, 0;
    %ix/load 0, 1, 0;
    %assign/v0 v0x1a12d30_0, 0, 0;
    %ix/load 0, 1, 0;
    %assign/v0 v0x1a12170_0, 0, 0;
    %ix/load 0, 1, 0;
    %assign/v0 v0x1a12530_0, 0, 0;
    %ix/load 0, 1, 0;
    %assign/v0 v0x1a11d00_0, 0, 0;
    %ix/load 0, 1, 0;
    %assign/v0 v0x1a12270_0, 0, 0;
    %ix/load 0, 1, 0;
    %assign/v0 v0x1a12e20_0, 0, 0;
    %ix/load 0, 1, 0;
    %assign/v0 v0x1a11ac0_0, 0, 0;
    %ix/load 0, 1, 0;
    %assign/v0 v0x1a12830_0, 0, 0;
    %ix/load 0, 1, 0;
    %assign/v0 v0x1a12650_0, 0, 0;
    %ix/load 0, 1, 0;
    %assign/v0 v0x1a11c50_0, 0, 0;
    %ix/load 0, 1, 0;
    %assign/v0 v0x1a11ee0_0, 0, 0;
    %ix/load 0, 1, 0;
    %assign/v0 v0x1a129a0_0, 0, 0;
    %ix/load 0, 1, 0;
    %assign/v0 v0x1a120f0_0, 0, 0;
    %ix/load 0, 1, 0;
    %assign/v0 v0x1a12fa0_0, 0, 0;
    %ix/load 0, 1, 0;
    %assign/v0 v0x1a128e0_0, 0, 0;
    %jmp T_2.7;
T_2.1 ;
    %load/v 8, v0x1a12320_0, 1;
    %cmpi/u 8, 0, 1;
    %jmp/1 T_2.8, 6;
    %cmpi/u 8, 1, 1;
    %jmp/1 T_2.9, 6;
    %jmp T_2.10;
T_2.8 ;
    %ix/load 0, 1, 0;
    %assign/v0 v0x1a11b70_0, 0, 1;
    %ix/load 0, 1, 0;
    %assign/v0 v0x1a12040_0, 0, 0;
    %ix/load 0, 1, 0;
    %assign/v0 v0x1a12cb0_0, 0, 0;
    %ix/load 0, 1, 0;
    %assign/v0 v0x1a12a50_0, 0, 0;
    %ix/load 0, 1, 0;
    %assign/v0 v0x1a11a10_0, 0, 0;
    %ix/load 0, 1, 0;
    %assign/v0 v0x1a11940_0, 0, 0;
    %ix/load 0, 1, 0;
    %assign/v0 v0x1a12b20_0, 0, 0;
    %ix/load 0, 1, 0;
    %assign/v0 v0x1a11f90_0, 0, 0;
    %ix/load 0, 1, 0;
    %assign/v0 v0x1a126d0_0, 0, 0;
    %ix/load 0, 1, 0;
    %assign/v0 v0x1a125b0_0, 0, 0;
    %ix/load 0, 1, 0;
    %assign/v0 v0x1a11d80_0, 0, 0;
    %ix/load 0, 1, 0;
    %assign/v0 v0x1a12ea0_0, 0, 0;
    %ix/load 0, 1, 0;
    %assign/v0 v0x1a121f0_0, 0, 0;
    %ix/load 0, 1, 0;
    %assign/v0 v0x1a12780_0, 0, 0;
    %ix/load 0, 1, 0;
    %assign/v0 v0x1a11e30_0, 0, 0;
    %ix/load 0, 1, 0;
    %assign/v0 v0x1a12bd0_0, 0, 0;
    %ix/load 0, 1, 0;
    %assign/v0 v0x1a12d30_0, 0, 0;
    %ix/load 0, 1, 0;
    %assign/v0 v0x1a12170_0, 0, 0;
    %ix/load 0, 1, 0;
    %assign/v0 v0x1a12530_0, 0, 0;
    %ix/load 0, 1, 0;
    %assign/v0 v0x1a11d00_0, 0, 0;
    %ix/load 0, 1, 0;
    %assign/v0 v0x1a12270_0, 0, 0;
    %ix/load 0, 1, 0;
    %assign/v0 v0x1a12e20_0, 0, 0;
    %ix/load 0, 1, 0;
    %assign/v0 v0x1a11ac0_0, 0, 0;
    %ix/load 0, 1, 0;
    %assign/v0 v0x1a12830_0, 0, 0;
    %ix/load 0, 1, 0;
    %assign/v0 v0x1a12650_0, 0, 0;
    %ix/load 0, 1, 0;
    %assign/v0 v0x1a11c50_0, 0, 0;
    %ix/load 0, 1, 0;
    %assign/v0 v0x1a11ee0_0, 0, 0;
    %ix/load 0, 1, 0;
    %assign/v0 v0x1a129a0_0, 0, 0;
    %ix/load 0, 1, 0;
    %assign/v0 v0x1a120f0_0, 0, 0;
    %ix/load 0, 1, 0;
    %assign/v0 v0x1a12fa0_0, 0, 0;
    %ix/load 0, 1, 0;
    %assign/v0 v0x1a128e0_0, 0, 0;
    %jmp T_2.10;
T_2.9 ;
    %ix/load 0, 1, 0;
    %assign/v0 v0x1a11b70_0, 0, 0;
    %ix/load 0, 1, 0;
    %assign/v0 v0x1a12040_0, 0, 0;
    %ix/load 0, 1, 0;
    %assign/v0 v0x1a12cb0_0, 0, 0;
    %ix/load 0, 1, 0;
    %assign/v0 v0x1a12a50_0, 0, 0;
    %ix/load 0, 1, 0;
    %assign/v0 v0x1a11a10_0, 0, 0;
    %ix/load 0, 1, 0;
    %assign/v0 v0x1a11940_0, 0, 0;
    %ix/load 0, 1, 0;
    %assign/v0 v0x1a12b20_0, 0, 0;
    %ix/load 0, 1, 0;
    %assign/v0 v0x1a11f90_0, 0, 0;
    %ix/load 0, 1, 0;
    %assign/v0 v0x1a126d0_0, 0, 0;
    %ix/load 0, 1, 0;
    %assign/v0 v0x1a125b0_0, 0, 0;
    %ix/load 0, 1, 0;
    %assign/v0 v0x1a11d80_0, 0, 0;
    %ix/load 0, 1, 0;
    %assign/v0 v0x1a12ea0_0, 0, 0;
    %ix/load 0, 1, 0;
    %assign/v0 v0x1a121f0_0, 0, 0;
    %ix/load 0, 1, 0;
    %assign/v0 v0x1a12780_0, 0, 0;
    %ix/load 0, 1, 0;
    %assign/v0 v0x1a11e30_0, 0, 0;
    %ix/load 0, 1, 0;
    %assign/v0 v0x1a12bd0_0, 0, 0;
    %ix/load 0, 1, 0;
    %assign/v0 v0x1a12d30_0, 0, 0;
    %ix/load 0, 1, 0;
    %assign/v0 v0x1a12170_0, 0, 0;
    %ix/load 0, 1, 0;
    %assign/v0 v0x1a12530_0, 0, 0;
    %ix/load 0, 1, 0;
    %assign/v0 v0x1a11d00_0, 0, 0;
    %ix/load 0, 1, 0;
    %assign/v0 v0x1a12270_0, 0, 0;
    %ix/load 0, 1, 0;
    %assign/v0 v0x1a12e20_0, 0, 0;
    %ix/load 0, 1, 0;
    %assign/v0 v0x1a11ac0_0, 0, 0;
    %ix/load 0, 1, 0;
    %assign/v0 v0x1a12830_0, 0, 0;
    %ix/load 0, 1, 0;
    %assign/v0 v0x1a12650_0, 0, 0;
    %ix/load 0, 1, 0;
    %assign/v0 v0x1a11c50_0, 0, 0;
    %ix/load 0, 1, 0;
    %assign/v0 v0x1a11ee0_0, 0, 0;
    %ix/load 0, 1, 0;
    %assign/v0 v0x1a129a0_0, 0, 0;
    %ix/load 0, 1, 0;
    %assign/v0 v0x1a120f0_0, 0, 0;
    %ix/load 0, 1, 0;
    %assign/v0 v0x1a12fa0_0, 0, 0;
    %ix/load 0, 1, 0;
    %assign/v0 v0x1a128e0_0, 0, 0;
    %jmp T_2.10;
T_2.10 ;
    %jmp T_2.7;
T_2.2 ;
    %ix/load 0, 1, 0;
    %assign/v0 v0x1a11b70_0, 0, 0;
    %ix/load 0, 1, 0;
    %assign/v0 v0x1a12040_0, 0, 0;
    %ix/load 0, 1, 0;
    %assign/v0 v0x1a12cb0_0, 0, 0;
    %ix/load 0, 1, 0;
    %assign/v0 v0x1a12a50_0, 0, 0;
    %ix/load 0, 1, 0;
    %assign/v0 v0x1a11a10_0, 0, 1;
    %ix/load 0, 1, 0;
    %assign/v0 v0x1a11940_0, 0, 0;
    %ix/load 0, 1, 0;
    %assign/v0 v0x1a12b20_0, 0, 1;
    %ix/load 0, 1, 0;
    %assign/v0 v0x1a11f90_0, 0, 0;
    %ix/load 0, 1, 0;
    %assign/v0 v0x1a126d0_0, 0, 0;
    %ix/load 0, 1, 0;
    %assign/v0 v0x1a125b0_0, 0, 0;
    %ix/load 0, 1, 0;
    %assign/v0 v0x1a11d80_0, 0, 0;
    %ix/load 0, 1, 0;
    %assign/v0 v0x1a12ea0_0, 0, 0;
    %ix/load 0, 1, 0;
    %assign/v0 v0x1a121f0_0, 0, 0;
    %ix/load 0, 1, 0;
    %assign/v0 v0x1a12780_0, 0, 0;
    %ix/load 0, 1, 0;
    %assign/v0 v0x1a11e30_0, 0, 0;
    %ix/load 0, 1, 0;
    %assign/v0 v0x1a12bd0_0, 0, 0;
    %ix/load 0, 1, 0;
    %assign/v0 v0x1a12d30_0, 0, 0;
    %ix/load 0, 1, 0;
    %assign/v0 v0x1a12170_0, 0, 0;
    %ix/load 0, 1, 0;
    %assign/v0 v0x1a12530_0, 0, 0;
    %ix/load 0, 1, 0;
    %assign/v0 v0x1a11d00_0, 0, 0;
    %ix/load 0, 1, 0;
    %assign/v0 v0x1a12270_0, 0, 0;
    %ix/load 0, 1, 0;
    %assign/v0 v0x1a12e20_0, 0, 0;
    %ix/load 0, 1, 0;
    %assign/v0 v0x1a11ac0_0, 0, 0;
    %ix/load 0, 1, 0;
    %assign/v0 v0x1a12830_0, 0, 0;
    %ix/load 0, 1, 0;
    %assign/v0 v0x1a12650_0, 0, 0;
    %ix/load 0, 1, 0;
    %assign/v0 v0x1a11c50_0, 0, 0;
    %ix/load 0, 1, 0;
    %assign/v0 v0x1a11ee0_0, 0, 0;
    %ix/load 0, 1, 0;
    %assign/v0 v0x1a129a0_0, 0, 0;
    %ix/load 0, 1, 0;
    %assign/v0 v0x1a120f0_0, 0, 0;
    %ix/load 0, 1, 0;
    %assign/v0 v0x1a12fa0_0, 0, 0;
    %ix/load 0, 1, 0;
    %assign/v0 v0x1a128e0_0, 0, 0;
    %jmp T_2.7;
T_2.3 ;
    %load/v 8, v0x1a123d0_0, 4;
    %cmpi/u 8, 7, 4;
    %jmp/1 T_2.11, 6;
    %cmpi/u 8, 3, 4;
    %jmp/1 T_2.12, 6;
    %cmpi/u 8, 1, 4;
    %jmp/1 T_2.13, 6;
    %cmpi/u 8, 2, 4;
    %jmp/1 T_2.14, 6;
    %cmpi/u 8, 8, 4;
    %jmp/1 T_2.15, 6;
    %cmpi/u 8, 6, 4;
    %jmp/1 T_2.16, 6;
    %cmpi/u 8, 9, 4;
    %jmp/1 T_2.17, 6;
    %cmpi/u 8, 10, 4;
    %jmp/1 T_2.18, 6;
    %cmpi/u 8, 15, 4;
    %jmp/1 T_2.19, 6;
    %cmpi/u 8, 4, 4;
    %jmp/1 T_2.20, 6;
    %jmp T_2.21;
T_2.11 ;
    %ix/load 0, 1, 0;
    %assign/v0 v0x1a11b70_0, 0, 0;
    %ix/load 0, 1, 0;
    %assign/v0 v0x1a12040_0, 0, 0;
    %ix/load 0, 1, 0;
    %assign/v0 v0x1a12cb0_0, 0, 0;
    %ix/load 0, 1, 0;
    %assign/v0 v0x1a12a50_0, 0, 1;
    %ix/load 0, 1, 0;
    %assign/v0 v0x1a11a10_0, 0, 0;
    %ix/load 0, 1, 0;
    %assign/v0 v0x1a11940_0, 0, 0;
    %ix/load 0, 1, 0;
    %assign/v0 v0x1a12b20_0, 0, 0;
    %ix/load 0, 1, 0;
    %assign/v0 v0x1a11f90_0, 0, 1;
    %ix/load 0, 1, 0;
    %assign/v0 v0x1a126d0_0, 0, 0;
    %ix/load 0, 1, 0;
    %assign/v0 v0x1a125b0_0, 0, 0;
    %ix/load 0, 1, 0;
    %assign/v0 v0x1a11d80_0, 0, 0;
    %ix/load 0, 1, 0;
    %assign/v0 v0x1a12ea0_0, 0, 0;
    %ix/load 0, 1, 0;
    %assign/v0 v0x1a121f0_0, 0, 0;
    %ix/load 0, 1, 0;
    %assign/v0 v0x1a12780_0, 0, 0;
    %ix/load 0, 1, 0;
    %assign/v0 v0x1a11e30_0, 0, 0;
    %ix/load 0, 1, 0;
    %assign/v0 v0x1a12bd0_0, 0, 0;
    %ix/load 0, 1, 0;
    %assign/v0 v0x1a12d30_0, 0, 0;
    %ix/load 0, 1, 0;
    %assign/v0 v0x1a12170_0, 0, 0;
    %ix/load 0, 1, 0;
    %assign/v0 v0x1a12530_0, 0, 0;
    %ix/load 0, 1, 0;
    %assign/v0 v0x1a11d00_0, 0, 0;
    %ix/load 0, 1, 0;
    %assign/v0 v0x1a12270_0, 0, 0;
    %ix/load 0, 1, 0;
    %assign/v0 v0x1a12e20_0, 0, 0;
    %ix/load 0, 1, 0;
    %assign/v0 v0x1a11ac0_0, 0, 0;
    %ix/load 0, 1, 0;
    %assign/v0 v0x1a12830_0, 0, 0;
    %ix/load 0, 1, 0;
    %assign/v0 v0x1a12650_0, 0, 0;
    %ix/load 0, 1, 0;
    %assign/v0 v0x1a11c50_0, 0, 0;
    %ix/load 0, 1, 0;
    %assign/v0 v0x1a11ee0_0, 0, 0;
    %ix/load 0, 1, 0;
    %assign/v0 v0x1a129a0_0, 0, 0;
    %ix/load 0, 1, 0;
    %assign/v0 v0x1a120f0_0, 0, 0;
    %ix/load 0, 1, 0;
    %assign/v0 v0x1a12fa0_0, 0, 0;
    %ix/load 0, 1, 0;
    %assign/v0 v0x1a128e0_0, 0, 0;
    %jmp T_2.21;
T_2.12 ;
    %ix/load 0, 1, 0;
    %assign/v0 v0x1a11b70_0, 0, 0;
    %ix/load 0, 1, 0;
    %assign/v0 v0x1a12040_0, 0, 0;
    %ix/load 0, 1, 0;
    %assign/v0 v0x1a12cb0_0, 0, 0;
    %ix/load 0, 1, 0;
    %assign/v0 v0x1a12a50_0, 0, 0;
    %ix/load 0, 1, 0;
    %assign/v0 v0x1a11a10_0, 0, 0;
    %ix/load 0, 1, 0;
    %assign/v0 v0x1a11940_0, 0, 0;
    %ix/load 0, 1, 0;
    %assign/v0 v0x1a12b20_0, 0, 0;
    %ix/load 0, 1, 0;
    %assign/v0 v0x1a11f90_0, 0, 0;
    %ix/load 0, 1, 0;
    %assign/v0 v0x1a126d0_0, 0, 0;
    %ix/load 0, 1, 0;
    %assign/v0 v0x1a125b0_0, 0, 0;
    %ix/load 0, 1, 0;
    %assign/v0 v0x1a11d80_0, 0, 1;
    %ix/load 0, 1, 0;
    %assign/v0 v0x1a12ea0_0, 0, 0;
    %ix/load 0, 1, 0;
    %assign/v0 v0x1a121f0_0, 0, 0;
    %ix/load 0, 1, 0;
    %assign/v0 v0x1a12780_0, 0, 0;
    %ix/load 0, 1, 0;
    %assign/v0 v0x1a11e30_0, 0, 0;
    %ix/load 0, 1, 0;
    %assign/v0 v0x1a12bd0_0, 0, 0;
    %ix/load 0, 1, 0;
    %assign/v0 v0x1a12d30_0, 0, 1;
    %ix/load 0, 1, 0;
    %assign/v0 v0x1a12170_0, 0, 0;
    %ix/load 0, 1, 0;
    %assign/v0 v0x1a12530_0, 0, 0;
    %ix/load 0, 1, 0;
    %assign/v0 v0x1a11d00_0, 0, 0;
    %ix/load 0, 1, 0;
    %assign/v0 v0x1a12270_0, 0, 0;
    %ix/load 0, 1, 0;
    %assign/v0 v0x1a12e20_0, 0, 0;
    %ix/load 0, 1, 0;
    %assign/v0 v0x1a11ac0_0, 0, 0;
    %ix/load 0, 1, 0;
    %assign/v0 v0x1a12830_0, 0, 0;
    %ix/load 0, 1, 0;
    %assign/v0 v0x1a12650_0, 0, 0;
    %ix/load 0, 1, 0;
    %assign/v0 v0x1a11c50_0, 0, 0;
    %ix/load 0, 1, 0;
    %assign/v0 v0x1a11ee0_0, 0, 0;
    %ix/load 0, 1, 0;
    %assign/v0 v0x1a129a0_0, 0, 0;
    %ix/load 0, 1, 0;
    %assign/v0 v0x1a120f0_0, 0, 0;
    %ix/load 0, 1, 0;
    %assign/v0 v0x1a12fa0_0, 0, 0;
    %ix/load 0, 1, 0;
    %assign/v0 v0x1a128e0_0, 0, 0;
    %jmp T_2.21;
T_2.13 ;
    %ix/load 0, 1, 0;
    %assign/v0 v0x1a11b70_0, 0, 0;
    %ix/load 0, 1, 0;
    %assign/v0 v0x1a12040_0, 0, 0;
    %ix/load 0, 1, 0;
    %assign/v0 v0x1a12cb0_0, 0, 0;
    %ix/load 0, 1, 0;
    %assign/v0 v0x1a12a50_0, 0, 0;
    %ix/load 0, 1, 0;
    %assign/v0 v0x1a11a10_0, 0, 0;
    %ix/load 0, 1, 0;
    %assign/v0 v0x1a11940_0, 0, 0;
    %ix/load 0, 1, 0;
    %assign/v0 v0x1a12b20_0, 0, 0;
    %ix/load 0, 1, 0;
    %assign/v0 v0x1a11f90_0, 0, 0;
    %ix/load 0, 1, 0;
    %assign/v0 v0x1a126d0_0, 0, 0;
    %ix/load 0, 1, 0;
    %assign/v0 v0x1a125b0_0, 0, 0;
    %ix/load 0, 1, 0;
    %assign/v0 v0x1a11d80_0, 0, 0;
    %ix/load 0, 1, 0;
    %assign/v0 v0x1a12ea0_0, 0, 0;
    %ix/load 0, 1, 0;
    %assign/v0 v0x1a121f0_0, 0, 1;
    %ix/load 0, 1, 0;
    %assign/v0 v0x1a12780_0, 0, 0;
    %ix/load 0, 1, 0;
    %assign/v0 v0x1a11e30_0, 0, 0;
    %ix/load 0, 1, 0;
    %assign/v0 v0x1a12bd0_0, 0, 0;
    %ix/load 0, 1, 0;
    %assign/v0 v0x1a12d30_0, 0, 0;
    %ix/load 0, 1, 0;
    %assign/v0 v0x1a12170_0, 0, 0;
    %ix/load 0, 1, 0;
    %assign/v0 v0x1a12530_0, 0, 0;
    %ix/load 0, 1, 0;
    %assign/v0 v0x1a11d00_0, 0, 0;
    %ix/load 0, 1, 0;
    %assign/v0 v0x1a12270_0, 0, 0;
    %ix/load 0, 1, 0;
    %assign/v0 v0x1a12e20_0, 0, 0;
    %ix/load 0, 1, 0;
    %assign/v0 v0x1a11ac0_0, 0, 0;
    %ix/load 0, 1, 0;
    %assign/v0 v0x1a12830_0, 0, 0;
    %ix/load 0, 1, 0;
    %assign/v0 v0x1a12650_0, 0, 0;
    %ix/load 0, 1, 0;
    %assign/v0 v0x1a11c50_0, 0, 0;
    %ix/load 0, 1, 0;
    %assign/v0 v0x1a11ee0_0, 0, 0;
    %ix/load 0, 1, 0;
    %assign/v0 v0x1a129a0_0, 0, 0;
    %ix/load 0, 1, 0;
    %assign/v0 v0x1a120f0_0, 0, 0;
    %ix/load 0, 1, 0;
    %assign/v0 v0x1a12fa0_0, 0, 1;
    %ix/load 0, 1, 0;
    %assign/v0 v0x1a128e0_0, 0, 1;
    %jmp T_2.21;
T_2.14 ;
    %ix/load 0, 1, 0;
    %assign/v0 v0x1a11b70_0, 0, 0;
    %ix/load 0, 1, 0;
    %assign/v0 v0x1a12040_0, 0, 0;
    %ix/load 0, 1, 0;
    %assign/v0 v0x1a12cb0_0, 0, 0;
    %ix/load 0, 1, 0;
    %assign/v0 v0x1a12a50_0, 0, 0;
    %ix/load 0, 1, 0;
    %assign/v0 v0x1a11a10_0, 0, 0;
    %ix/load 0, 1, 0;
    %assign/v0 v0x1a11940_0, 0, 0;
    %ix/load 0, 1, 0;
    %assign/v0 v0x1a12b20_0, 0, 0;
    %ix/load 0, 1, 0;
    %assign/v0 v0x1a11f90_0, 0, 0;
    %ix/load 0, 1, 0;
    %assign/v0 v0x1a126d0_0, 0, 0;
    %ix/load 0, 1, 0;
    %assign/v0 v0x1a125b0_0, 0, 0;
    %ix/load 0, 1, 0;
    %assign/v0 v0x1a11d80_0, 0, 0;
    %ix/load 0, 1, 0;
    %assign/v0 v0x1a12ea0_0, 0, 0;
    %ix/load 0, 1, 0;
    %assign/v0 v0x1a121f0_0, 0, 1;
    %ix/load 0, 1, 0;
    %assign/v0 v0x1a12780_0, 0, 0;
    %ix/load 0, 1, 0;
    %assign/v0 v0x1a11e30_0, 0, 0;
    %ix/load 0, 1, 0;
    %assign/v0 v0x1a12bd0_0, 0, 0;
    %ix/load 0, 1, 0;
    %assign/v0 v0x1a12d30_0, 0, 0;
    %ix/load 0, 1, 0;
    %assign/v0 v0x1a12170_0, 0, 0;
    %ix/load 0, 1, 0;
    %assign/v0 v0x1a12530_0, 0, 0;
    %ix/load 0, 1, 0;
    %assign/v0 v0x1a11d00_0, 0, 0;
    %ix/load 0, 1, 0;
    %assign/v0 v0x1a12270_0, 0, 0;
    %ix/load 0, 1, 0;
    %assign/v0 v0x1a12e20_0, 0, 0;
    %ix/load 0, 1, 0;
    %assign/v0 v0x1a11ac0_0, 0, 0;
    %ix/load 0, 1, 0;
    %assign/v0 v0x1a12830_0, 0, 0;
    %ix/load 0, 1, 0;
    %assign/v0 v0x1a12650_0, 0, 0;
    %ix/load 0, 1, 0;
    %assign/v0 v0x1a11c50_0, 0, 0;
    %ix/load 0, 1, 0;
    %assign/v0 v0x1a11ee0_0, 0, 0;
    %ix/load 0, 1, 0;
    %assign/v0 v0x1a129a0_0, 0, 0;
    %ix/load 0, 1, 0;
    %assign/v0 v0x1a120f0_0, 0, 0;
    %ix/load 0, 1, 0;
    %assign/v0 v0x1a12fa0_0, 0, 1;
    %ix/load 0, 1, 0;
    %assign/v0 v0x1a128e0_0, 0, 1;
    %jmp T_2.21;
T_2.15 ;
    %ix/load 0, 1, 0;
    %assign/v0 v0x1a11b70_0, 0, 0;
    %ix/load 0, 1, 0;
    %assign/v0 v0x1a12040_0, 0, 0;
    %ix/load 0, 1, 0;
    %assign/v0 v0x1a12cb0_0, 0, 0;
    %ix/load 0, 1, 0;
    %assign/v0 v0x1a12a50_0, 0, 0;
    %ix/load 0, 1, 0;
    %assign/v0 v0x1a11a10_0, 0, 0;
    %ix/load 0, 1, 0;
    %assign/v0 v0x1a11940_0, 0, 0;
    %ix/load 0, 1, 0;
    %assign/v0 v0x1a12b20_0, 0, 0;
    %ix/load 0, 1, 0;
    %assign/v0 v0x1a11f90_0, 0, 0;
    %ix/load 0, 1, 0;
    %assign/v0 v0x1a126d0_0, 0, 0;
    %ix/load 0, 1, 0;
    %assign/v0 v0x1a125b0_0, 0, 0;
    %ix/load 0, 1, 0;
    %assign/v0 v0x1a11d80_0, 0, 0;
    %ix/load 0, 1, 0;
    %assign/v0 v0x1a12ea0_0, 0, 0;
    %ix/load 0, 1, 0;
    %assign/v0 v0x1a121f0_0, 0, 1;
    %ix/load 0, 1, 0;
    %assign/v0 v0x1a12780_0, 0, 0;
    %ix/load 0, 1, 0;
    %assign/v0 v0x1a11e30_0, 0, 0;
    %ix/load 0, 1, 0;
    %assign/v0 v0x1a12bd0_0, 0, 0;
    %ix/load 0, 1, 0;
    %assign/v0 v0x1a12d30_0, 0, 0;
    %ix/load 0, 1, 0;
    %assign/v0 v0x1a12170_0, 0, 0;
    %ix/load 0, 1, 0;
    %assign/v0 v0x1a12530_0, 0, 0;
    %ix/load 0, 1, 0;
    %assign/v0 v0x1a11d00_0, 0, 0;
    %ix/load 0, 1, 0;
    %assign/v0 v0x1a12270_0, 0, 0;
    %ix/load 0, 1, 0;
    %assign/v0 v0x1a12e20_0, 0, 0;
    %ix/load 0, 1, 0;
    %assign/v0 v0x1a11ac0_0, 0, 0;
    %ix/load 0, 1, 0;
    %assign/v0 v0x1a12830_0, 0, 0;
    %ix/load 0, 1, 0;
    %assign/v0 v0x1a12650_0, 0, 0;
    %ix/load 0, 1, 0;
    %assign/v0 v0x1a11c50_0, 0, 0;
    %ix/load 0, 1, 0;
    %assign/v0 v0x1a11ee0_0, 0, 0;
    %ix/load 0, 1, 0;
    %assign/v0 v0x1a129a0_0, 0, 0;
    %ix/load 0, 1, 0;
    %assign/v0 v0x1a120f0_0, 0, 0;
    %ix/load 0, 1, 0;
    %assign/v0 v0x1a12fa0_0, 0, 1;
    %ix/load 0, 1, 0;
    %assign/v0 v0x1a128e0_0, 0, 1;
    %jmp T_2.21;
T_2.16 ;
    %ix/load 0, 1, 0;
    %assign/v0 v0x1a11b70_0, 0, 0;
    %ix/load 0, 1, 0;
    %assign/v0 v0x1a12040_0, 0, 0;
    %ix/load 0, 1, 0;
    %assign/v0 v0x1a12cb0_0, 0, 0;
    %ix/load 0, 1, 0;
    %assign/v0 v0x1a12a50_0, 0, 1;
    %ix/load 0, 1, 0;
    %assign/v0 v0x1a11a10_0, 0, 0;
    %ix/load 0, 1, 0;
    %assign/v0 v0x1a11940_0, 0, 0;
    %ix/load 0, 1, 0;
    %assign/v0 v0x1a12b20_0, 0, 0;
    %ix/load 0, 1, 0;
    %assign/v0 v0x1a11f90_0, 0, 1;
    %ix/load 0, 1, 0;
    %assign/v0 v0x1a126d0_0, 0, 0;
    %ix/load 0, 1, 0;
    %assign/v0 v0x1a125b0_0, 0, 0;
    %ix/load 0, 1, 0;
    %assign/v0 v0x1a11d80_0, 0, 0;
    %ix/load 0, 1, 0;
    %assign/v0 v0x1a12ea0_0, 0, 0;
    %ix/load 0, 1, 0;
    %assign/v0 v0x1a121f0_0, 0, 0;
    %ix/load 0, 1, 0;
    %assign/v0 v0x1a12780_0, 0, 0;
    %ix/load 0, 1, 0;
    %assign/v0 v0x1a11e30_0, 0, 0;
    %ix/load 0, 1, 0;
    %assign/v0 v0x1a12bd0_0, 0, 0;
    %ix/load 0, 1, 0;
    %assign/v0 v0x1a12d30_0, 0, 0;
    %ix/load 0, 1, 0;
    %assign/v0 v0x1a12170_0, 0, 0;
    %ix/load 0, 1, 0;
    %assign/v0 v0x1a12530_0, 0, 0;
    %ix/load 0, 1, 0;
    %assign/v0 v0x1a11d00_0, 0, 0;
    %ix/load 0, 1, 0;
    %assign/v0 v0x1a12270_0, 0, 0;
    %ix/load 0, 1, 0;
    %assign/v0 v0x1a12e20_0, 0, 0;
    %ix/load 0, 1, 0;
    %assign/v0 v0x1a11ac0_0, 0, 0;
    %ix/load 0, 1, 0;
    %assign/v0 v0x1a12830_0, 0, 0;
    %ix/load 0, 1, 0;
    %assign/v0 v0x1a12650_0, 0, 0;
    %ix/load 0, 1, 0;
    %assign/v0 v0x1a11c50_0, 0, 0;
    %ix/load 0, 1, 0;
    %assign/v0 v0x1a11ee0_0, 0, 0;
    %ix/load 0, 1, 0;
    %assign/v0 v0x1a129a0_0, 0, 0;
    %ix/load 0, 1, 0;
    %assign/v0 v0x1a120f0_0, 0, 0;
    %ix/load 0, 1, 0;
    %assign/v0 v0x1a12fa0_0, 0, 0;
    %ix/load 0, 1, 0;
    %assign/v0 v0x1a128e0_0, 0, 0;
    %jmp T_2.21;
T_2.17 ;
    %ix/load 0, 1, 0;
    %assign/v0 v0x1a11b70_0, 0, 0;
    %ix/load 0, 1, 0;
    %assign/v0 v0x1a12040_0, 0, 0;
    %ix/load 0, 1, 0;
    %assign/v0 v0x1a12cb0_0, 0, 0;
    %ix/load 0, 1, 0;
    %assign/v0 v0x1a12a50_0, 0, 1;
    %ix/load 0, 1, 0;
    %assign/v0 v0x1a11a10_0, 0, 0;
    %ix/load 0, 1, 0;
    %assign/v0 v0x1a11940_0, 0, 0;
    %ix/load 0, 1, 0;
    %assign/v0 v0x1a12b20_0, 0, 0;
    %ix/load 0, 1, 0;
    %assign/v0 v0x1a11f90_0, 0, 1;
    %ix/load 0, 1, 0;
    %assign/v0 v0x1a126d0_0, 0, 0;
    %ix/load 0, 1, 0;
    %assign/v0 v0x1a125b0_0, 0, 0;
    %ix/load 0, 1, 0;
    %assign/v0 v0x1a11d80_0, 0, 0;
    %ix/load 0, 1, 0;
    %assign/v0 v0x1a12ea0_0, 0, 0;
    %ix/load 0, 1, 0;
    %assign/v0 v0x1a121f0_0, 0, 0;
    %ix/load 0, 1, 0;
    %assign/v0 v0x1a12780_0, 0, 0;
    %ix/load 0, 1, 0;
    %assign/v0 v0x1a11e30_0, 0, 0;
    %ix/load 0, 1, 0;
    %assign/v0 v0x1a12bd0_0, 0, 0;
    %ix/load 0, 1, 0;
    %assign/v0 v0x1a12d30_0, 0, 0;
    %ix/load 0, 1, 0;
    %assign/v0 v0x1a12170_0, 0, 0;
    %ix/load 0, 1, 0;
    %assign/v0 v0x1a12530_0, 0, 0;
    %ix/load 0, 1, 0;
    %assign/v0 v0x1a11d00_0, 0, 0;
    %ix/load 0, 1, 0;
    %assign/v0 v0x1a12270_0, 0, 0;
    %ix/load 0, 1, 0;
    %assign/v0 v0x1a12e20_0, 0, 0;
    %ix/load 0, 1, 0;
    %assign/v0 v0x1a11ac0_0, 0, 0;
    %ix/load 0, 1, 0;
    %assign/v0 v0x1a12830_0, 0, 0;
    %ix/load 0, 1, 0;
    %assign/v0 v0x1a12650_0, 0, 0;
    %ix/load 0, 1, 0;
    %assign/v0 v0x1a11c50_0, 0, 0;
    %ix/load 0, 1, 0;
    %assign/v0 v0x1a11ee0_0, 0, 0;
    %ix/load 0, 1, 0;
    %assign/v0 v0x1a129a0_0, 0, 0;
    %ix/load 0, 1, 0;
    %assign/v0 v0x1a120f0_0, 0, 0;
    %ix/load 0, 1, 0;
    %assign/v0 v0x1a12fa0_0, 0, 1;
    %ix/load 0, 1, 0;
    %assign/v0 v0x1a128e0_0, 0, 1;
    %jmp T_2.21;
T_2.18 ;
    %ix/load 0, 1, 0;
    %assign/v0 v0x1a11b70_0, 0, 0;
    %ix/load 0, 1, 0;
    %assign/v0 v0x1a12040_0, 0, 0;
    %ix/load 0, 1, 0;
    %assign/v0 v0x1a12cb0_0, 0, 0;
    %ix/load 0, 1, 0;
    %assign/v0 v0x1a12a50_0, 0, 0;
    %ix/load 0, 1, 0;
    %assign/v0 v0x1a11a10_0, 0, 0;
    %ix/load 0, 1, 0;
    %assign/v0 v0x1a11940_0, 0, 0;
    %ix/load 0, 1, 0;
    %assign/v0 v0x1a12b20_0, 0, 0;
    %ix/load 0, 1, 0;
    %assign/v0 v0x1a11f90_0, 0, 0;
    %ix/load 0, 1, 0;
    %assign/v0 v0x1a126d0_0, 0, 0;
    %ix/load 0, 1, 0;
    %assign/v0 v0x1a125b0_0, 0, 0;
    %ix/load 0, 1, 0;
    %assign/v0 v0x1a11d80_0, 0, 0;
    %ix/load 0, 1, 0;
    %assign/v0 v0x1a12ea0_0, 0, 0;
    %ix/load 0, 1, 0;
    %assign/v0 v0x1a121f0_0, 0, 0;
    %ix/load 0, 1, 0;
    %assign/v0 v0x1a12780_0, 0, 0;
    %ix/load 0, 1, 0;
    %assign/v0 v0x1a11e30_0, 0, 0;
    %ix/load 0, 1, 0;
    %assign/v0 v0x1a12bd0_0, 0, 0;
    %ix/load 0, 1, 0;
    %assign/v0 v0x1a12d30_0, 0, 0;
    %ix/load 0, 1, 0;
    %assign/v0 v0x1a12170_0, 0, 0;
    %ix/load 0, 1, 0;
    %assign/v0 v0x1a12530_0, 0, 0;
    %ix/load 0, 1, 0;
    %assign/v0 v0x1a11d00_0, 0, 0;
    %ix/load 0, 1, 0;
    %assign/v0 v0x1a12270_0, 0, 0;
    %ix/load 0, 1, 0;
    %assign/v0 v0x1a12e20_0, 0, 0;
    %ix/load 0, 1, 0;
    %assign/v0 v0x1a11ac0_0, 0, 0;
    %ix/load 0, 1, 0;
    %assign/v0 v0x1a12830_0, 0, 0;
    %ix/load 0, 1, 0;
    %assign/v0 v0x1a12650_0, 0, 1;
    %ix/load 0, 1, 0;
    %assign/v0 v0x1a11c50_0, 0, 1;
    %ix/load 0, 1, 0;
    %assign/v0 v0x1a11ee0_0, 0, 0;
    %ix/load 0, 1, 0;
    %assign/v0 v0x1a129a0_0, 0, 0;
    %ix/load 0, 1, 0;
    %assign/v0 v0x1a120f0_0, 0, 0;
    %ix/load 0, 1, 0;
    %assign/v0 v0x1a12fa0_0, 0, 0;
    %ix/load 0, 1, 0;
    %assign/v0 v0x1a128e0_0, 0, 0;
    %jmp T_2.21;
T_2.19 ;
    %ix/load 0, 1, 0;
    %assign/v0 v0x1a11b70_0, 0, 0;
    %ix/load 0, 1, 0;
    %assign/v0 v0x1a12040_0, 0, 0;
    %ix/load 0, 1, 0;
    %assign/v0 v0x1a12cb0_0, 0, 0;
    %ix/load 0, 1, 0;
    %assign/v0 v0x1a12a50_0, 0, 0;
    %ix/load 0, 1, 0;
    %assign/v0 v0x1a11a10_0, 0, 0;
    %ix/load 0, 1, 0;
    %assign/v0 v0x1a11940_0, 0, 0;
    %ix/load 0, 1, 0;
    %assign/v0 v0x1a12b20_0, 0, 0;
    %ix/load 0, 1, 0;
    %assign/v0 v0x1a11f90_0, 0, 0;
    %ix/load 0, 1, 0;
    %assign/v0 v0x1a126d0_0, 0, 0;
    %ix/load 0, 1, 0;
    %assign/v0 v0x1a125b0_0, 0, 0;
    %ix/load 0, 1, 0;
    %assign/v0 v0x1a11d80_0, 0, 0;
    %ix/load 0, 1, 0;
    %assign/v0 v0x1a12ea0_0, 0, 0;
    %ix/load 0, 1, 0;
    %assign/v0 v0x1a121f0_0, 0, 0;
    %ix/load 0, 1, 0;
    %assign/v0 v0x1a12780_0, 0, 0;
    %ix/load 0, 1, 0;
    %assign/v0 v0x1a11e30_0, 0, 0;
    %ix/load 0, 1, 0;
    %assign/v0 v0x1a12bd0_0, 0, 0;
    %ix/load 0, 1, 0;
    %assign/v0 v0x1a12d30_0, 0, 0;
    %ix/load 0, 1, 0;
    %assign/v0 v0x1a12170_0, 0, 0;
    %ix/load 0, 1, 0;
    %assign/v0 v0x1a12530_0, 0, 0;
    %ix/load 0, 1, 0;
    %assign/v0 v0x1a11d00_0, 0, 0;
    %ix/load 0, 1, 0;
    %assign/v0 v0x1a12270_0, 0, 0;
    %ix/load 0, 1, 0;
    %assign/v0 v0x1a12e20_0, 0, 0;
    %ix/load 0, 1, 0;
    %assign/v0 v0x1a11ac0_0, 0, 0;
    %ix/load 0, 1, 0;
    %assign/v0 v0x1a12830_0, 0, 0;
    %ix/load 0, 1, 0;
    %assign/v0 v0x1a12650_0, 0, 0;
    %ix/load 0, 1, 0;
    %assign/v0 v0x1a11c50_0, 0, 0;
    %ix/load 0, 1, 0;
    %assign/v0 v0x1a12320_0, 0, 1;
    %ix/load 0, 1, 0;
    %assign/v0 v0x1a11ee0_0, 0, 0;
    %ix/load 0, 1, 0;
    %assign/v0 v0x1a129a0_0, 0, 0;
    %ix/load 0, 1, 0;
    %assign/v0 v0x1a120f0_0, 0, 0;
    %ix/load 0, 1, 0;
    %assign/v0 v0x1a12fa0_0, 0, 0;
    %ix/load 0, 1, 0;
    %assign/v0 v0x1a128e0_0, 0, 0;
    %jmp T_2.21;
T_2.20 ;
    %ix/load 0, 1, 0;
    %assign/v0 v0x1a11b70_0, 0, 0;
    %ix/load 0, 1, 0;
    %assign/v0 v0x1a12040_0, 0, 0;
    %ix/load 0, 1, 0;
    %assign/v0 v0x1a12cb0_0, 0, 0;
    %ix/load 0, 1, 0;
    %assign/v0 v0x1a12a50_0, 0, 0;
    %ix/load 0, 1, 0;
    %assign/v0 v0x1a11a10_0, 0, 0;
    %ix/load 0, 1, 0;
    %assign/v0 v0x1a11940_0, 0, 0;
    %ix/load 0, 1, 0;
    %assign/v0 v0x1a12b20_0, 0, 0;
    %ix/load 0, 1, 0;
    %assign/v0 v0x1a11f90_0, 0, 0;
    %ix/load 0, 1, 0;
    %assign/v0 v0x1a126d0_0, 0, 0;
    %ix/load 0, 1, 0;
    %assign/v0 v0x1a125b0_0, 0, 0;
    %ix/load 0, 1, 0;
    %assign/v0 v0x1a11d80_0, 0, 0;
    %ix/load 0, 1, 0;
    %assign/v0 v0x1a12ea0_0, 0, 0;
    %ix/load 0, 1, 0;
    %assign/v0 v0x1a121f0_0, 0, 0;
    %ix/load 0, 1, 0;
    %assign/v0 v0x1a12780_0, 0, 0;
    %ix/load 0, 1, 0;
    %assign/v0 v0x1a11e30_0, 0, 0;
    %ix/load 0, 1, 0;
    %assign/v0 v0x1a12bd0_0, 0, 0;
    %ix/load 0, 1, 0;
    %assign/v0 v0x1a12d30_0, 0, 0;
    %ix/load 0, 1, 0;
    %assign/v0 v0x1a12170_0, 0, 0;
    %ix/load 0, 1, 0;
    %assign/v0 v0x1a12530_0, 0, 0;
    %ix/load 0, 1, 0;
    %assign/v0 v0x1a11d00_0, 0, 0;
    %ix/load 0, 1, 0;
    %assign/v0 v0x1a12270_0, 0, 0;
    %ix/load 0, 1, 0;
    %assign/v0 v0x1a12e20_0, 0, 0;
    %ix/load 0, 1, 0;
    %assign/v0 v0x1a11ac0_0, 0, 0;
    %ix/load 0, 1, 0;
    %assign/v0 v0x1a12830_0, 0, 0;
    %ix/load 0, 1, 0;
    %assign/v0 v0x1a12650_0, 0, 1;
    %ix/load 0, 1, 0;
    %assign/v0 v0x1a11c50_0, 0, 1;
    %ix/load 0, 1, 0;
    %assign/v0 v0x1a11ee0_0, 0, 1;
    %ix/load 0, 1, 0;
    %assign/v0 v0x1a129a0_0, 0, 1;
    %ix/load 0, 1, 0;
    %assign/v0 v0x1a120f0_0, 0, 0;
    %ix/load 0, 1, 0;
    %assign/v0 v0x1a12fa0_0, 0, 0;
    %ix/load 0, 1, 0;
    %assign/v0 v0x1a128e0_0, 0, 0;
    %jmp T_2.21;
T_2.21 ;
    %jmp T_2.7;
T_2.4 ;
    %load/v 8, v0x1a123d0_0, 4;
    %cmpi/u 8, 7, 4;
    %jmp/1 T_2.22, 6;
    %cmpi/u 8, 3, 4;
    %jmp/1 T_2.23, 6;
    %cmpi/u 8, 1, 4;
    %jmp/1 T_2.24, 6;
    %cmpi/u 8, 2, 4;
    %jmp/1 T_2.25, 6;
    %cmpi/u 8, 8, 4;
    %jmp/1 T_2.26, 6;
    %cmpi/u 8, 6, 4;
    %jmp/1 T_2.27, 6;
    %cmpi/u 8, 9, 4;
    %jmp/1 T_2.28, 6;
    %cmpi/u 8, 10, 4;
    %jmp/1 T_2.29, 6;
    %cmpi/u 8, 15, 4;
    %jmp/1 T_2.30, 6;
    %cmpi/u 8, 4, 4;
    %jmp/1 T_2.31, 6;
    %jmp T_2.32;
T_2.22 ;
    %ix/load 0, 1, 0;
    %assign/v0 v0x1a11b70_0, 0, 0;
    %ix/load 0, 1, 0;
    %assign/v0 v0x1a12040_0, 0, 0;
    %ix/load 0, 1, 0;
    %assign/v0 v0x1a12cb0_0, 0, 0;
    %ix/load 0, 1, 0;
    %assign/v0 v0x1a12a50_0, 0, 0;
    %ix/load 0, 1, 0;
    %assign/v0 v0x1a11a10_0, 0, 0;
    %ix/load 0, 1, 0;
    %assign/v0 v0x1a11940_0, 0, 1;
    %ix/load 0, 1, 0;
    %assign/v0 v0x1a12b20_0, 0, 0;
    %ix/load 0, 1, 0;
    %assign/v0 v0x1a11f90_0, 0, 0;
    %ix/load 0, 1, 0;
    %assign/v0 v0x1a126d0_0, 0, 1;
    %ix/load 0, 1, 0;
    %assign/v0 v0x1a125b0_0, 0, 0;
    %ix/load 0, 1, 0;
    %assign/v0 v0x1a11d80_0, 0, 0;
    %ix/load 0, 1, 0;
    %assign/v0 v0x1a12ea0_0, 0, 0;
    %ix/load 0, 1, 0;
    %assign/v0 v0x1a121f0_0, 0, 0;
    %ix/load 0, 1, 0;
    %assign/v0 v0x1a12780_0, 0, 0;
    %ix/load 0, 1, 0;
    %assign/v0 v0x1a11e30_0, 0, 0;
    %ix/load 0, 1, 0;
    %assign/v0 v0x1a12bd0_0, 0, 0;
    %ix/load 0, 1, 0;
    %assign/v0 v0x1a12d30_0, 0, 0;
    %ix/load 0, 1, 0;
    %assign/v0 v0x1a12170_0, 0, 0;
    %ix/load 0, 1, 0;
    %assign/v0 v0x1a12530_0, 0, 0;
    %ix/load 0, 1, 0;
    %assign/v0 v0x1a11d00_0, 0, 0;
    %ix/load 0, 1, 0;
    %assign/v0 v0x1a12270_0, 0, 0;
    %ix/load 0, 1, 0;
    %assign/v0 v0x1a12e20_0, 0, 0;
    %ix/load 0, 1, 0;
    %assign/v0 v0x1a11ac0_0, 0, 0;
    %ix/load 0, 1, 0;
    %assign/v0 v0x1a12830_0, 0, 0;
    %ix/load 0, 1, 0;
    %assign/v0 v0x1a12650_0, 0, 0;
    %ix/load 0, 1, 0;
    %assign/v0 v0x1a11c50_0, 0, 0;
    %ix/load 0, 1, 0;
    %assign/v0 v0x1a11ee0_0, 0, 0;
    %ix/load 0, 1, 0;
    %assign/v0 v0x1a129a0_0, 0, 0;
    %ix/load 0, 1, 0;
    %assign/v0 v0x1a120f0_0, 0, 0;
    %ix/load 0, 1, 0;
    %assign/v0 v0x1a12fa0_0, 0, 0;
    %ix/load 0, 1, 0;
    %assign/v0 v0x1a128e0_0, 0, 0;
    %jmp T_2.32;
T_2.23 ;
    %ix/load 0, 1, 0;
    %assign/v0 v0x1a11b70_0, 0, 0;
    %ix/load 0, 1, 0;
    %assign/v0 v0x1a12040_0, 0, 0;
    %ix/load 0, 1, 0;
    %assign/v0 v0x1a12cb0_0, 0, 0;
    %ix/load 0, 1, 0;
    %assign/v0 v0x1a12a50_0, 0, 0;
    %ix/load 0, 1, 0;
    %assign/v0 v0x1a11a10_0, 0, 0;
    %ix/load 0, 1, 0;
    %assign/v0 v0x1a11940_0, 0, 0;
    %ix/load 0, 1, 0;
    %assign/v0 v0x1a12b20_0, 0, 0;
    %ix/load 0, 1, 0;
    %assign/v0 v0x1a11f90_0, 0, 0;
    %ix/load 0, 1, 0;
    %assign/v0 v0x1a126d0_0, 0, 0;
    %ix/load 0, 1, 0;
    %assign/v0 v0x1a125b0_0, 0, 1;
    %ix/load 0, 1, 0;
    %assign/v0 v0x1a11d80_0, 0, 0;
    %ix/load 0, 1, 0;
    %assign/v0 v0x1a12ea0_0, 0, 0;
    %ix/load 0, 1, 0;
    %assign/v0 v0x1a121f0_0, 0, 0;
    %ix/load 0, 1, 0;
    %assign/v0 v0x1a12780_0, 0, 0;
    %ix/load 0, 1, 0;
    %assign/v0 v0x1a11e30_0, 0, 1;
    %ix/load 0, 1, 0;
    %assign/v0 v0x1a12bd0_0, 0, 0;
    %ix/load 0, 1, 0;
    %assign/v0 v0x1a12d30_0, 0, 0;
    %ix/load 0, 1, 0;
    %assign/v0 v0x1a12170_0, 0, 0;
    %ix/load 0, 1, 0;
    %assign/v0 v0x1a12530_0, 0, 0;
    %ix/load 0, 1, 0;
    %assign/v0 v0x1a11d00_0, 0, 0;
    %ix/load 0, 1, 0;
    %assign/v0 v0x1a12270_0, 0, 0;
    %ix/load 0, 1, 0;
    %assign/v0 v0x1a12e20_0, 0, 0;
    %ix/load 0, 1, 0;
    %assign/v0 v0x1a11ac0_0, 0, 0;
    %ix/load 0, 1, 0;
    %assign/v0 v0x1a12830_0, 0, 0;
    %ix/load 0, 1, 0;
    %assign/v0 v0x1a12650_0, 0, 0;
    %ix/load 0, 1, 0;
    %assign/v0 v0x1a11c50_0, 0, 0;
    %ix/load 0, 1, 0;
    %assign/v0 v0x1a11ee0_0, 0, 0;
    %ix/load 0, 1, 0;
    %assign/v0 v0x1a129a0_0, 0, 0;
    %ix/load 0, 1, 0;
    %assign/v0 v0x1a120f0_0, 0, 0;
    %ix/load 0, 1, 0;
    %assign/v0 v0x1a12fa0_0, 0, 0;
    %ix/load 0, 1, 0;
    %assign/v0 v0x1a128e0_0, 0, 0;
    %jmp T_2.32;
T_2.24 ;
    %ix/load 0, 1, 0;
    %assign/v0 v0x1a11b70_0, 0, 0;
    %ix/load 0, 1, 0;
    %assign/v0 v0x1a12040_0, 0, 0;
    %ix/load 0, 1, 0;
    %assign/v0 v0x1a12cb0_0, 0, 0;
    %ix/load 0, 1, 0;
    %assign/v0 v0x1a12a50_0, 0, 0;
    %ix/load 0, 1, 0;
    %assign/v0 v0x1a11a10_0, 0, 0;
    %ix/load 0, 1, 0;
    %assign/v0 v0x1a11940_0, 0, 0;
    %ix/load 0, 1, 0;
    %assign/v0 v0x1a12b20_0, 0, 0;
    %ix/load 0, 1, 0;
    %assign/v0 v0x1a11f90_0, 0, 0;
    %ix/load 0, 1, 0;
    %assign/v0 v0x1a126d0_0, 0, 0;
    %ix/load 0, 1, 0;
    %assign/v0 v0x1a125b0_0, 0, 0;
    %ix/load 0, 1, 0;
    %assign/v0 v0x1a11d80_0, 0, 0;
    %ix/load 0, 1, 0;
    %assign/v0 v0x1a12ea0_0, 0, 0;
    %ix/load 0, 1, 0;
    %assign/v0 v0x1a121f0_0, 0, 0;
    %ix/load 0, 1, 0;
    %assign/v0 v0x1a12780_0, 0, 0;
    %ix/load 0, 1, 0;
    %assign/v0 v0x1a11e30_0, 0, 0;
    %ix/load 0, 1, 0;
    %assign/v0 v0x1a12bd0_0, 0, 0;
    %ix/load 0, 1, 0;
    %assign/v0 v0x1a12d30_0, 0, 0;
    %ix/load 0, 1, 0;
    %assign/v0 v0x1a12170_0, 0, 0;
    %ix/load 0, 1, 0;
    %assign/v0 v0x1a12530_0, 0, 1;
    %ix/load 0, 1, 0;
    %assign/v0 v0x1a11d00_0, 0, 0;
    %ix/load 0, 1, 0;
    %assign/v0 v0x1a12270_0, 0, 0;
    %ix/load 0, 1, 0;
    %assign/v0 v0x1a12e20_0, 0, 0;
    %ix/load 0, 1, 0;
    %assign/v0 v0x1a11ac0_0, 0, 0;
    %ix/load 0, 1, 0;
    %assign/v0 v0x1a12830_0, 0, 0;
    %ix/load 0, 1, 0;
    %assign/v0 v0x1a12650_0, 0, 0;
    %ix/load 0, 1, 0;
    %assign/v0 v0x1a11c50_0, 0, 0;
    %ix/load 0, 1, 0;
    %assign/v0 v0x1a11ee0_0, 0, 0;
    %ix/load 0, 1, 0;
    %assign/v0 v0x1a129a0_0, 0, 0;
    %ix/load 0, 1, 0;
    %assign/v0 v0x1a120f0_0, 0, 0;
    %ix/load 0, 1, 0;
    %assign/v0 v0x1a12fa0_0, 0, 0;
    %ix/load 0, 1, 0;
    %assign/v0 v0x1a128e0_0, 0, 0;
    %jmp T_2.32;
T_2.25 ;
    %ix/load 0, 1, 0;
    %assign/v0 v0x1a11b70_0, 0, 0;
    %ix/load 0, 1, 0;
    %assign/v0 v0x1a12040_0, 0, 0;
    %ix/load 0, 1, 0;
    %assign/v0 v0x1a12cb0_0, 0, 0;
    %ix/load 0, 1, 0;
    %assign/v0 v0x1a12a50_0, 0, 0;
    %ix/load 0, 1, 0;
    %assign/v0 v0x1a11a10_0, 0, 0;
    %ix/load 0, 1, 0;
    %assign/v0 v0x1a11940_0, 0, 0;
    %ix/load 0, 1, 0;
    %assign/v0 v0x1a12b20_0, 0, 0;
    %ix/load 0, 1, 0;
    %assign/v0 v0x1a11f90_0, 0, 0;
    %ix/load 0, 1, 0;
    %assign/v0 v0x1a126d0_0, 0, 0;
    %ix/load 0, 1, 0;
    %assign/v0 v0x1a125b0_0, 0, 0;
    %ix/load 0, 1, 0;
    %assign/v0 v0x1a11d80_0, 0, 0;
    %ix/load 0, 1, 0;
    %assign/v0 v0x1a12ea0_0, 0, 0;
    %ix/load 0, 1, 0;
    %assign/v0 v0x1a121f0_0, 0, 0;
    %ix/load 0, 1, 0;
    %assign/v0 v0x1a12780_0, 0, 0;
    %ix/load 0, 1, 0;
    %assign/v0 v0x1a11e30_0, 0, 0;
    %ix/load 0, 1, 0;
    %assign/v0 v0x1a12bd0_0, 0, 0;
    %ix/load 0, 1, 0;
    %assign/v0 v0x1a12d30_0, 0, 0;
    %ix/load 0, 1, 0;
    %assign/v0 v0x1a12170_0, 0, 0;
    %ix/load 0, 1, 0;
    %assign/v0 v0x1a12530_0, 0, 1;
    %ix/load 0, 1, 0;
    %assign/v0 v0x1a11d00_0, 0, 0;
    %ix/load 0, 1, 0;
    %assign/v0 v0x1a12270_0, 0, 0;
    %ix/load 0, 1, 0;
    %assign/v0 v0x1a12e20_0, 0, 0;
    %ix/load 0, 1, 0;
    %assign/v0 v0x1a11ac0_0, 0, 0;
    %ix/load 0, 1, 0;
    %assign/v0 v0x1a12830_0, 0, 0;
    %ix/load 0, 1, 0;
    %assign/v0 v0x1a12650_0, 0, 0;
    %ix/load 0, 1, 0;
    %assign/v0 v0x1a11c50_0, 0, 0;
    %ix/load 0, 1, 0;
    %assign/v0 v0x1a11ee0_0, 0, 0;
    %ix/load 0, 1, 0;
    %assign/v0 v0x1a129a0_0, 0, 0;
    %ix/load 0, 1, 0;
    %assign/v0 v0x1a120f0_0, 0, 0;
    %ix/load 0, 1, 0;
    %assign/v0 v0x1a12fa0_0, 0, 0;
    %ix/load 0, 1, 0;
    %assign/v0 v0x1a128e0_0, 0, 0;
    %jmp T_2.32;
T_2.26 ;
    %ix/load 0, 1, 0;
    %assign/v0 v0x1a11b70_0, 0, 0;
    %ix/load 0, 1, 0;
    %assign/v0 v0x1a12040_0, 0, 0;
    %ix/load 0, 1, 0;
    %assign/v0 v0x1a12cb0_0, 0, 0;
    %ix/load 0, 1, 0;
    %assign/v0 v0x1a12a50_0, 0, 0;
    %ix/load 0, 1, 0;
    %assign/v0 v0x1a11a10_0, 0, 0;
    %ix/load 0, 1, 0;
    %assign/v0 v0x1a11940_0, 0, 0;
    %ix/load 0, 1, 0;
    %assign/v0 v0x1a12b20_0, 0, 0;
    %ix/load 0, 1, 0;
    %assign/v0 v0x1a11f90_0, 0, 0;
    %ix/load 0, 1, 0;
    %assign/v0 v0x1a126d0_0, 0, 0;
    %ix/load 0, 1, 0;
    %assign/v0 v0x1a125b0_0, 0, 0;
    %ix/load 0, 1, 0;
    %assign/v0 v0x1a11d80_0, 0, 0;
    %ix/load 0, 1, 0;
    %assign/v0 v0x1a12ea0_0, 0, 0;
    %ix/load 0, 1, 0;
    %assign/v0 v0x1a121f0_0, 0, 0;
    %ix/load 0, 1, 0;
    %assign/v0 v0x1a12780_0, 0, 0;
    %ix/load 0, 1, 0;
    %assign/v0 v0x1a11e30_0, 0, 0;
    %ix/load 0, 1, 0;
    %assign/v0 v0x1a12bd0_0, 0, 0;
    %ix/load 0, 1, 0;
    %assign/v0 v0x1a12d30_0, 0, 0;
    %ix/load 0, 1, 0;
    %assign/v0 v0x1a12170_0, 0, 0;
    %ix/load 0, 1, 0;
    %assign/v0 v0x1a12530_0, 0, 1;
    %ix/load 0, 1, 0;
    %assign/v0 v0x1a11d00_0, 0, 0;
    %ix/load 0, 1, 0;
    %assign/v0 v0x1a12270_0, 0, 0;
    %ix/load 0, 1, 0;
    %assign/v0 v0x1a12e20_0, 0, 0;
    %ix/load 0, 1, 0;
    %assign/v0 v0x1a11ac0_0, 0, 0;
    %ix/load 0, 1, 0;
    %assign/v0 v0x1a12830_0, 0, 0;
    %ix/load 0, 1, 0;
    %assign/v0 v0x1a12650_0, 0, 0;
    %ix/load 0, 1, 0;
    %assign/v0 v0x1a11c50_0, 0, 0;
    %ix/load 0, 1, 0;
    %assign/v0 v0x1a11ee0_0, 0, 0;
    %ix/load 0, 1, 0;
    %assign/v0 v0x1a129a0_0, 0, 0;
    %ix/load 0, 1, 0;
    %assign/v0 v0x1a120f0_0, 0, 0;
    %ix/load 0, 1, 0;
    %assign/v0 v0x1a12fa0_0, 0, 0;
    %ix/load 0, 1, 0;
    %assign/v0 v0x1a128e0_0, 0, 0;
    %jmp T_2.32;
T_2.27 ;
    %ix/load 0, 1, 0;
    %assign/v0 v0x1a11b70_0, 0, 0;
    %ix/load 0, 1, 0;
    %assign/v0 v0x1a12040_0, 0, 0;
    %ix/load 0, 1, 0;
    %assign/v0 v0x1a12cb0_0, 0, 0;
    %ix/load 0, 1, 0;
    %assign/v0 v0x1a12a50_0, 0, 0;
    %ix/load 0, 1, 0;
    %assign/v0 v0x1a11a10_0, 0, 0;
    %ix/load 0, 1, 0;
    %assign/v0 v0x1a11940_0, 0, 0;
    %ix/load 0, 1, 0;
    %assign/v0 v0x1a12b20_0, 0, 0;
    %ix/load 0, 1, 0;
    %assign/v0 v0x1a11f90_0, 0, 0;
    %ix/load 0, 1, 0;
    %assign/v0 v0x1a126d0_0, 0, 0;
    %ix/load 0, 1, 0;
    %assign/v0 v0x1a125b0_0, 0, 0;
    %ix/load 0, 1, 0;
    %assign/v0 v0x1a11d80_0, 0, 0;
    %ix/load 0, 1, 0;
    %assign/v0 v0x1a12ea0_0, 0, 0;
    %ix/load 0, 1, 0;
    %assign/v0 v0x1a121f0_0, 0, 0;
    %ix/load 0, 1, 0;
    %assign/v0 v0x1a12780_0, 0, 0;
    %ix/load 0, 1, 0;
    %assign/v0 v0x1a11e30_0, 0, 0;
    %ix/load 0, 1, 0;
    %assign/v0 v0x1a12bd0_0, 0, 0;
    %ix/load 0, 1, 0;
    %assign/v0 v0x1a12d30_0, 0, 0;
    %ix/load 0, 1, 0;
    %assign/v0 v0x1a12170_0, 0, 0;
    %ix/load 0, 1, 0;
    %assign/v0 v0x1a12530_0, 0, 0;
    %ix/load 0, 1, 0;
    %assign/v0 v0x1a11d00_0, 0, 1;
    %ix/load 0, 1, 0;
    %assign/v0 v0x1a12270_0, 0, 1;
    %ix/load 0, 1, 0;
    %assign/v0 v0x1a12e20_0, 0, 0;
    %ix/load 0, 1, 0;
    %assign/v0 v0x1a11ac0_0, 0, 0;
    %ix/load 0, 1, 0;
    %assign/v0 v0x1a12830_0, 0, 0;
    %ix/load 0, 1, 0;
    %assign/v0 v0x1a12650_0, 0, 0;
    %ix/load 0, 1, 0;
    %assign/v0 v0x1a11c50_0, 0, 0;
    %ix/load 0, 1, 0;
    %assign/v0 v0x1a11ee0_0, 0, 0;
    %ix/load 0, 1, 0;
    %assign/v0 v0x1a129a0_0, 0, 0;
    %ix/load 0, 1, 0;
    %assign/v0 v0x1a120f0_0, 0, 0;
    %ix/load 0, 1, 0;
    %assign/v0 v0x1a12fa0_0, 0, 0;
    %ix/load 0, 1, 0;
    %assign/v0 v0x1a128e0_0, 0, 0;
    %jmp T_2.32;
T_2.28 ;
    %ix/load 0, 1, 0;
    %assign/v0 v0x1a11b70_0, 0, 0;
    %ix/load 0, 1, 0;
    %assign/v0 v0x1a12040_0, 0, 0;
    %ix/load 0, 1, 0;
    %assign/v0 v0x1a12cb0_0, 0, 0;
    %ix/load 0, 1, 0;
    %assign/v0 v0x1a12a50_0, 0, 0;
    %ix/load 0, 1, 0;
    %assign/v0 v0x1a11a10_0, 0, 0;
    %ix/load 0, 1, 0;
    %assign/v0 v0x1a11940_0, 0, 0;
    %ix/load 0, 1, 0;
    %assign/v0 v0x1a12b20_0, 0, 0;
    %ix/load 0, 1, 0;
    %assign/v0 v0x1a11f90_0, 0, 0;
    %ix/load 0, 1, 0;
    %assign/v0 v0x1a126d0_0, 0, 0;
    %ix/load 0, 1, 0;
    %assign/v0 v0x1a125b0_0, 0, 0;
    %ix/load 0, 1, 0;
    %assign/v0 v0x1a11d80_0, 0, 0;
    %ix/load 0, 1, 0;
    %assign/v0 v0x1a12ea0_0, 0, 0;
    %ix/load 0, 1, 0;
    %assign/v0 v0x1a121f0_0, 0, 0;
    %ix/load 0, 1, 0;
    %assign/v0 v0x1a12780_0, 0, 0;
    %ix/load 0, 1, 0;
    %assign/v0 v0x1a11e30_0, 0, 0;
    %ix/load 0, 1, 0;
    %assign/v0 v0x1a12bd0_0, 0, 0;
    %ix/load 0, 1, 0;
    %assign/v0 v0x1a12d30_0, 0, 0;
    %ix/load 0, 1, 0;
    %assign/v0 v0x1a12170_0, 0, 0;
    %ix/load 0, 1, 0;
    %assign/v0 v0x1a12530_0, 0, 0;
    %ix/load 0, 1, 0;
    %assign/v0 v0x1a11d00_0, 0, 0;
    %ix/load 0, 1, 0;
    %assign/v0 v0x1a12270_0, 0, 0;
    %ix/load 0, 1, 0;
    %assign/v0 v0x1a12e20_0, 0, 1;
    %ix/load 0, 1, 0;
    %assign/v0 v0x1a11ac0_0, 0, 1;
    %ix/load 0, 1, 0;
    %assign/v0 v0x1a12830_0, 0, 0;
    %ix/load 0, 1, 0;
    %assign/v0 v0x1a12650_0, 0, 0;
    %ix/load 0, 1, 0;
    %assign/v0 v0x1a11c50_0, 0, 0;
    %ix/load 0, 1, 0;
    %assign/v0 v0x1a11ee0_0, 0, 0;
    %ix/load 0, 1, 0;
    %assign/v0 v0x1a129a0_0, 0, 0;
    %ix/load 0, 1, 0;
    %assign/v0 v0x1a120f0_0, 0, 0;
    %ix/load 0, 1, 0;
    %assign/v0 v0x1a12fa0_0, 0, 0;
    %ix/load 0, 1, 0;
    %assign/v0 v0x1a128e0_0, 0, 0;
    %jmp T_2.32;
T_2.29 ;
    %ix/load 0, 1, 0;
    %assign/v0 v0x1a11b70_0, 0, 0;
    %ix/load 0, 1, 0;
    %assign/v0 v0x1a12040_0, 0, 0;
    %ix/load 0, 1, 0;
    %assign/v0 v0x1a12cb0_0, 0, 0;
    %ix/load 0, 1, 0;
    %assign/v0 v0x1a12a50_0, 0, 0;
    %ix/load 0, 1, 0;
    %assign/v0 v0x1a11a10_0, 0, 0;
    %ix/load 0, 1, 0;
    %assign/v0 v0x1a11940_0, 0, 0;
    %ix/load 0, 1, 0;
    %assign/v0 v0x1a12b20_0, 0, 0;
    %ix/load 0, 1, 0;
    %assign/v0 v0x1a11f90_0, 0, 0;
    %ix/load 0, 1, 0;
    %assign/v0 v0x1a126d0_0, 0, 0;
    %ix/load 0, 1, 0;
    %assign/v0 v0x1a125b0_0, 0, 0;
    %ix/load 0, 1, 0;
    %assign/v0 v0x1a11d80_0, 0, 0;
    %ix/load 0, 1, 0;
    %assign/v0 v0x1a12ea0_0, 0, 0;
    %ix/load 0, 1, 0;
    %assign/v0 v0x1a121f0_0, 0, 0;
    %ix/load 0, 1, 0;
    %assign/v0 v0x1a12780_0, 0, 0;
    %ix/load 0, 1, 0;
    %assign/v0 v0x1a11e30_0, 0, 0;
    %ix/load 0, 1, 0;
    %assign/v0 v0x1a12bd0_0, 0, 0;
    %ix/load 0, 1, 0;
    %assign/v0 v0x1a12d30_0, 0, 0;
    %ix/load 0, 1, 0;
    %assign/v0 v0x1a12170_0, 0, 0;
    %ix/load 0, 1, 0;
    %assign/v0 v0x1a12530_0, 0, 0;
    %ix/load 0, 1, 0;
    %assign/v0 v0x1a11d00_0, 0, 0;
    %ix/load 0, 1, 0;
    %assign/v0 v0x1a12270_0, 0, 0;
    %ix/load 0, 1, 0;
    %assign/v0 v0x1a12e20_0, 0, 0;
    %ix/load 0, 1, 0;
    %assign/v0 v0x1a11ac0_0, 0, 0;
    %ix/load 0, 1, 0;
    %assign/v0 v0x1a12830_0, 0, 0;
    %ix/load 0, 1, 0;
    %assign/v0 v0x1a12650_0, 0, 0;
    %ix/load 0, 1, 0;
    %assign/v0 v0x1a11c50_0, 0, 0;
    %ix/load 0, 1, 0;
    %assign/v0 v0x1a11ee0_0, 0, 0;
    %ix/load 0, 1, 0;
    %assign/v0 v0x1a129a0_0, 0, 0;
    %ix/load 0, 1, 0;
    %assign/v0 v0x1a120f0_0, 0, 0;
    %ix/load 0, 1, 0;
    %assign/v0 v0x1a12fa0_0, 0, 0;
    %ix/load 0, 1, 0;
    %assign/v0 v0x1a128e0_0, 0, 0;
    %jmp T_2.32;
T_2.30 ;
    %ix/load 0, 1, 0;
    %assign/v0 v0x1a11b70_0, 0, 0;
    %ix/load 0, 1, 0;
    %assign/v0 v0x1a12040_0, 0, 0;
    %ix/load 0, 1, 0;
    %assign/v0 v0x1a12cb0_0, 0, 0;
    %ix/load 0, 1, 0;
    %assign/v0 v0x1a12a50_0, 0, 0;
    %ix/load 0, 1, 0;
    %assign/v0 v0x1a11a10_0, 0, 0;
    %ix/load 0, 1, 0;
    %assign/v0 v0x1a11940_0, 0, 0;
    %ix/load 0, 1, 0;
    %assign/v0 v0x1a12b20_0, 0, 0;
    %ix/load 0, 1, 0;
    %assign/v0 v0x1a11f90_0, 0, 0;
    %ix/load 0, 1, 0;
    %assign/v0 v0x1a126d0_0, 0, 0;
    %ix/load 0, 1, 0;
    %assign/v0 v0x1a125b0_0, 0, 0;
    %ix/load 0, 1, 0;
    %assign/v0 v0x1a11d80_0, 0, 0;
    %ix/load 0, 1, 0;
    %assign/v0 v0x1a12ea0_0, 0, 0;
    %ix/load 0, 1, 0;
    %assign/v0 v0x1a121f0_0, 0, 0;
    %ix/load 0, 1, 0;
    %assign/v0 v0x1a12780_0, 0, 0;
    %ix/load 0, 1, 0;
    %assign/v0 v0x1a11e30_0, 0, 0;
    %ix/load 0, 1, 0;
    %assign/v0 v0x1a12bd0_0, 0, 0;
    %ix/load 0, 1, 0;
    %assign/v0 v0x1a12d30_0, 0, 0;
    %ix/load 0, 1, 0;
    %assign/v0 v0x1a12170_0, 0, 0;
    %ix/load 0, 1, 0;
    %assign/v0 v0x1a12530_0, 0, 0;
    %ix/load 0, 1, 0;
    %assign/v0 v0x1a11d00_0, 0, 0;
    %ix/load 0, 1, 0;
    %assign/v0 v0x1a12270_0, 0, 0;
    %ix/load 0, 1, 0;
    %assign/v0 v0x1a12e20_0, 0, 0;
    %ix/load 0, 1, 0;
    %assign/v0 v0x1a11ac0_0, 0, 0;
    %ix/load 0, 1, 0;
    %assign/v0 v0x1a12830_0, 0, 0;
    %ix/load 0, 1, 0;
    %assign/v0 v0x1a12650_0, 0, 0;
    %ix/load 0, 1, 0;
    %assign/v0 v0x1a11c50_0, 0, 0;
    %ix/load 0, 1, 0;
    %assign/v0 v0x1a11ee0_0, 0, 0;
    %ix/load 0, 1, 0;
    %assign/v0 v0x1a129a0_0, 0, 0;
    %ix/load 0, 1, 0;
    %assign/v0 v0x1a120f0_0, 0, 0;
    %ix/load 0, 1, 0;
    %assign/v0 v0x1a12fa0_0, 0, 0;
    %ix/load 0, 1, 0;
    %assign/v0 v0x1a128e0_0, 0, 0;
    %jmp T_2.32;
T_2.31 ;
    %ix/load 0, 1, 0;
    %assign/v0 v0x1a11b70_0, 0, 0;
    %ix/load 0, 1, 0;
    %assign/v0 v0x1a12040_0, 0, 0;
    %ix/load 0, 1, 0;
    %assign/v0 v0x1a12cb0_0, 0, 0;
    %ix/load 0, 1, 0;
    %assign/v0 v0x1a12a50_0, 0, 0;
    %ix/load 0, 1, 0;
    %assign/v0 v0x1a11a10_0, 0, 0;
    %ix/load 0, 1, 0;
    %assign/v0 v0x1a11940_0, 0, 0;
    %ix/load 0, 1, 0;
    %assign/v0 v0x1a12b20_0, 0, 0;
    %ix/load 0, 1, 0;
    %assign/v0 v0x1a11f90_0, 0, 0;
    %ix/load 0, 1, 0;
    %assign/v0 v0x1a126d0_0, 0, 0;
    %ix/load 0, 1, 0;
    %assign/v0 v0x1a125b0_0, 0, 0;
    %ix/load 0, 1, 0;
    %assign/v0 v0x1a11d80_0, 0, 0;
    %ix/load 0, 1, 0;
    %assign/v0 v0x1a12ea0_0, 0, 0;
    %ix/load 0, 1, 0;
    %assign/v0 v0x1a121f0_0, 0, 0;
    %ix/load 0, 1, 0;
    %assign/v0 v0x1a12780_0, 0, 0;
    %ix/load 0, 1, 0;
    %assign/v0 v0x1a11e30_0, 0, 0;
    %ix/load 0, 1, 0;
    %assign/v0 v0x1a12bd0_0, 0, 0;
    %ix/load 0, 1, 0;
    %assign/v0 v0x1a12d30_0, 0, 0;
    %ix/load 0, 1, 0;
    %assign/v0 v0x1a12170_0, 0, 0;
    %ix/load 0, 1, 0;
    %assign/v0 v0x1a12530_0, 0, 0;
    %ix/load 0, 1, 0;
    %assign/v0 v0x1a11d00_0, 0, 0;
    %ix/load 0, 1, 0;
    %assign/v0 v0x1a12270_0, 0, 0;
    %ix/load 0, 1, 0;
    %assign/v0 v0x1a12e20_0, 0, 0;
    %ix/load 0, 1, 0;
    %assign/v0 v0x1a11ac0_0, 0, 0;
    %ix/load 0, 1, 0;
    %assign/v0 v0x1a12830_0, 0, 0;
    %ix/load 0, 1, 0;
    %assign/v0 v0x1a12650_0, 0, 1;
    %ix/load 0, 1, 0;
    %assign/v0 v0x1a11c50_0, 0, 1;
    %ix/load 0, 1, 0;
    %assign/v0 v0x1a11ee0_0, 0, 0;
    %ix/load 0, 1, 0;
    %assign/v0 v0x1a129a0_0, 0, 0;
    %ix/load 0, 1, 0;
    %assign/v0 v0x1a120f0_0, 0, 1;
    %ix/load 0, 1, 0;
    %assign/v0 v0x1a12fa0_0, 0, 0;
    %ix/load 0, 1, 0;
    %assign/v0 v0x1a128e0_0, 0, 0;
    %jmp T_2.32;
T_2.32 ;
    %jmp T_2.7;
T_2.5 ;
    %load/v 8, v0x1a123d0_0, 4;
    %cmpi/u 8, 7, 4;
    %jmp/1 T_2.33, 6;
    %cmpi/u 8, 3, 4;
    %jmp/1 T_2.34, 6;
    %cmpi/u 8, 1, 4;
    %jmp/1 T_2.35, 6;
    %cmpi/u 8, 2, 4;
    %jmp/1 T_2.36, 6;
    %cmpi/u 8, 8, 4;
    %jmp/1 T_2.37, 6;
    %cmpi/u 8, 6, 4;
    %jmp/1 T_2.38, 6;
    %cmpi/u 8, 9, 4;
    %jmp/1 T_2.39, 6;
    %cmpi/u 8, 10, 4;
    %jmp/1 T_2.40, 6;
    %cmpi/u 8, 15, 4;
    %jmp/1 T_2.41, 6;
    %cmpi/u 8, 4, 4;
    %jmp/1 T_2.42, 6;
    %jmp T_2.43;
T_2.33 ;
    %ix/load 0, 1, 0;
    %assign/v0 v0x1a11b70_0, 0, 0;
    %ix/load 0, 1, 0;
    %assign/v0 v0x1a12040_0, 0, 0;
    %ix/load 0, 1, 0;
    %assign/v0 v0x1a12cb0_0, 0, 0;
    %ix/load 0, 1, 0;
    %assign/v0 v0x1a12a50_0, 0, 0;
    %ix/load 0, 1, 0;
    %assign/v0 v0x1a11a10_0, 0, 0;
    %ix/load 0, 1, 0;
    %assign/v0 v0x1a11940_0, 0, 0;
    %ix/load 0, 1, 0;
    %assign/v0 v0x1a12b20_0, 0, 0;
    %ix/load 0, 1, 0;
    %assign/v0 v0x1a11f90_0, 0, 0;
    %ix/load 0, 1, 0;
    %assign/v0 v0x1a126d0_0, 0, 0;
    %ix/load 0, 1, 0;
    %assign/v0 v0x1a125b0_0, 0, 0;
    %ix/load 0, 1, 0;
    %assign/v0 v0x1a11d80_0, 0, 0;
    %ix/load 0, 1, 0;
    %assign/v0 v0x1a12ea0_0, 0, 0;
    %ix/load 0, 1, 0;
    %assign/v0 v0x1a121f0_0, 0, 0;
    %ix/load 0, 1, 0;
    %assign/v0 v0x1a12780_0, 0, 0;
    %ix/load 0, 1, 0;
    %assign/v0 v0x1a11e30_0, 0, 0;
    %ix/load 0, 1, 0;
    %assign/v0 v0x1a12bd0_0, 0, 0;
    %ix/load 0, 1, 0;
    %assign/v0 v0x1a12d30_0, 0, 0;
    %ix/load 0, 1, 0;
    %assign/v0 v0x1a12170_0, 0, 0;
    %ix/load 0, 1, 0;
    %assign/v0 v0x1a12530_0, 0, 0;
    %ix/load 0, 1, 0;
    %assign/v0 v0x1a11d00_0, 0, 0;
    %ix/load 0, 1, 0;
    %assign/v0 v0x1a12270_0, 0, 0;
    %ix/load 0, 1, 0;
    %assign/v0 v0x1a12e20_0, 0, 0;
    %ix/load 0, 1, 0;
    %assign/v0 v0x1a11ac0_0, 0, 0;
    %ix/load 0, 1, 0;
    %assign/v0 v0x1a12830_0, 0, 0;
    %ix/load 0, 1, 0;
    %assign/v0 v0x1a11ee0_0, 0, 0;
    %ix/load 0, 1, 0;
    %assign/v0 v0x1a129a0_0, 0, 0;
    %ix/load 0, 1, 0;
    %assign/v0 v0x1a120f0_0, 0, 0;
    %ix/load 0, 1, 0;
    %assign/v0 v0x1a12fa0_0, 0, 0;
    %ix/load 0, 1, 0;
    %assign/v0 v0x1a128e0_0, 0, 0;
    %jmp T_2.43;
T_2.34 ;
    %ix/load 0, 1, 0;
    %assign/v0 v0x1a11b70_0, 0, 0;
    %ix/load 0, 1, 0;
    %assign/v0 v0x1a12040_0, 0, 0;
    %ix/load 0, 1, 0;
    %assign/v0 v0x1a12cb0_0, 0, 0;
    %ix/load 0, 1, 0;
    %assign/v0 v0x1a12a50_0, 0, 0;
    %ix/load 0, 1, 0;
    %assign/v0 v0x1a11a10_0, 0, 0;
    %ix/load 0, 1, 0;
    %assign/v0 v0x1a11940_0, 0, 0;
    %ix/load 0, 1, 0;
    %assign/v0 v0x1a12b20_0, 0, 0;
    %ix/load 0, 1, 0;
    %assign/v0 v0x1a11f90_0, 0, 0;
    %ix/load 0, 1, 0;
    %assign/v0 v0x1a126d0_0, 0, 0;
    %ix/load 0, 1, 0;
    %assign/v0 v0x1a125b0_0, 0, 0;
    %ix/load 0, 1, 0;
    %assign/v0 v0x1a11d80_0, 0, 0;
    %ix/load 0, 1, 0;
    %assign/v0 v0x1a12ea0_0, 0, 0;
    %ix/load 0, 1, 0;
    %assign/v0 v0x1a121f0_0, 0, 0;
    %ix/load 0, 1, 0;
    %assign/v0 v0x1a12780_0, 0, 1;
    %ix/load 0, 1, 0;
    %assign/v0 v0x1a11e30_0, 0, 0;
    %ix/load 0, 1, 0;
    %assign/v0 v0x1a12bd0_0, 0, 0;
    %ix/load 0, 1, 0;
    %assign/v0 v0x1a12d30_0, 0, 0;
    %ix/load 0, 1, 0;
    %assign/v0 v0x1a12170_0, 0, 1;
    %ix/load 0, 1, 0;
    %assign/v0 v0x1a12530_0, 0, 0;
    %ix/load 0, 1, 0;
    %assign/v0 v0x1a11d00_0, 0, 0;
    %ix/load 0, 1, 0;
    %assign/v0 v0x1a12270_0, 0, 0;
    %ix/load 0, 1, 0;
    %assign/v0 v0x1a12e20_0, 0, 0;
    %ix/load 0, 1, 0;
    %assign/v0 v0x1a11ac0_0, 0, 0;
    %ix/load 0, 1, 0;
    %assign/v0 v0x1a12830_0, 0, 0;
    %ix/load 0, 1, 0;
    %assign/v0 v0x1a11ee0_0, 0, 0;
    %ix/load 0, 1, 0;
    %assign/v0 v0x1a129a0_0, 0, 0;
    %ix/load 0, 1, 0;
    %assign/v0 v0x1a120f0_0, 0, 0;
    %ix/load 0, 1, 0;
    %assign/v0 v0x1a12fa0_0, 0, 0;
    %ix/load 0, 1, 0;
    %assign/v0 v0x1a128e0_0, 0, 0;
    %jmp T_2.43;
T_2.35 ;
    %ix/load 0, 1, 0;
    %assign/v0 v0x1a11b70_0, 0, 0;
    %ix/load 0, 1, 0;
    %assign/v0 v0x1a12040_0, 0, 0;
    %ix/load 0, 1, 0;
    %assign/v0 v0x1a12cb0_0, 0, 0;
    %ix/load 0, 1, 0;
    %assign/v0 v0x1a12a50_0, 0, 0;
    %ix/load 0, 1, 0;
    %assign/v0 v0x1a11a10_0, 0, 0;
    %ix/load 0, 1, 0;
    %assign/v0 v0x1a11940_0, 0, 0;
    %ix/load 0, 1, 0;
    %assign/v0 v0x1a12b20_0, 0, 0;
    %ix/load 0, 1, 0;
    %assign/v0 v0x1a11f90_0, 0, 0;
    %ix/load 0, 1, 0;
    %assign/v0 v0x1a126d0_0, 0, 0;
    %ix/load 0, 1, 0;
    %assign/v0 v0x1a125b0_0, 0, 0;
    %ix/load 0, 1, 0;
    %assign/v0 v0x1a11d80_0, 0, 0;
    %ix/load 0, 1, 0;
    %assign/v0 v0x1a12ea0_0, 0, 0;
    %ix/load 0, 1, 0;
    %assign/v0 v0x1a121f0_0, 0, 0;
    %ix/load 0, 1, 0;
    %assign/v0 v0x1a12780_0, 0, 0;
    %ix/load 0, 1, 0;
    %assign/v0 v0x1a11e30_0, 0, 0;
    %ix/load 0, 1, 0;
    %assign/v0 v0x1a12bd0_0, 0, 0;
    %ix/load 0, 1, 0;
    %assign/v0 v0x1a12d30_0, 0, 0;
    %ix/load 0, 1, 0;
    %assign/v0 v0x1a12170_0, 0, 0;
    %ix/load 0, 1, 0;
    %assign/v0 v0x1a12530_0, 0, 0;
    %ix/load 0, 1, 0;
    %assign/v0 v0x1a11d00_0, 0, 0;
    %ix/load 0, 1, 0;
    %assign/v0 v0x1a12270_0, 0, 0;
    %ix/load 0, 1, 0;
    %assign/v0 v0x1a12e20_0, 0, 0;
    %ix/load 0, 1, 0;
    %assign/v0 v0x1a11ac0_0, 0, 0;
    %ix/load 0, 1, 0;
    %assign/v0 v0x1a12830_0, 0, 0;
    %ix/load 0, 1, 0;
    %assign/v0 v0x1a11ee0_0, 0, 0;
    %ix/load 0, 1, 0;
    %assign/v0 v0x1a129a0_0, 0, 0;
    %ix/load 0, 1, 0;
    %assign/v0 v0x1a120f0_0, 0, 0;
    %ix/load 0, 1, 0;
    %assign/v0 v0x1a12fa0_0, 0, 0;
    %ix/load 0, 1, 0;
    %assign/v0 v0x1a128e0_0, 0, 0;
    %jmp T_2.43;
T_2.36 ;
    %ix/load 0, 1, 0;
    %assign/v0 v0x1a11b70_0, 0, 0;
    %ix/load 0, 1, 0;
    %assign/v0 v0x1a12040_0, 0, 0;
    %ix/load 0, 1, 0;
    %assign/v0 v0x1a12cb0_0, 0, 0;
    %ix/load 0, 1, 0;
    %assign/v0 v0x1a12a50_0, 0, 0;
    %ix/load 0, 1, 0;
    %assign/v0 v0x1a11a10_0, 0, 0;
    %ix/load 0, 1, 0;
    %assign/v0 v0x1a11940_0, 0, 0;
    %ix/load 0, 1, 0;
    %assign/v0 v0x1a12b20_0, 0, 0;
    %ix/load 0, 1, 0;
    %assign/v0 v0x1a11f90_0, 0, 0;
    %ix/load 0, 1, 0;
    %assign/v0 v0x1a126d0_0, 0, 0;
    %ix/load 0, 1, 0;
    %assign/v0 v0x1a125b0_0, 0, 0;
    %ix/load 0, 1, 0;
    %assign/v0 v0x1a11d80_0, 0, 0;
    %ix/load 0, 1, 0;
    %assign/v0 v0x1a12ea0_0, 0, 0;
    %ix/load 0, 1, 0;
    %assign/v0 v0x1a121f0_0, 0, 0;
    %ix/load 0, 1, 0;
    %assign/v0 v0x1a12780_0, 0, 0;
    %ix/load 0, 1, 0;
    %assign/v0 v0x1a11e30_0, 0, 0;
    %ix/load 0, 1, 0;
    %assign/v0 v0x1a12bd0_0, 0, 0;
    %ix/load 0, 1, 0;
    %assign/v0 v0x1a12d30_0, 0, 0;
    %ix/load 0, 1, 0;
    %assign/v0 v0x1a12170_0, 0, 0;
    %ix/load 0, 1, 0;
    %assign/v0 v0x1a12530_0, 0, 0;
    %ix/load 0, 1, 0;
    %assign/v0 v0x1a11d00_0, 0, 0;
    %ix/load 0, 1, 0;
    %assign/v0 v0x1a12270_0, 0, 0;
    %ix/load 0, 1, 0;
    %assign/v0 v0x1a12e20_0, 0, 0;
    %ix/load 0, 1, 0;
    %assign/v0 v0x1a11ac0_0, 0, 0;
    %ix/load 0, 1, 0;
    %assign/v0 v0x1a12830_0, 0, 0;
    %ix/load 0, 1, 0;
    %assign/v0 v0x1a11ee0_0, 0, 0;
    %ix/load 0, 1, 0;
    %assign/v0 v0x1a129a0_0, 0, 0;
    %ix/load 0, 1, 0;
    %assign/v0 v0x1a120f0_0, 0, 0;
    %ix/load 0, 1, 0;
    %assign/v0 v0x1a12fa0_0, 0, 0;
    %ix/load 0, 1, 0;
    %assign/v0 v0x1a128e0_0, 0, 0;
    %jmp T_2.43;
T_2.37 ;
    %ix/load 0, 1, 0;
    %assign/v0 v0x1a11b70_0, 0, 0;
    %ix/load 0, 1, 0;
    %assign/v0 v0x1a12040_0, 0, 0;
    %ix/load 0, 1, 0;
    %assign/v0 v0x1a12cb0_0, 0, 0;
    %ix/load 0, 1, 0;
    %assign/v0 v0x1a12a50_0, 0, 0;
    %ix/load 0, 1, 0;
    %assign/v0 v0x1a11a10_0, 0, 0;
    %ix/load 0, 1, 0;
    %assign/v0 v0x1a11940_0, 0, 0;
    %ix/load 0, 1, 0;
    %assign/v0 v0x1a12b20_0, 0, 0;
    %ix/load 0, 1, 0;
    %assign/v0 v0x1a11f90_0, 0, 0;
    %ix/load 0, 1, 0;
    %assign/v0 v0x1a126d0_0, 0, 0;
    %ix/load 0, 1, 0;
    %assign/v0 v0x1a125b0_0, 0, 0;
    %ix/load 0, 1, 0;
    %assign/v0 v0x1a11d80_0, 0, 0;
    %ix/load 0, 1, 0;
    %assign/v0 v0x1a12ea0_0, 0, 0;
    %ix/load 0, 1, 0;
    %assign/v0 v0x1a121f0_0, 0, 0;
    %ix/load 0, 1, 0;
    %assign/v0 v0x1a12780_0, 0, 0;
    %ix/load 0, 1, 0;
    %assign/v0 v0x1a11e30_0, 0, 0;
    %ix/load 0, 1, 0;
    %assign/v0 v0x1a12bd0_0, 0, 0;
    %ix/load 0, 1, 0;
    %assign/v0 v0x1a12d30_0, 0, 0;
    %ix/load 0, 1, 0;
    %assign/v0 v0x1a12170_0, 0, 0;
    %ix/load 0, 1, 0;
    %assign/v0 v0x1a12530_0, 0, 0;
    %ix/load 0, 1, 0;
    %assign/v0 v0x1a11d00_0, 0, 0;
    %ix/load 0, 1, 0;
    %assign/v0 v0x1a12270_0, 0, 0;
    %ix/load 0, 1, 0;
    %assign/v0 v0x1a12e20_0, 0, 0;
    %ix/load 0, 1, 0;
    %assign/v0 v0x1a11ac0_0, 0, 0;
    %ix/load 0, 1, 0;
    %assign/v0 v0x1a12830_0, 0, 0;
    %ix/load 0, 1, 0;
    %assign/v0 v0x1a11ee0_0, 0, 0;
    %ix/load 0, 1, 0;
    %assign/v0 v0x1a129a0_0, 0, 0;
    %ix/load 0, 1, 0;
    %assign/v0 v0x1a120f0_0, 0, 0;
    %ix/load 0, 1, 0;
    %assign/v0 v0x1a12fa0_0, 0, 0;
    %ix/load 0, 1, 0;
    %assign/v0 v0x1a128e0_0, 0, 0;
    %jmp T_2.43;
T_2.38 ;
    %ix/load 0, 1, 0;
    %assign/v0 v0x1a11b70_0, 0, 0;
    %ix/load 0, 1, 0;
    %assign/v0 v0x1a12040_0, 0, 0;
    %ix/load 0, 1, 0;
    %assign/v0 v0x1a12cb0_0, 0, 0;
    %ix/load 0, 1, 0;
    %assign/v0 v0x1a12a50_0, 0, 0;
    %ix/load 0, 1, 0;
    %assign/v0 v0x1a11a10_0, 0, 0;
    %ix/load 0, 1, 0;
    %assign/v0 v0x1a11940_0, 0, 0;
    %ix/load 0, 1, 0;
    %assign/v0 v0x1a12b20_0, 0, 0;
    %ix/load 0, 1, 0;
    %assign/v0 v0x1a11f90_0, 0, 0;
    %ix/load 0, 1, 0;
    %assign/v0 v0x1a126d0_0, 0, 0;
    %ix/load 0, 1, 0;
    %assign/v0 v0x1a125b0_0, 0, 0;
    %ix/load 0, 1, 0;
    %assign/v0 v0x1a11d80_0, 0, 0;
    %ix/load 0, 1, 0;
    %assign/v0 v0x1a12ea0_0, 0, 0;
    %ix/load 0, 1, 0;
    %assign/v0 v0x1a121f0_0, 0, 0;
    %ix/load 0, 1, 0;
    %assign/v0 v0x1a12780_0, 0, 0;
    %ix/load 0, 1, 0;
    %assign/v0 v0x1a11e30_0, 0, 0;
    %ix/load 0, 1, 0;
    %assign/v0 v0x1a12bd0_0, 0, 0;
    %ix/load 0, 1, 0;
    %assign/v0 v0x1a12d30_0, 0, 0;
    %ix/load 0, 1, 0;
    %assign/v0 v0x1a12170_0, 0, 0;
    %ix/load 0, 1, 0;
    %assign/v0 v0x1a12530_0, 0, 0;
    %ix/load 0, 1, 0;
    %assign/v0 v0x1a11d00_0, 0, 0;
    %ix/load 0, 1, 0;
    %assign/v0 v0x1a12270_0, 0, 0;
    %ix/load 0, 1, 0;
    %assign/v0 v0x1a12e20_0, 0, 0;
    %ix/load 0, 1, 0;
    %assign/v0 v0x1a11ac0_0, 0, 0;
    %ix/load 0, 1, 0;
    %assign/v0 v0x1a12830_0, 0, 0;
    %ix/load 0, 1, 0;
    %assign/v0 v0x1a11ee0_0, 0, 0;
    %ix/load 0, 1, 0;
    %assign/v0 v0x1a129a0_0, 0, 0;
    %ix/load 0, 1, 0;
    %assign/v0 v0x1a120f0_0, 0, 0;
    %ix/load 0, 1, 0;
    %assign/v0 v0x1a12fa0_0, 0, 0;
    %ix/load 0, 1, 0;
    %assign/v0 v0x1a128e0_0, 0, 0;
    %jmp T_2.43;
T_2.39 ;
    %ix/load 0, 1, 0;
    %assign/v0 v0x1a11b70_0, 0, 0;
    %ix/load 0, 1, 0;
    %assign/v0 v0x1a12040_0, 0, 0;
    %ix/load 0, 1, 0;
    %assign/v0 v0x1a12cb0_0, 0, 0;
    %ix/load 0, 1, 0;
    %assign/v0 v0x1a12a50_0, 0, 0;
    %ix/load 0, 1, 0;
    %assign/v0 v0x1a11a10_0, 0, 0;
    %ix/load 0, 1, 0;
    %assign/v0 v0x1a11940_0, 0, 0;
    %ix/load 0, 1, 0;
    %assign/v0 v0x1a12b20_0, 0, 0;
    %ix/load 0, 1, 0;
    %assign/v0 v0x1a11f90_0, 0, 0;
    %ix/load 0, 1, 0;
    %assign/v0 v0x1a126d0_0, 0, 0;
    %ix/load 0, 1, 0;
    %assign/v0 v0x1a125b0_0, 0, 0;
    %ix/load 0, 1, 0;
    %assign/v0 v0x1a11d80_0, 0, 0;
    %ix/load 0, 1, 0;
    %assign/v0 v0x1a12ea0_0, 0, 0;
    %ix/load 0, 1, 0;
    %assign/v0 v0x1a121f0_0, 0, 0;
    %ix/load 0, 1, 0;
    %assign/v0 v0x1a12780_0, 0, 0;
    %ix/load 0, 1, 0;
    %assign/v0 v0x1a11e30_0, 0, 0;
    %ix/load 0, 1, 0;
    %assign/v0 v0x1a12bd0_0, 0, 0;
    %ix/load 0, 1, 0;
    %assign/v0 v0x1a12d30_0, 0, 0;
    %ix/load 0, 1, 0;
    %assign/v0 v0x1a12170_0, 0, 0;
    %ix/load 0, 1, 0;
    %assign/v0 v0x1a12530_0, 0, 0;
    %ix/load 0, 1, 0;
    %assign/v0 v0x1a11d00_0, 0, 0;
    %ix/load 0, 1, 0;
    %assign/v0 v0x1a12270_0, 0, 0;
    %ix/load 0, 1, 0;
    %assign/v0 v0x1a12e20_0, 0, 0;
    %ix/load 0, 1, 0;
    %assign/v0 v0x1a11ac0_0, 0, 0;
    %ix/load 0, 1, 0;
    %assign/v0 v0x1a12e20_0, 0, 0;
    %ix/load 0, 1, 0;
    %assign/v0 v0x1a11ac0_0, 0, 0;
    %ix/load 0, 1, 0;
    %assign/v0 v0x1a12830_0, 0, 1;
    %ix/load 0, 1, 0;
    %assign/v0 v0x1a11ee0_0, 0, 0;
    %ix/load 0, 1, 0;
    %assign/v0 v0x1a129a0_0, 0, 0;
    %ix/load 0, 1, 0;
    %assign/v0 v0x1a120f0_0, 0, 0;
    %ix/load 0, 1, 0;
    %assign/v0 v0x1a12fa0_0, 0, 0;
    %ix/load 0, 1, 0;
    %assign/v0 v0x1a128e0_0, 0, 0;
    %jmp T_2.43;
T_2.40 ;
    %ix/load 0, 1, 0;
    %assign/v0 v0x1a11b70_0, 0, 0;
    %ix/load 0, 1, 0;
    %assign/v0 v0x1a12040_0, 0, 0;
    %ix/load 0, 1, 0;
    %assign/v0 v0x1a12cb0_0, 0, 0;
    %ix/load 0, 1, 0;
    %assign/v0 v0x1a12a50_0, 0, 0;
    %ix/load 0, 1, 0;
    %assign/v0 v0x1a11a10_0, 0, 0;
    %ix/load 0, 1, 0;
    %assign/v0 v0x1a11940_0, 0, 0;
    %ix/load 0, 1, 0;
    %assign/v0 v0x1a12b20_0, 0, 0;
    %ix/load 0, 1, 0;
    %assign/v0 v0x1a11f90_0, 0, 0;
    %ix/load 0, 1, 0;
    %assign/v0 v0x1a126d0_0, 0, 0;
    %ix/load 0, 1, 0;
    %assign/v0 v0x1a125b0_0, 0, 0;
    %ix/load 0, 1, 0;
    %assign/v0 v0x1a11d80_0, 0, 0;
    %ix/load 0, 1, 0;
    %assign/v0 v0x1a12ea0_0, 0, 0;
    %ix/load 0, 1, 0;
    %assign/v0 v0x1a121f0_0, 0, 0;
    %ix/load 0, 1, 0;
    %assign/v0 v0x1a12780_0, 0, 0;
    %ix/load 0, 1, 0;
    %assign/v0 v0x1a11e30_0, 0, 0;
    %ix/load 0, 1, 0;
    %assign/v0 v0x1a12bd0_0, 0, 0;
    %ix/load 0, 1, 0;
    %assign/v0 v0x1a12d30_0, 0, 0;
    %ix/load 0, 1, 0;
    %assign/v0 v0x1a12170_0, 0, 0;
    %ix/load 0, 1, 0;
    %assign/v0 v0x1a12530_0, 0, 0;
    %ix/load 0, 1, 0;
    %assign/v0 v0x1a11d00_0, 0, 0;
    %ix/load 0, 1, 0;
    %assign/v0 v0x1a12270_0, 0, 0;
    %ix/load 0, 1, 0;
    %assign/v0 v0x1a12e20_0, 0, 0;
    %ix/load 0, 1, 0;
    %assign/v0 v0x1a11ac0_0, 0, 0;
    %ix/load 0, 1, 0;
    %assign/v0 v0x1a12830_0, 0, 0;
    %ix/load 0, 1, 0;
    %assign/v0 v0x1a12650_0, 0, 0;
    %ix/load 0, 1, 0;
    %assign/v0 v0x1a11c50_0, 0, 0;
    %ix/load 0, 1, 0;
    %assign/v0 v0x1a11ee0_0, 0, 0;
    %ix/load 0, 1, 0;
    %assign/v0 v0x1a129a0_0, 0, 0;
    %ix/load 0, 1, 0;
    %assign/v0 v0x1a120f0_0, 0, 0;
    %ix/load 0, 1, 0;
    %assign/v0 v0x1a12fa0_0, 0, 0;
    %ix/load 0, 1, 0;
    %assign/v0 v0x1a128e0_0, 0, 0;
    %jmp T_2.43;
T_2.41 ;
    %ix/load 0, 1, 0;
    %assign/v0 v0x1a11b70_0, 0, 0;
    %ix/load 0, 1, 0;
    %assign/v0 v0x1a12040_0, 0, 0;
    %ix/load 0, 1, 0;
    %assign/v0 v0x1a12cb0_0, 0, 0;
    %ix/load 0, 1, 0;
    %assign/v0 v0x1a12a50_0, 0, 0;
    %ix/load 0, 1, 0;
    %assign/v0 v0x1a11a10_0, 0, 0;
    %ix/load 0, 1, 0;
    %assign/v0 v0x1a11940_0, 0, 0;
    %ix/load 0, 1, 0;
    %assign/v0 v0x1a12b20_0, 0, 0;
    %ix/load 0, 1, 0;
    %assign/v0 v0x1a11f90_0, 0, 0;
    %ix/load 0, 1, 0;
    %assign/v0 v0x1a126d0_0, 0, 0;
    %ix/load 0, 1, 0;
    %assign/v0 v0x1a125b0_0, 0, 0;
    %ix/load 0, 1, 0;
    %assign/v0 v0x1a11d80_0, 0, 0;
    %ix/load 0, 1, 0;
    %assign/v0 v0x1a12ea0_0, 0, 0;
    %ix/load 0, 1, 0;
    %assign/v0 v0x1a121f0_0, 0, 0;
    %ix/load 0, 1, 0;
    %assign/v0 v0x1a12780_0, 0, 0;
    %ix/load 0, 1, 0;
    %assign/v0 v0x1a11e30_0, 0, 0;
    %ix/load 0, 1, 0;
    %assign/v0 v0x1a12bd0_0, 0, 0;
    %ix/load 0, 1, 0;
    %assign/v0 v0x1a12d30_0, 0, 0;
    %ix/load 0, 1, 0;
    %assign/v0 v0x1a12170_0, 0, 0;
    %ix/load 0, 1, 0;
    %assign/v0 v0x1a12530_0, 0, 0;
    %ix/load 0, 1, 0;
    %assign/v0 v0x1a11d00_0, 0, 0;
    %ix/load 0, 1, 0;
    %assign/v0 v0x1a12270_0, 0, 0;
    %ix/load 0, 1, 0;
    %assign/v0 v0x1a12e20_0, 0, 0;
    %ix/load 0, 1, 0;
    %assign/v0 v0x1a11ac0_0, 0, 0;
    %ix/load 0, 1, 0;
    %assign/v0 v0x1a12830_0, 0, 0;
    %ix/load 0, 1, 0;
    %assign/v0 v0x1a12650_0, 0, 0;
    %ix/load 0, 1, 0;
    %assign/v0 v0x1a11c50_0, 0, 0;
    %ix/load 0, 1, 0;
    %assign/v0 v0x1a11ee0_0, 0, 0;
    %ix/load 0, 1, 0;
    %assign/v0 v0x1a129a0_0, 0, 0;
    %ix/load 0, 1, 0;
    %assign/v0 v0x1a120f0_0, 0, 0;
    %ix/load 0, 1, 0;
    %assign/v0 v0x1a12fa0_0, 0, 0;
    %ix/load 0, 1, 0;
    %assign/v0 v0x1a128e0_0, 0, 0;
    %jmp T_2.43;
T_2.42 ;
    %ix/load 0, 1, 0;
    %assign/v0 v0x1a11b70_0, 0, 0;
    %ix/load 0, 1, 0;
    %assign/v0 v0x1a12040_0, 0, 0;
    %ix/load 0, 1, 0;
    %assign/v0 v0x1a12cb0_0, 0, 0;
    %ix/load 0, 1, 0;
    %assign/v0 v0x1a12a50_0, 0, 0;
    %ix/load 0, 1, 0;
    %assign/v0 v0x1a11a10_0, 0, 0;
    %ix/load 0, 1, 0;
    %assign/v0 v0x1a11940_0, 0, 0;
    %ix/load 0, 1, 0;
    %assign/v0 v0x1a12b20_0, 0, 0;
    %ix/load 0, 1, 0;
    %assign/v0 v0x1a11f90_0, 0, 0;
    %ix/load 0, 1, 0;
    %assign/v0 v0x1a126d0_0, 0, 0;
    %ix/load 0, 1, 0;
    %assign/v0 v0x1a125b0_0, 0, 0;
    %ix/load 0, 1, 0;
    %assign/v0 v0x1a11d80_0, 0, 0;
    %ix/load 0, 1, 0;
    %assign/v0 v0x1a12ea0_0, 0, 0;
    %ix/load 0, 1, 0;
    %assign/v0 v0x1a121f0_0, 0, 0;
    %ix/load 0, 1, 0;
    %assign/v0 v0x1a12780_0, 0, 0;
    %ix/load 0, 1, 0;
    %assign/v0 v0x1a11e30_0, 0, 0;
    %ix/load 0, 1, 0;
    %assign/v0 v0x1a12bd0_0, 0, 0;
    %ix/load 0, 1, 0;
    %assign/v0 v0x1a12d30_0, 0, 0;
    %ix/load 0, 1, 0;
    %assign/v0 v0x1a12170_0, 0, 0;
    %ix/load 0, 1, 0;
    %assign/v0 v0x1a12530_0, 0, 0;
    %ix/load 0, 1, 0;
    %assign/v0 v0x1a11d00_0, 0, 0;
    %ix/load 0, 1, 0;
    %assign/v0 v0x1a12270_0, 0, 0;
    %ix/load 0, 1, 0;
    %assign/v0 v0x1a12e20_0, 0, 0;
    %ix/load 0, 1, 0;
    %assign/v0 v0x1a11ac0_0, 0, 0;
    %ix/load 0, 1, 0;
    %assign/v0 v0x1a12830_0, 0, 0;
    %ix/load 0, 1, 0;
    %assign/v0 v0x1a12650_0, 0, 1;
    %ix/load 0, 1, 0;
    %assign/v0 v0x1a11c50_0, 0, 1;
    %ix/load 0, 1, 0;
    %assign/v0 v0x1a11ee0_0, 0, 0;
    %ix/load 0, 1, 0;
    %assign/v0 v0x1a129a0_0, 0, 0;
    %ix/load 0, 1, 0;
    %assign/v0 v0x1a120f0_0, 0, 0;
    %ix/load 0, 1, 0;
    %assign/v0 v0x1a12fa0_0, 0, 0;
    %ix/load 0, 1, 0;
    %assign/v0 v0x1a128e0_0, 0, 0;
    %jmp T_2.43;
T_2.43 ;
    %jmp T_2.7;
T_2.7 ;
    %jmp T_2;
    .thread T_2;
    .scope S_0x1a111c0;
T_3 ;
    %set/v v0x1a116a0_0, 0, 1;
    %end;
    .thread T_3;
    .scope S_0x1a111c0;
T_4 ;
    %set/v v0x1a11620_0, 3, 4;
    %set/v v0x1a11560_0, 0, 4;
    %end;
    .thread T_4;
    .scope S_0x1a111c0;
T_5 ;
    %wait E_0x1a0b420;
    %load/v 8, v0x1a112f0_0, 1;
    %jmp/0xz  T_5.0, 8;
    %load/v 8, v0x1a11560_0, 4;
    %ix/load 0, 4, 0;
    %assign/v0 v0x1a11620_0, 0, 8;
    %jmp T_5.1;
T_5.0 ;
    %ix/load 0, 4, 0;
    %assign/v0 v0x1a11620_0, 0, 3;
T_5.1 ;
    %load/v 8, v0x1a0e600_0, 1;
    %jmp/0xz  T_5.2, 8;
    %load/v 8, v0x1a11560_0, 4;
    %cmpi/u 8, 15, 4;
    %mov 8, 4, 1;
    %jmp/0  T_5.4, 8;
    %mov 9, 0, 4;
    %jmp/1  T_5.6, 8;
T_5.4 ; End of true expr.
    %ix/load 0, 1, 0;
    %load/vp0 13, v0x1a11560_0, 4;
    %jmp/0  T_5.5, 8;
 ; End of false expr.
    %blend  9, 13, 4; Condition unknown.
    %jmp  T_5.6;
T_5.5 ;
    %mov 9, 13, 4; Return false value
T_5.6 ;
    %ix/load 0, 4, 0;
    %assign/v0 v0x1a11560_0, 0, 9;
    %jmp T_5.3;
T_5.2 ;
    %load/v 8, v0x1a11390_0, 1;
    %jmp/0xz  T_5.7, 8;
    %load/v 8, v0x1a116a0_0, 1;
    %inv 8, 1;
    %jmp/0xz  T_5.9, 8;
    %load/v 8, v0x1a11560_0, 4;
    %subi 8, 1, 4;
    %ix/load 0, 4, 0;
    %assign/v0 v0x1a11560_0, 0, 8;
    %ix/load 0, 1, 0;
    %assign/v0 v0x1a116a0_0, 0, 1;
    %jmp T_5.10;
T_5.9 ;
    %load/v 8, v0x1a11560_0, 4;
    %ix/load 0, 4, 0;
    %assign/v0 v0x1a11560_0, 0, 8;
T_5.10 ;
T_5.7 ;
T_5.3 ;
    %jmp T_5;
    .thread T_5;
    .scope S_0x1a111c0;
T_6 ;
    %wait E_0x19ddd80;
    %load/v 8, v0x1a11740_0, 1;
    %inv 8, 1;
    %jmp/0xz  T_6.0, 8;
    %ix/load 0, 4, 0;
    %assign/v0 v0x1a11560_0, 0, 0;
    %ix/load 0, 1, 0;
    %assign/v0 v0x1a116a0_0, 0, 0;
T_6.0 ;
    %jmp T_6;
    .thread T_6;
    .scope S_0x1a10bb0;
T_7 ;
    %set/v v0x1a10fb0_0, 0, 4;
    %end;
    .thread T_7;
    .scope S_0x1a10bb0;
T_8 ;
    %wait E_0x1a101e0;
    %load/v 8, v0x1a10dd0_0, 1;
    %jmp/0xz  T_8.0, 8;
    %load/v 8, v0x1a10f30_0, 4;
    %ix/load 0, 4, 0;
    %assign/v0 v0x1a10fb0_0, 0, 8;
    %jmp T_8.1;
T_8.0 ;
    %load/v 8, v0x1a10d50_0, 1;
    %jmp/0xz  T_8.2, 8;
    %load/v 8, v0x1a10ca0_0, 4;
    %ix/load 0, 4, 0;
    %assign/v0 v0x1a10fb0_0, 0, 8;
T_8.2 ;
T_8.1 ;
    %jmp T_8;
    .thread T_8, $push;
    .scope S_0x1a0fdf0;
T_9 ;
    %set/v v0x1a106e0_0, 3, 8;
    %end;
    .thread T_9;
    .scope S_0x1a0fdf0;
T_10 ;
    %set/v v0x1a10660_0, 3, 4;
    %end;
    .thread T_10;
    .scope S_0x1a0fdf0;
T_11 ;
    %set/v v0x1a10780_0, 3, 4;
    %end;
    .thread T_11;
    .scope S_0x1a0fdf0;
T_12 ;
    %set/v v0x1a10500_0, 0, 32;
T_12.0 ;
    %load/v 8, v0x1a10500_0, 32;
   %cmpi/s 8, 16, 32;
    %jmp/0xz T_12.1, 5;
    %ix/getv/s 3, v0x1a10500_0;
    %jmp/1 t_0, 4;
    %ix/load 0, 8, 0; word width
    %ix/load 1, 0, 0; part off
    %assign/av v0x1a10a90, 0, 0;
t_0 ;
    %ix/load 0, 1, 0;
    %load/vp0/s 8, v0x1a10500_0, 32;
    %set/v v0x1a10500_0, 8, 32;
    %jmp T_12.0;
T_12.1 ;
    %end;
    .thread T_12;
    .scope S_0x1a0fdf0;
T_13 ;
    %wait E_0x1a0ff20;
    %load/v 8, v0x1a10940_0, 1;
    %jmp/0xz  T_13.0, 8;
    %load/v 8, v0x1a10800_0, 8;
    %ix/getv 3, v0x1a108a0_0;
    %jmp/1 t_1, 4;
    %ix/load 0, 8, 0; word width
    %ix/load 1, 0, 0; part off
    %assign/av v0x1a10a90, 0, 8;
t_1 ;
T_13.0 ;
    %jmp T_13;
    .thread T_13, $push;
    .scope S_0x1a0fdf0;
T_14 ;
    %wait E_0x1a0fa40;
    %load/v 8, v0x1a10210_0, 1;
    %jmp/0xz  T_14.0, 8;
    %load/v 8, v0x1a0ff70_0, 4;
    %mov 12, 0, 4;
    %ix/getv 3, v0x1a102b0_0;
    %jmp/1 t_2, 4;
    %ix/load 0, 8, 0; word width
    %ix/load 1, 0, 0; part off
    %assign/av v0x1a10a90, 0, 8;
t_2 ;
T_14.0 ;
    %jmp T_14;
    .thread T_14, $push;
    .scope S_0x1a0fdf0;
T_15 ;
    %wait E_0x1a0b420;
    %load/v 8, v0x1a100c0_0, 1;
    %jmp/0xz  T_15.0, 8;
    %ix/getv 3, v0x1a102b0_0;
    %load/av 8, v0x1a10a90, 8;
    %ix/load 0, 8, 0;
    %assign/v0 v0x1a106e0_0, 0, 8;
    %jmp T_15.1;
T_15.0 ;
    %load/v 8, v0x1a10040_0, 1;
    %jmp/0xz  T_15.2, 8;
    %ix/getv 3, v0x1a102b0_0;
    %jmp/1 T_15.4, 4;
    %ix/get/s 0, 0, 2;
T_15.4 ;
    %load/avx.p 8, v0x1a10a90, 0;
    %load/avx.p 9, v0x1a10a90, 0;
    %load/avx.p 10, v0x1a10a90, 0;
    %load/avx.p 11, v0x1a10a90, 0;
; Save base=8 wid=4 in lookaside.
    %ix/load 0, 4, 0;
    %assign/v0 v0x1a10660_0, 0, 8;
    %jmp T_15.3;
T_15.2 ;
    %load/v 8, v0x1a10160_0, 1;
    %jmp/0xz  T_15.5, 8;
    %ix/getv 3, v0x1a102b0_0;
    %jmp/1 T_15.7, 4;
    %ix/get/s 0, 0, 2;
T_15.7 ;
    %load/avx.p 8, v0x1a10a90, 0;
    %load/avx.p 9, v0x1a10a90, 0;
    %load/avx.p 10, v0x1a10a90, 0;
    %load/avx.p 11, v0x1a10a90, 0;
; Save base=8 wid=4 in lookaside.
    %ix/load 0, 4, 0;
    %assign/v0 v0x1a10780_0, 0, 8;
    %jmp T_15.6;
T_15.5 ;
    %ix/load 0, 8, 0;
    %assign/v0 v0x1a106e0_0, 0, 3;
    %ix/load 0, 4, 0;
    %assign/v0 v0x1a10660_0, 0, 3;
T_15.6 ;
T_15.3 ;
T_15.1 ;
    %jmp T_15;
    .thread T_15;
    .scope S_0x1a0f6e0;
T_16 ;
    %wait E_0x1a0f490;
    %load/v 8, v0x1a0f9c0_0, 1;
    %jmp/0xz  T_16.0, 8;
    %ix/load 1, 4, 0;
    %mov 4, 0, 1;
    %jmp/1 T_16.2, 4;
    %load/x1p 8, v0x1a0fa70_0, 4;
    %jmp T_16.3;
T_16.2 ;
    %mov 8, 2, 4;
T_16.3 ;
; Save base=8 wid=4 in lookaside.
    %ix/load 0, 4, 0;
    %assign/v0 v0x1a0fc30_0, 0, 8;
    %load/v 8, v0x1a0fa70_0, 4; Only need 4 of 8 bits
; Save base=8 wid=4 in lookaside.
    %ix/load 0, 4, 0;
    %assign/v0 v0x1a0fcd0_0, 0, 8;
T_16.0 ;
    %jmp T_16;
    .thread T_16, $push;
    .scope S_0x1a0f6e0;
T_17 ;
    %wait E_0x1a0b420;
    %load/v 8, v0x1a0f7d0_0, 1;
    %jmp/0xz  T_17.0, 8;
    %load/v 8, v0x1a0fcd0_0, 4;
    %ix/load 0, 4, 0;
    %assign/v0 v0x1a0fb10_0, 0, 8;
T_17.0 ;
    %jmp T_17;
    .thread T_17;
    .scope S_0x1a0f6e0;
T_18 ;
    %wait E_0x19ddd80;
    %load/v 8, v0x1a0fd70_0, 1;
    %inv 8, 1;
    %jmp/0xz  T_18.0, 8;
    %ix/load 0, 4, 0;
    %assign/v0 v0x1a0fc30_0, 0, 3;
    %ix/load 0, 4, 0;
    %assign/v0 v0x1a0fcd0_0, 0, 3;
    %ix/load 0, 4, 0;
    %assign/v0 v0x1a0fb10_0, 0, 3;
T_18.0 ;
    %jmp T_18;
    .thread T_18;
    .scope S_0x1a0e8a0;
T_19 ;
    %wait E_0x1a0e990;
    %load/v 8, v0x1a0f090_0, 1;
    %jmp/0xz  T_19.0, 8;
    %load/v 8, v0x1a0f1b0_0, 4;
    %ix/load 0, 4, 0;
    %assign/v0 v0x1a0f350_0, 0, 8;
    %vpi_call 3 735 "$display", "dataA=%4b", v0x1a0f350_0;
    %jmp T_19.1;
T_19.0 ;
    %load/v 8, v0x1a0f110_0, 1;
    %jmp/0xz  T_19.2, 8;
    %load/v 8, v0x1a0ed70_0, 4;
    %ix/load 0, 4, 0;
    %assign/v0 v0x1a0f350_0, 0, 8;
    %jmp T_19.3;
T_19.2 ;
    %load/v 8, v0x1a0efb0_0, 1;
    %jmp/0xz  T_19.4, 8;
    %load/v 8, v0x1a0e9e0_0, 4;
    %ix/load 0, 4, 0;
    %assign/v0 v0x1a0f350_0, 0, 8;
T_19.4 ;
T_19.3 ;
T_19.1 ;
    %jmp T_19;
    .thread T_19, $push;
    .scope S_0x1a0e8a0;
T_20 ;
    %wait E_0x1a0b420;
    %load/v 8, v0x1a0ef30_0, 1;
    %jmp/0xz  T_20.0, 8;
    %load/v 8, v0x1a0f350_0, 4;
    %ix/load 0, 4, 0;
    %assign/v0 v0x1a0f540_0, 0, 8;
    %jmp T_20.1;
T_20.0 ;
    %load/v 8, v0x1a0eeb0_0, 1;
    %jmp/0xz  T_20.2, 8;
    %load/v 8, v0x1a0f350_0, 4;
    %ix/load 0, 4, 0;
    %assign/v0 v0x1a0f2d0_0, 0, 8;
    %jmp T_20.3;
T_20.2 ;
    %load/v 8, v0x1a0ee30_0, 1;
    %jmp/0xz  T_20.4, 8;
    %load/v 8, v0x1a0f350_0, 4;
    %ix/load 0, 4, 0;
    %assign/v0 v0x1a0f3f0_0, 0, 8;
T_20.4 ;
T_20.3 ;
T_20.1 ;
    %jmp T_20;
    .thread T_20;
    .scope S_0x1a0e8a0;
T_21 ;
    %wait E_0x19ddd80;
    %load/v 8, v0x1a0f660_0, 1;
    %inv 8, 1;
    %jmp/0xz  T_21.0, 8;
    %ix/load 0, 4, 0;
    %assign/v0 v0x1a0f350_0, 0, 3;
    %ix/load 0, 4, 0;
    %assign/v0 v0x1a0f540_0, 0, 3;
    %ix/load 0, 4, 0;
    %assign/v0 v0x1a0f2d0_0, 0, 3;
    %ix/load 0, 4, 0;
    %assign/v0 v0x1a0f3f0_0, 0, 3;
T_21.0 ;
    %jmp T_21;
    .thread T_21;
    .scope S_0x1a0df90;
T_22 ;
    %wait E_0x1a0e080;
    %load/v 8, v0x1a0e300_0, 1;
    %jmp/0xz  T_22.0, 8;
    %load/v 8, v0x1a0e100_0, 4;
    %ix/load 0, 4, 0;
    %assign/v0 v0x1a0e710_0, 0, 8;
    %jmp T_22.1;
T_22.0 ;
    %load/v 8, v0x1a0e260_0, 1;
    %jmp/0xz  T_22.2, 8;
    %load/v 8, v0x1a0e3b0_0, 4;
    %ix/load 0, 4, 0;
    %assign/v0 v0x1a0e710_0, 0, 8;
T_22.2 ;
T_22.1 ;
    %jmp T_22;
    .thread T_22, $push;
    .scope S_0x1a0df90;
T_23 ;
    %wait E_0x1a0b420;
    %load/v 8, v0x1a0e1c0_0, 1;
    %jmp/0xz  T_23.0, 8;
    %load/v 8, v0x1a0e710_0, 4;
    %ix/load 0, 4, 0;
    %assign/v0 v0x1a0e690_0, 0, 8;
T_23.0 ;
    %jmp T_23;
    .thread T_23;
    .scope S_0x1a0df90;
T_24 ;
    %wait E_0x19ddd80;
    %load/v 8, v0x1a0e790_0, 1;
    %inv 8, 1;
    %jmp/0xz  T_24.0, 8;
    %ix/load 0, 4, 0;
    %assign/v0 v0x1a0e710_0, 0, 3;
    %ix/load 0, 4, 0;
    %assign/v0 v0x1a0e690_0, 0, 3;
T_24.0 ;
    %jmp T_24;
    .thread T_24;
    .scope S_0x1a0d390;
T_25 ;
    %wait E_0x1a0b9f0;
    %load/v 8, v0x1a0db00_0, 1;
    %jmp/0xz  T_25.0, 8;
    %load/v 8, v0x1a0dc20_0, 4;
    %ix/load 0, 4, 0;
    %assign/v0 v0x1a0ddc0_0, 0, 8;
    %jmp T_25.1;
T_25.0 ;
    %load/v 8, v0x1a0da80_0, 1;
    %jmp/0xz  T_25.2, 8;
    %load/v 8, v0x1a0d4a0_0, 4;
    %ix/load 0, 4, 0;
    %assign/v0 v0x1a0ddc0_0, 0, 8;
    %jmp T_25.3;
T_25.2 ;
    %load/v 8, v0x1a0db80_0, 1;
    %jmp/0xz  T_25.4, 8;
    %load/v 8, v0x1a0d850_0, 1;
    %ix/load 0, 1, 0;
    %assign/v0 v0x1a0d750_0, 0, 8;
T_25.4 ;
T_25.3 ;
T_25.1 ;
    %jmp T_25;
    .thread T_25, $push;
    .scope S_0x1a0d390;
T_26 ;
    %wait E_0x1a0b420;
    %load/v 8, v0x1a0d900_0, 1;
    %jmp/0xz  T_26.0, 8;
    %load/v 8, v0x1a0ddc0_0, 4;
    %ix/load 0, 4, 0;
    %assign/v0 v0x1a0de60_0, 0, 8;
    %jmp T_26.1;
T_26.0 ;
    %load/v 8, v0x1a0d9d0_0, 1;
    %jmp/0xz  T_26.2, 8;
    %ix/load 1, 3, 0;
    %mov 4, 0, 1;
    %jmp/1 T_26.4, 4;
    %load/x1p 8, v0x1a0ddc0_0, 1;
    %jmp T_26.5;
T_26.4 ;
    %mov 8, 2, 1;
T_26.5 ;
; Save base=8 wid=1 in lookaside.
    %ix/load 0, 1, 0;
    %assign/v0 v0x1a0d6a0_0, 0, 8;
    %ix/load 1, 2, 0;
    %mov 4, 0, 1;
    %jmp/1 T_26.6, 4;
    %load/x1p 8, v0x1a0ddc0_0, 1;
    %jmp T_26.7;
T_26.6 ;
    %mov 8, 2, 1;
T_26.7 ;
; Save base=8 wid=1 in lookaside.
    %ix/load 0, 1, 0;
    %ix/load 1, 3, 0;
    %assign/v0/x1 v0x1a0ddc0_0, 0, 8;
    %ix/load 1, 1, 0;
    %mov 4, 0, 1;
    %jmp/1 T_26.8, 4;
    %load/x1p 8, v0x1a0ddc0_0, 1;
    %jmp T_26.9;
T_26.8 ;
    %mov 8, 2, 1;
T_26.9 ;
; Save base=8 wid=1 in lookaside.
    %ix/load 0, 1, 0;
    %ix/load 1, 2, 0;
    %assign/v0/x1 v0x1a0ddc0_0, 0, 8;
    %load/v 8, v0x1a0ddc0_0, 1; Only need 1 of 4 bits
; Save base=8 wid=1 in lookaside.
    %ix/load 0, 1, 0;
    %ix/load 1, 1, 0;
    %assign/v0/x1 v0x1a0ddc0_0, 0, 8;
    %load/v 8, v0x1a0d750_0, 1;
    %ix/load 0, 1, 0;
    %ix/load 1, 0, 0;
    %assign/v0/x1 v0x1a0ddc0_0, 0, 8;
T_26.2 ;
T_26.1 ;
    %jmp T_26;
    .thread T_26;
    .scope S_0x1a0d390;
T_27 ;
    %wait E_0x19ddd80;
    %load/v 8, v0x1a0dd40_0, 1;
    %inv 8, 1;
    %jmp/0xz  T_27.0, 8;
    %ix/load 0, 4, 0;
    %assign/v0 v0x1a0ddc0_0, 0, 0;
    %ix/load 0, 4, 0;
    %assign/v0 v0x1a0de60_0, 0, 3;
T_27.0 ;
    %jmp T_27;
    .thread T_27;
    .scope S_0x1a0c1a0;
T_28 ;
    %set/v v0x1a0ce10_0, 0, 1;
    %end;
    .thread T_28;
    .scope S_0x1a0c1a0;
T_29 ;
    %set/v v0x1a0cf10_0, 0, 1;
    %end;
    .thread T_29;
    .scope S_0x1a0c1a0;
T_30 ;
    %wait E_0x1a0bce0;
    %load/v 8, v0x1a0cc00_0, 4;
    %cmpi/u 8, 1, 4;
    %jmp/0xz  T_30.0, 4;
    %load/v 8, v0x1a0c970_0, 4;
    %set/v v0x1a0c3e0_0, 8, 4;
    %load/v 8, v0x1a0ca10_0, 4;
    %set/v v0x1a0c4a0_0, 8, 4;
    %set/v v0x1a0c5e0_0, 0, 1;
    %fork TD_MOV_A_Address_tb.example_tbALU.add_sub, S_0x1a0c2f0;
    %join;
    %load/v 8, v0x1a0c690_0, 1;
    %set/v v0x1a0ce10_0, 8, 1;
    %load/v 8, v0x1a0c730_0, 4;
    %set/v v0x1a0d080_0, 8, 4;
    %load/v 8, v0x1a0d080_0, 4;
    %cmpi/u 8, 0, 4;
    %jmp/0xz  T_30.2, 4;
    %set/v v0x1a0d240_0, 1, 1;
    %jmp T_30.3;
T_30.2 ;
    %set/v v0x1a0d240_0, 0, 1;
T_30.3 ;
    %jmp T_30.1;
T_30.0 ;
    %load/v 8, v0x1a0cc00_0, 4;
    %cmpi/u 8, 2, 4;
    %jmp/0xz  T_30.4, 4;
    %load/v 8, v0x1a0c970_0, 4;
    %set/v v0x1a0c3e0_0, 8, 4;
    %load/v 8, v0x1a0ca10_0, 4;
    %set/v v0x1a0c4a0_0, 8, 4;
    %set/v v0x1a0c5e0_0, 1, 1;
    %fork TD_MOV_A_Address_tb.example_tbALU.add_sub, S_0x1a0c2f0;
    %join;
    %load/v 8, v0x1a0c690_0, 1;
    %set/v v0x1a0ce10_0, 8, 1;
    %load/v 8, v0x1a0c730_0, 4;
    %set/v v0x1a0d080_0, 8, 4;
    %load/v 8, v0x1a0d080_0, 4;
    %cmpi/u 8, 0, 4;
    %jmp/0xz  T_30.6, 4;
    %set/v v0x1a0d240_0, 1, 1;
    %jmp T_30.7;
T_30.6 ;
    %set/v v0x1a0d240_0, 0, 1;
T_30.7 ;
    %jmp T_30.5;
T_30.4 ;
    %load/v 8, v0x1a0cc00_0, 4;
    %cmpi/u 8, 8, 4;
    %jmp/0xz  T_30.8, 4;
    %load/v 8, v0x1a0c970_0, 4;
    %load/v 12, v0x1a0ca10_0, 4;
    %and 8, 12, 4;
    %set/v v0x1a0d080_0, 8, 4;
    %load/v 8, v0x1a0d080_0, 4;
    %cmpi/u 8, 0, 4;
    %jmp/0xz  T_30.10, 4;
    %set/v v0x1a0d240_0, 1, 1;
    %jmp T_30.11;
T_30.10 ;
    %set/v v0x1a0d240_0, 0, 1;
T_30.11 ;
    %jmp T_30.9;
T_30.8 ;
    %load/v 8, v0x1a0cc00_0, 4;
    %cmpi/u 8, 9, 4;
    %jmp/0xz  T_30.12, 4;
    %load/v 8, v0x1a0cca0_0, 4;
    %load/v 12, v0x1a0ca10_0, 4;
    %or 8, 12, 4;
    %set/v v0x1a0d080_0, 8, 4;
    %load/v 8, v0x1a0d080_0, 4;
    %cmpi/u 8, 0, 4;
    %jmp/0xz  T_30.14, 4;
    %set/v v0x1a0d240_0, 1, 1;
    %jmp T_30.15;
T_30.14 ;
    %set/v v0x1a0d240_0, 0, 1;
T_30.15 ;
T_30.12 ;
T_30.9 ;
T_30.5 ;
T_30.1 ;
    %jmp T_30;
    .thread T_30, $push;
    .scope S_0x1a0c1a0;
T_31 ;
    %wait E_0x1a0b420;
    %load/v 8, v0x1a0cb40_0, 1;
    %jmp/0xz  T_31.0, 8;
    %load/v 8, v0x1a0d080_0, 4;
    %ix/load 0, 4, 0;
    %assign/v0 v0x1a0d1a0_0, 0, 8;
    %load/v 8, v0x1a0d240_0, 1;
    %ix/load 0, 1, 0;
    %assign/v0 v0x1a0d100_0, 0, 8;
    %load/v 8, v0x1a0ce10_0, 1;
    %ix/load 0, 1, 0;
    %assign/v0 v0x1a0cf10_0, 0, 8;
T_31.0 ;
    %jmp T_31;
    .thread T_31;
    .scope S_0x1a0c1a0;
T_32 ;
    %wait E_0x19ddd80;
    %load/v 8, v0x1a0cfb0_0, 1;
    %inv 8, 1;
    %jmp/0xz  T_32.0, 8;
    %ix/load 0, 4, 0;
    %assign/v0 v0x1a0d1a0_0, 0, 3;
    %ix/load 0, 1, 0;
    %assign/v0 v0x1a0d240_0, 0, 3;
    %ix/load 0, 1, 0;
    %assign/v0 v0x1a0ce10_0, 0, 3;
T_32.0 ;
    %jmp T_32;
    .thread T_32;
    .scope S_0x1a0b5d0;
T_33 ;
    %wait E_0x1a0b700;
    %load/v 8, v0x1a0bac0_0, 1;
    %jmp/0xz  T_33.0, 8;
    %load/v 8, v0x1a0bc40_0, 1;
    %ix/load 0, 1, 0;
    %assign/v0 v0x1a0c0a0_0, 0, 8;
    %load/v 8, v0x1a0b770_0, 1;
    %ix/load 0, 1, 0;
    %assign/v0 v0x1a0beb0_0, 0, 8;
    %jmp T_33.1;
T_33.0 ;
    %load/v 8, v0x1a0bba0_0, 1;
    %jmp/0xz  T_33.2, 8;
    %load/v 8, v0x1a0bc40_0, 1;
    %ix/load 0, 1, 0;
    %assign/v0 v0x1a0c0a0_0, 0, 8;
    %jmp T_33.3;
T_33.2 ;
    %load/v 8, v0x1a0ba20_0, 1;
    %jmp/0xz  T_33.4, 8;
    %load/v 8, v0x1a0b830_0, 1;
    %ix/load 0, 1, 0;
    %assign/v0 v0x1a0beb0_0, 0, 8;
T_33.4 ;
T_33.3 ;
T_33.1 ;
    %jmp T_33;
    .thread T_33, $push;
    .scope S_0x1a0b5d0;
T_34 ;
    %wait E_0x1a0b420;
    %load/v 8, v0x1a0b970_0, 1;
    %jmp/0xz  T_34.0, 8;
    %load/v 8, v0x1a0c0a0_0, 1;
    %ix/load 0, 1, 0;
    %assign/v0 v0x1a0c020_0, 0, 8;
    %load/v 8, v0x1a0beb0_0, 1;
    %ix/load 0, 1, 0;
    %assign/v0 v0x1a0bd30_0, 0, 8;
T_34.0 ;
    %jmp T_34;
    .thread T_34;
    .scope S_0x19df7f0;
T_35 ;
    %wait E_0x19df1a0;
    %load/v 8, v0x1a0b260_0, 1;
    %jmp/0xz  T_35.0, 8;
    %load/v 8, v0x196f960_0, 4;
    %ix/load 0, 4, 0;
    %assign/v0 v0x1a0b450_0, 0, 8;
T_35.0 ;
    %jmp T_35;
    .thread T_35, $push;
    .scope S_0x19df7f0;
T_36 ;
    %wait E_0x19ddd80;
    %load/v 8, v0x1a0b4f0_0, 1;
    %inv 8, 1;
    %jmp/0xz  T_36.0, 8;
    %ix/load 0, 4, 0;
    %assign/v0 v0x1a0b450_0, 0, 3;
T_36.0 ;
    %jmp T_36;
    .thread T_36;
    .scope S_0x19e4660;
T_37 ;
    %set/v v0x1a15d10_0, 1, 1;
    %set/v v0x1a15fc0_0, 1, 1;
    %delay 1, 0;
    %set/v v0x1a15fc0_0, 0, 1;
    %delay 1, 0;
    %set/v v0x1a15fc0_0, 1, 1;
    %set/v v0x1a16190_0, 1, 1;
    %delay 1, 0;
    %movi 8, 9, 4;
    %set/v v0x1a15d90_0, 8, 4;
    %movi 8, 8, 8;
    %set/v v0x1a16210_0, 8, 8;
    %delay 1, 0;
    %movi 8, 10, 4;
    %set/v v0x1a15d90_0, 8, 4;
    %movi 8, 11, 8;
    %set/v v0x1a16210_0, 8, 8;
    %delay 1, 0;
    %set/v v0x1a15d90_0, 0, 4;
    %movi 8, 121, 8;
    %set/v v0x1a16210_0, 8, 8;
    %delay 1, 0;
    %movi 8, 1, 4;
    %set/v v0x1a15d90_0, 8, 4;
    %movi 8, 48, 8;
    %set/v v0x1a16210_0, 8, 8;
    %delay 1, 0;
    %movi 8, 2, 4;
    %set/v v0x1a15d90_0, 8, 4;
    %movi 8, 122, 8;
    %set/v v0x1a16210_0, 8, 8;
    %delay 1, 0;
    %movi 8, 3, 4;
    %set/v v0x1a15d90_0, 8, 4;
    %movi 8, 16, 8;
    %set/v v0x1a16210_0, 8, 8;
    %delay 1, 0;
    %movi 8, 4, 4;
    %set/v v0x1a15d90_0, 8, 4;
    %movi 8, 64, 8;
    %set/v v0x1a16210_0, 8, 8;
    %delay 1, 0;
    %set/v v0x1a16190_0, 0, 1;
    %end;
    .thread T_37;
    .scope S_0x19e4660;
T_38 ;
    %vpi_call 2 85 "$dumpfile", "MOV_A_Address.vcd";
    %vpi_call 2 86 "$dumpvars", 1'sb0, S_0x19e4660;
    %delay 790, 0;
    %vpi_call 2 87 "$finish";
    %end;
    .thread T_38;
    .scope S_0x19e4660;
T_39 ;
    %delay 10, 0;
    %load/v 8, v0x1a15d10_0, 1;
    %inv 8, 1;
    %set/v v0x1a15d10_0, 8, 1;
    %jmp T_39;
    .thread T_39;
# The file index is used to find the file name in the following table.
:file_names 4;
    "N/A";
    "<interactive>";
    "testbench.sv";
    "design.sv";
