#! /usr/share/iverilog-0.9.7/bin/vvp
:ivl_version "0.9.7 " "(v0_9_6)";
:vpi_time_precision + 0;
:vpi_module "system";
:vpi_module "v2005_math";
:vpi_module "va_math";
S_0xd199c0 .scope module, "InstructionRegister_tb" "InstructionRegister_tb" 2 3;
 .timescale 0 0;
v0xd2c570_0 .net "control", 3 0, v0xd2c1c0_0; 1 drivers
v0xd2c610_0 .var "instruction", 7 0;
v0xd2c6c0_0 .var "load", 0 0;
v0xd2c770_0 .var "reset", 0 0;
v0xd2c850_0 .var "send", 0 0;
v0xd2c900_0 .net "wbus", 3 0, L_0xd2ca30; 1 drivers
S_0xd19ab0 .scope module, "example_tb" "InstructionRegister" 2 9, 3 2, S_0xd199c0;
 .timescale 0 0;
v0xd19ba0_0 .net *"_s2", 3 0, C4<zzzz>; 0 drivers
v0xd2bfd0_0 .alias "control", 3 0, v0xd2c570_0;
v0xd2c070_0 .net "instruction", 7 0, v0xd2c610_0; 1 drivers
v0xd2c110_0 .net "load", 0 0, v0xd2c6c0_0; 1 drivers
v0xd2c1c0_0 .var "opcode", 3 0;
v0xd2c260_0 .var "operand", 3 0;
v0xd2c340_0 .net "reset", 0 0, v0xd2c770_0; 1 drivers
v0xd2c3e0_0 .net "send", 0 0, v0xd2c850_0; 1 drivers
v0xd2c4d0_0 .alias "wbus", 3 0, v0xd2c900_0;
E_0xcf4e70 .event posedge, v0xd2c340_0;
E_0xcf5c80 .event edge, v0xd2c110_0, v0xd2c070_0;
L_0xd2ca30 .functor MUXZ 4, C4<zzzz>, v0xd2c260_0, v0xd2c850_0, C4<>;
    .scope S_0xd19ab0;
T_0 ;
    %wait E_0xcf5c80;
    %load/v 8, v0xd2c110_0, 1;
    %jmp/0xz  T_0.0, 8;
    %ix/load 1, 4, 0;
    %mov 4, 0, 1;
    %jmp/1 T_0.2, 4;
    %load/x1p 8, v0xd2c070_0, 4;
    %jmp T_0.3;
T_0.2 ;
    %mov 8, 2, 4;
T_0.3 ;
; Save base=8 wid=4 in lookaside.
    %set/v v0xd2c1c0_0, 8, 4;
    %load/v 8, v0xd2c070_0, 4; Only need 4 of 8 bits
; Save base=8 wid=4 in lookaside.
    %set/v v0xd2c260_0, 8, 4;
T_0.0 ;
    %jmp T_0;
    .thread T_0, $push;
    .scope S_0xd19ab0;
T_1 ;
    %wait E_0xcf4e70;
    %set/v v0xd2c1c0_0, 0, 4;
    %set/v v0xd2c260_0, 0, 4;
    %jmp T_1;
    .thread T_1;
    .scope S_0xd199c0;
T_2 ;
    %set/v v0xd2c770_0, 1, 1;
    %delay 2, 0;
    %set/v v0xd2c770_0, 0, 1;
    %movi 8, 12, 8;
    %set/v v0xd2c610_0, 8, 8;
    %set/v v0xd2c6c0_0, 1, 1;
    %set/v v0xd2c850_0, 0, 1;
    %delay 2, 0;
    %vpi_call 2 21 "$display", "t=%d, control=%4b, wbus=%4b", $time, v0xd2c570_0, v0xd2c900_0;
    %delay 5, 0;
    %set/v v0xd2c6c0_0, 0, 1;
    %set/v v0xd2c850_0, 1, 1;
    %delay 2, 0;
    %vpi_call 2 27 "$display", "t=%d, control=%4b, wbus=%4b", $time, v0xd2c570_0, v0xd2c900_0;
    %delay 5, 0;
    %vpi_call 2 30 "$finish";
    %end;
    .thread T_2;
# The file index is used to find the file name in the following table.
:file_names 4;
    "N/A";
    "<interactive>";
    "testbench.sv";
    "design.sv";
