#! /usr/share/iverilog-0.9.7/bin/vvp
:ivl_version "0.9.7 " "(v0_9_6)";
:vpi_time_precision + 0;
:vpi_module "system";
:vpi_module "v2005_math";
:vpi_module "va_math";
S_0xeaa690 .scope module, "ProgramCounter_tb" "ProgramCounter_tb" 2 3;
 .timescale 0 0;
v0xec1fd0_0 .var "Cp", 0 0;
v0xec2070_0 .var "Ep", 0 0;
v0xec2120_0 .net "PCout", 7 0, v0xec1e90_0; 1 drivers
v0xec21f0_0 .var "clk", 0 0;
v0xec22c0_0 .var "lm", 0 0;
v0xec2340_0 .var "reset", 0 0;
v0xec2400_0 .net "to_RAM", 7 0, v0xeaa870_0; 1 drivers
S_0xec19c0 .scope module, "example_tbPC" "ProgramCounter" 2 10, 3 5, S_0xeaa690;
 .timescale 0 0;
v0xec1b20_0 .net "Cp", 0 0, v0xec1fd0_0; 1 drivers
v0xec1be0_0 .net "Ep", 0 0, v0xec2070_0; 1 drivers
v0xec1c80_0 .alias "PCout", 7 0, v0xec2120_0;
v0xec1d30_0 .net "clk", 0 0, v0xec21f0_0; 1 drivers
v0xec1e10_0 .var "count", 7 0;
v0xec1e90_0 .var "count_buffer", 7 0;
v0xec1f50_0 .net "reset", 0 0, v0xec2340_0; 1 drivers
E_0xec1ab0 .event negedge, v0xec1f50_0;
S_0xeaa780 .scope module, "example_tbMAR" "MAR" 2 11, 3 35, S_0xeaa690;
 .timescale 0 0;
v0xeaa870_0 .var "address", 7 0;
v0xec1730_0 .alias "clk", 0 0, v0xec1d30_0;
v0xec17d0_0 .alias "from_PC", 7 0, v0xec2120_0;
v0xec1870_0 .net "lm", 0 0, v0xec22c0_0; 1 drivers
v0xec1920_0 .alias "to_RAM", 7 0, v0xec2400_0;
E_0xe99db0 .event negedge, v0xec1730_0;
    .scope S_0xec19c0;
T_0 ;
    %set/v v0xec1e90_0, 3, 8;
    %end;
    .thread T_0;
    .scope S_0xec19c0;
T_1 ;
    %wait E_0xe99db0;
    %load/v 8, v0xec1be0_0, 1;
    %jmp/0xz  T_1.0, 8;
    %load/v 8, v0xec1e10_0, 8;
    %ix/load 0, 8, 0;
    %assign/v0 v0xec1e90_0, 0, 8;
    %jmp T_1.1;
T_1.0 ;
    %load/v 8, v0xec1b20_0, 1;
    %jmp/0xz  T_1.2, 8;
    %load/v 8, v0xec1e10_0, 8;
    %cmpi/u 8, 255, 8;
    %mov 8, 4, 1;
    %jmp/0  T_1.4, 8;
    %mov 9, 0, 8;
    %jmp/1  T_1.6, 8;
T_1.4 ; End of true expr.
    %ix/load 0, 1, 0;
    %load/vp0 17, v0xec1e10_0, 8;
    %jmp/0  T_1.5, 8;
 ; End of false expr.
    %blend  9, 17, 8; Condition unknown.
    %jmp  T_1.6;
T_1.5 ;
    %mov 9, 17, 8; Return false value
T_1.6 ;
    %ix/load 0, 8, 0;
    %assign/v0 v0xec1e10_0, 0, 9;
T_1.2 ;
T_1.1 ;
    %jmp T_1;
    .thread T_1;
    .scope S_0xec19c0;
T_2 ;
    %wait E_0xec1ab0;
    %load/v 8, v0xec1f50_0, 1;
    %inv 8, 1;
    %jmp/0xz  T_2.0, 8;
    %ix/load 0, 8, 0;
    %assign/v0 v0xec1e10_0, 0, 0;
T_2.0 ;
    %jmp T_2;
    .thread T_2;
    .scope S_0xeaa780;
T_3 ;
    %set/v v0xeaa870_0, 0, 8;
    %end;
    .thread T_3;
    .scope S_0xeaa780;
T_4 ;
    %wait E_0xe99db0;
    %load/v 8, v0xec1870_0, 1;
    %inv 8, 1;
    %jmp/0xz  T_4.0, 8;
    %load/v 8, v0xec17d0_0, 8;
    %ix/load 0, 8, 0;
    %assign/v0 v0xeaa870_0, 0, 8;
T_4.0 ;
    %jmp T_4;
    .thread T_4;
    .scope S_0xeaa690;
T_5 ;
    %set/v v0xec21f0_0, 1, 1;
    %set/v v0xec2340_0, 1, 1;
    %delay 2, 0;
    %set/v v0xec2340_0, 0, 1;
    %delay 2, 0;
    %set/v v0xec2340_0, 1, 1;
    %end;
    .thread T_5;
    .scope S_0xeaa690;
T_6 ;
    %delay 5, 0;
    %load/v 8, v0xec21f0_0, 1;
    %inv 8, 1;
    %set/v v0xec21f0_0, 8, 1;
    %jmp T_6;
    .thread T_6;
    .scope S_0xeaa690;
T_7 ;
    %delay 2, 0;
    %set/v v0xec2070_0, 1, 1;
    %set/v v0xec22c0_0, 0, 1;
    %delay 5, 0;
    %set/v v0xec2070_0, 0, 1;
    %set/v v0xec22c0_0, 1, 1;
    %vpi_call 2 26 "$display", "t=%d, PCout=%8b, to_RAM=%8b", $time, v0xec2120_0, v0xec2400_0;
    %delay 5, 0;
    %set/v v0xec1fd0_0, 1, 1;
    %delay 5, 0;
    %set/v v0xec1fd0_0, 0, 1;
    %vpi_call 2 29 "$display", "t=%d, PCout=%8b, to_RAM=%8b", $time, v0xec2120_0, v0xec2400_0;
    %delay 5, 0;
    %set/v v0xec2070_0, 1, 1;
    %set/v v0xec22c0_0, 0, 1;
    %delay 5, 0;
    %set/v v0xec2070_0, 0, 1;
    %set/v v0xec22c0_0, 1, 1;
    %vpi_call 2 32 "$display", "t=%d, PCout=%8b, to_RAM=%8b", $time, v0xec2120_0, v0xec2400_0;
    %delay 5, 0;
    %vpi_call 2 34 "$finish";
    %end;
    .thread T_7;
# The file index is used to find the file name in the following table.
:file_names 4;
    "N/A";
    "<interactive>";
    "testbench.sv";
    "design.sv";
