#! /usr/share/iverilog-0.9.7/bin/vvp
:ivl_version "0.9.7 " "(v0_9_6)";
:vpi_time_precision + 0;
:vpi_module "system";
:vpi_module "v2005_math";
:vpi_module "va_math";
S_0x24ff760 .scope module, "MOV_A_Address_tb" "MOV_A_Address_tb" 2 3;
 .timescale 0 0;
v0x252baa0_0 .net "ALU_to_A", 3 0, L_0x252e9f0; 1 drivers
v0x252bb20_0 .net "ALU_to_B", 3 0, L_0x252ea50; 1 drivers
v0x252bba0_0 .net "ALU_to_F_Cout", 0 0, v0x2525ba0_0; 1 drivers
v0x252bc20_0 .net "A_to_ALU", 3 0, v0x2527de0_0; 1 drivers
v0x252bcf0_0 .net "A_to_OUT", 3 0, v0x2527e80_0; 1 drivers
v0x252bdc0_0 .net "A_to_RAM", 3 0, v0x2527cd0_0; 1 drivers
v0x252be90_0 .net "A_to_TMP", 3 0, v0x2527fd0_0; 1 drivers
v0x252bf60_0 .net "B_to_A", 3 0, v0x2526900_0; 1 drivers
v0x252c080_0 .net "B_to_ALU", 3 0, v0x2526860_0; 1 drivers
v0x252c150_0 .net "Cea", 0 0, v0x252a460_0; 1 drivers
v0x252c1d0_0 .net "Cei", 0 0, v0x252a530_0; 1 drivers
v0x252c2a0_0 .net "Cetmp", 0 0, v0x252a5e0_0; 1 drivers
v0x252c370_0 .net "Cp", 0 0, v0x252a690_0; 1 drivers
v0x252c440_0 .net "EaOut", 0 0, v0x252a770_0; 1 drivers
v0x252c590_0 .net "EaRAM", 0 0, v0x252a820_0; 1 drivers
v0x252c660_0 .net "Eatmp", 0 0, v0x252a8a0_0; 1 drivers
v0x252c4c0_0 .net "Eba", 0 0, v0x252a950_0; 1 drivers
v0x252c810_0 .net "Ei", 0 0, v0x252aa00_0; 1 drivers
v0x252c930_0 .net "Ep", 0 0, v0x252aab0_0; 1 drivers
v0x252ca00_0 .net "Etmpb", 0 0, v0x252ab60_0; 1 drivers
v0x252cb30_0 .net "Eu", 0 0, v0x252ac10_0; 1 drivers
v0x252cbb0_0 .net "HLT", 0 0, v0x252acc0_0; 1 drivers
v0x252ccf0_0 .net "IR_to_Control", 3 0, v0x2528750_0; 1 drivers
v0x252cd70_0 .net "IR_to_MAR", 3 0, v0x2528630_0; 1 drivers
v0x252cc30_0 .net "LA", 0 0, v0x252ae70_0; 1 drivers
v0x252cf10_0 .net "LaALU", 0 0, v0x252aef0_0; 1 drivers
v0x252ce40_0 .net "LaOUT", 0 0, v0x252adf0_0; 1 drivers
v0x252d0c0_0 .net "LaRam", 0 0, v0x252b060_0; 1 drivers
v0x252cfe0_0 .net "Lab", 0 0, v0x252b180_0; 1 drivers
v0x252d280_0 .net "LbALU", 0 0, v0x252b200_0; 1 drivers
v0x252d190_0 .net "Lbtmp", 0 0, v0x252b0e0_0; 1 drivers
v0x252d450_0 .net "Li", 0 0, v0x252b360_0; 1 drivers
v0x252d350_0 .net "Lmi", 0 0, v0x252b2b0_0; 1 drivers
v0x252d630_0 .net "Lmp", 0 0, v0x252b4d0_0; 1 drivers
v0x252d520_0 .net "Lo", 0 0, v0x252b410_0; 1 drivers
v0x252d7d0_0 .net "LtmpRAM", 0 0, v0x252b620_0; 1 drivers
v0x252d700_0 .net "Ltmpa", 0 0, v0x252b580_0; 1 drivers
v0x252d980_0 .net "MAR_to_RAM", 3 0, v0x2529ad0_0; 1 drivers
v0x252d8a0_0 .net "OUT_to_disp", 3 0, v0x2525040_0; 1 drivers
v0x252db40_0 .net "PC_to_MAR", 3 0, v0x252a140_0; 1 drivers
RS_0x7ff29b97e858 .resolv tri, v0x2529180_0, v0x25292a0_0, C4<zzzz>, C4<zzzz>;
v0x252da00_0 .net8 "RAM_to_A", 3 0, RS_0x7ff29b97e858; 2 drivers
v0x252da80_0 .net "RAM_to_IR", 7 0, v0x2529200_0; 1 drivers
v0x252dd70_0 .net "RAM_to_TMP", 3 0, C4<zzzz>; 0 drivers
v0x252ddf0_0 .net "Su", 0 0, v0x252b7b0_0; 1 drivers
v0x252dbc0_0 .net "TMP_to_ALU", 3 0, v0x25270d0_0; 1 drivers
v0x252dc90_0 .net "TMP_to_B", 3 0, v0x2527050_0; 1 drivers
v0x252e040_0 .var "clk", 0 0;
v0x252e0c0_0 .var "input_address", 3 0;
v0x252de70_0 .var "input_mode", 0 0;
v0x252def0_0 .var "input_program", 7 0;
v0x252df70_0 .var "reset", 0 0;
S_0x252a2e0 .scope module, "example_tbCS" "ControlSequencer" 2 33, 3 2, S_0x24ff760;
 .timescale 0 0;
v0x252a460_0 .var "Cea", 0 0;
v0x252a530_0 .var "Cei", 0 0;
v0x252a5e0_0 .var "Cetmp", 0 0;
v0x252a690_0 .var "Cp", 0 0;
v0x252a770_0 .var "EaOut", 0 0;
v0x252a820_0 .var "EaRAM", 0 0;
v0x252a8a0_0 .var "Eatmp", 0 0;
v0x252a950_0 .var "Eba", 0 0;
v0x252aa00_0 .var "Ei", 0 0;
v0x252aab0_0 .var "Ep", 0 0;
v0x252ab60_0 .var "Etmpb", 0 0;
v0x252ac10_0 .var "Eu", 0 0;
v0x252acc0_0 .var "HLT", 0 0;
v0x252ad70_0 .alias "IR_to_Control", 3 0, v0x252ccf0_0;
v0x252ae70_0 .var "LA", 0 0;
v0x252aef0_0 .var "LaALU", 0 0;
v0x252adf0_0 .var "LaOUT", 0 0;
v0x252b060_0 .var "LaRam", 0 0;
v0x252b180_0 .var "Lab", 0 0;
v0x252b200_0 .var "LbALU", 0 0;
v0x252b0e0_0 .var "Lbtmp", 0 0;
v0x252b360_0 .var "Li", 0 0;
v0x252b2b0_0 .var "Lmi", 0 0;
v0x252b4d0_0 .var "Lmp", 0 0;
v0x252b410_0 .var "Lo", 0 0;
v0x252b620_0 .var "LtmpRAM", 0 0;
v0x252b580_0 .var "Ltmpa", 0 0;
v0x252b7b0_0 .var "Su", 0 0;
v0x252b6a0_0 .net "clk", 0 0, v0x252e040_0; 1 drivers
v0x252b920_0 .var "counter_state", 5 0;
v0x252b830_0 .net "reset", 0 0, v0x252df70_0; 1 drivers
E_0x25299f0 .event negedge, v0x2524f90_0;
E_0x252a410 .event negedge, v0x25250e0_0, v0x2524f90_0;
S_0x2529bd0 .scope module, "example_tbPC" "ProgramCounter" 2 34, 3 422, S_0x24ff760;
 .timescale 0 0;
v0x2529cc0_0 .alias "Cp", 0 0, v0x252c370_0;
v0x2529d80_0 .alias "Ep", 0 0, v0x252c930_0;
v0x2529e20_0 .alias "HLT", 0 0, v0x252cbb0_0;
v0x2529ec0_0 .alias "PC_to_MAR", 3 0, v0x252db40_0;
v0x2529f70_0 .alias "clk", 0 0, v0x252b6a0_0;
v0x2527d50_0 .var "count", 3 0;
v0x252a140_0 .var "count_buffer", 3 0;
v0x252a1c0_0 .var "first", 0 0;
v0x252a260_0 .alias "reset", 0 0, v0x252b830_0;
S_0x25296d0 .scope module, "example_tbMAR" "MAR" 2 35, 3 481, S_0x24ff760;
 .timescale 0 0;
v0x25297c0_0 .alias "IR_to_MAR", 3 0, v0x252cd70_0;
v0x2529870_0 .alias "Lmi", 0 0, v0x252d350_0;
v0x25298f0_0 .alias "Lmp", 0 0, v0x252d630_0;
v0x2529970_0 .alias "MAR_to_RAM", 3 0, v0x252d980_0;
v0x2529a50_0 .alias "PC_to_MAR", 3 0, v0x252db40_0;
v0x2529ad0_0 .var "address", 3 0;
v0x2529b50_0 .alias "clk", 0 0, v0x252b6a0_0;
E_0x2528d00 .event edge, v0x25298f0_0, v0x2529a50_0, v0x2529870_0, v0x2528460_0;
S_0x2528910 .scope module, "example_tbRAMRAM" "RAM" 2 36, 3 509, S_0x24ff760;
 .timescale 0 0;
v0x2528a90_0 .alias "A_to_RAM", 3 0, v0x252bdc0_0;
v0x2528b60_0 .alias "Cea", 0 0, v0x252c150_0;
v0x2528be0_0 .alias "Cei", 0 0, v0x252c1d0_0;
v0x2528c80_0 .alias "Cetmp", 0 0, v0x252c2a0_0;
v0x2528d30_0 .alias "LA", 0 0, v0x252cc30_0;
v0x2528dd0_0 .alias "MAR_to_RAM", 3 0, v0x252d980_0;
v0x2528e70_0 .alias "RAM_to_A", 3 0, v0x252da00_0;
v0x2528ef0_0 .alias "RAM_to_IR", 7 0, v0x252da80_0;
v0x2528fa0_0 .alias "RAM_to_TMP", 3 0, v0x252da00_0;
v0x2529020_0 .var/i "address", 31 0;
v0x2529100_0 .alias "clk", 0 0, v0x252b6a0_0;
v0x2529180_0 .var "dataA", 3 0;
v0x2529200_0 .var "dataIR", 7 0;
v0x25292a0_0 .var "dataTMP", 3 0;
v0x25293c0_0 .net "input_address", 3 0, v0x252e0c0_0; 1 drivers
v0x2529460_0 .net "input_mode", 0 0, v0x252de70_0; 1 drivers
v0x2529320_0 .net "input_program", 7 0, v0x252def0_0; 1 drivers
v0x25295b0 .array "ram", 15 0, 7 0;
E_0x2528560 .event edge, v0x2528d30_0, v0x25275a0_0, v0x2528dd0_0;
E_0x2528a40 .event edge, v0x2529320_0;
S_0x2528200 .scope module, "example_tbIR" "InstructionRegister" 2 37, 3 581, S_0x24ff760;
 .timescale 0 0;
v0x25282f0_0 .alias "Ei", 0 0, v0x252c810_0;
v0x25283b0_0 .alias "IR_to_Control", 3 0, v0x252ccf0_0;
v0x2528460_0 .alias "IR_to_MAR", 3 0, v0x252cd70_0;
v0x25284e0_0 .alias "Li", 0 0, v0x252d450_0;
v0x2528590_0 .alias "RAM_to_IR", 7 0, v0x252da80_0;
v0x2528630_0 .var "address_field", 3 0;
v0x25286d0_0 .alias "clk", 0 0, v0x252b6a0_0;
v0x2528750_0 .var "opcode", 3 0;
v0x25287f0_0 .var "operand", 3 0;
v0x2528890_0 .alias "reset", 0 0, v0x252b830_0;
E_0x2527f20 .event edge, v0x25284e0_0, v0x2528590_0;
S_0x2527230 .scope module, "example_tbAR" "ARegister" 2 38, 3 627, S_0x24ff760;
 .timescale 0 0;
v0x2527370_0 .alias "ALU_to_A", 3 0, v0x252baa0_0;
v0x2527440_0 .alias "A_to_ALU", 3 0, v0x252bc20_0;
v0x25274f0_0 .alias "A_to_OUT", 3 0, v0x252bcf0_0;
v0x25275a0_0 .alias "A_to_RAM", 3 0, v0x252bdc0_0;
v0x2527650_0 .alias "A_to_TMP", 3 0, v0x252be90_0;
v0x2527700_0 .alias "B_to_A", 3 0, v0x252bf60_0;
v0x25277c0_0 .alias "EaOut", 0 0, v0x252c440_0;
v0x2527840_0 .alias "EaRAM", 0 0, v0x252c590_0;
v0x25278c0_0 .alias "Eatmp", 0 0, v0x252c660_0;
v0x2527940_0 .alias "LaALU", 0 0, v0x252cf10_0;
v0x2527a20_0 .alias "LaRam", 0 0, v0x252d0c0_0;
v0x2527aa0_0 .alias "Lab", 0 0, v0x252cfe0_0;
v0x2527bb0_0 .alias "RAM_to_A", 3 0, v0x252da00_0;
v0x2527c50_0 .alias "clk", 0 0, v0x252b6a0_0;
v0x2527de0_0 .var "dataA", 3 0;
v0x2527e80_0 .var "dataOut", 3 0;
v0x2527cd0_0 .var "dataRAM", 3 0;
v0x2527fd0_0 .var "dataTMP", 3 0;
v0x25280f0_0 .alias "reset", 0 0, v0x252b830_0;
E_0x2527320/0 .event edge, v0x2527a20_0, v0x2527bb0_0, v0x2527aa0_0, v0x25263f0_0;
E_0x2527320/1 .event edge, v0x2527940_0, v0x2525880_0;
E_0x2527320 .event/or E_0x2527320/0, E_0x2527320/1;
S_0x2526a20 .scope module, "example_tbTMPR" "TMPRegister" 2 39, 3 702, S_0x24ff760;
 .timescale 0 0;
v0x2526b30_0 .alias "A_to_TMP", 3 0, v0x252be90_0;
v0x2526bf0_0 .alias "Etmpb", 0 0, v0x252ca00_0;
v0x2526c90_0 .alias "LtmpRAM", 0 0, v0x252d7d0_0;
v0x2526d30_0 .alias "Ltmpa", 0 0, v0x252d700_0;
v0x2526db0_0 .alias "RAM_to_TMP", 3 0, v0x252dd70_0;
v0x2526e50_0 .alias "TMP_to_ALU", 3 0, v0x252dbc0_0;
v0x2526ed0_0 .alias "TMP_to_B", 3 0, v0x252dc90_0;
v0x2526f80_0 .alias "clk", 0 0, v0x252b6a0_0;
v0x2527050_0 .var "dataOut", 3 0;
v0x25270d0_0 .var "dataTMP", 3 0;
v0x25271b0_0 .alias "reset", 0 0, v0x252b830_0;
E_0x2526010 .event edge, v0x2526d30_0, v0x2526b30_0, v0x2526c90_0, v0x2526db0_0;
S_0x25261b0 .scope module, "example_tbBR" "BRegister" 2 40, 3 748, S_0x24ff760;
 .timescale 0 0;
v0x2526320_0 .alias "ALU_to_B", 3 0, v0x252bb20_0;
v0x25263f0_0 .alias "B_to_A", 3 0, v0x252bf60_0;
v0x2526470_0 .alias "B_to_ALU", 3 0, v0x252c080_0;
v0x2526520_0 .alias "Eba", 0 0, v0x252c4c0_0;
v0x25265d0_0 .alias "LbALU", 0 0, v0x252d280_0;
v0x2526650_0 .alias "Lbtmp", 0 0, v0x252d190_0;
v0x25266f0_0 .alias "TMP_to_B", 3 0, v0x252dc90_0;
v0x2526790_0 .alias "clk", 0 0, v0x252b6a0_0;
v0x2526860_0 .var "dataB", 3 0;
v0x2526900_0 .var "dataOut", 3 0;
v0x25269a0_0 .alias "reset", 0 0, v0x252b830_0;
E_0x25262a0 .event edge, v0x2526650_0, v0x25266f0_0, v0x25265d0_0, v0x2525940_0;
S_0x25251c0 .scope module, "example_tbALU" "ALU" 2 41, 3 795, S_0x24ff760;
 .timescale 0 0;
L_0x252e9f0 .functor BUFZ 4, v0x2526130_0, C4<0000>, C4<0000>, C4<0000>;
L_0x252ea50 .functor BUFZ 4, v0x2526130_0, C4<0000>, C4<0000>, C4<0000>;
v0x2525880_0 .alias "ALU_to_A", 3 0, v0x252baa0_0;
v0x2525940_0 .alias "ALU_to_B", 3 0, v0x252bb20_0;
v0x25259e0_0 .alias "ALU_to_F_Cout", 0 0, v0x252bba0_0;
v0x2525a80_0 .alias "A_to_ALU", 3 0, v0x252bc20_0;
v0x2525b00_0 .alias "B_to_ALU", 3 0, v0x252c080_0;
v0x2525ba0_0 .var "Carryout", 0 0;
v0x2525c80_0 .alias "Eu", 0 0, v0x252cb30_0;
v0x2525d20_0 .alias "IR_to_Control", 3 0, v0x252ccf0_0;
v0x2525e10_0 .alias "TMP_to_ALU", 3 0, v0x252dbc0_0;
v0x2525eb0_0 .alias "clk", 0 0, v0x252b6a0_0;
v0x2525f90_0 .alias "reset", 0 0, v0x252b830_0;
v0x2526040_0 .var "result", 3 0;
v0x2526130_0 .var "resultOut", 3 0;
E_0x2525010 .event posedge, v0x2524f90_0;
E_0x25252f0/0 .event edge, v0x2525d20_0, v0x2525a80_0, v0x2525b00_0, v0x2525700_0;
E_0x25252f0/1 .event edge, v0x25257a0_0, v0x2525e10_0;
E_0x25252f0 .event/or E_0x25252f0/0, E_0x25252f0/1;
S_0x2525360 .scope task, "add_sub" "add_sub" 3 813, 3 813, S_0x25251c0;
 .timescale 0 0;
v0x2525450_0 .var "A", 3 0;
v0x2525510_0 .var "B", 3 0;
v0x25255b0_0 .var "BB", 3 0;
v0x2525650_0 .var "Carryin", 0 0;
v0x2525700_0 .var "Carryout", 0 0;
v0x25257a0_0 .var "Sum", 3 0;
TD_MOV_A_Address_tb.example_tbALU.add_sub ;
    %load/v 8, v0x2525650_0, 1;
    %mov 9, 0, 2;
    %cmpi/u 8, 1, 3;
    %jmp/0xz  T_0.0, 4;
    %load/v 8, v0x2525510_0, 4;
    %inv 8, 4;
    %set/v v0x25255b0_0, 8, 4;
    %jmp T_0.1;
T_0.0 ;
    %load/v 8, v0x2525510_0, 4;
    %set/v v0x25255b0_0, 8, 4;
T_0.1 ;
    %load/v 8, v0x2525450_0, 4;
    %mov 12, 0, 1;
    %load/v 13, v0x25255b0_0, 4;
    %mov 17, 0, 1;
    %add 8, 13, 5;
    %load/v 13, v0x2525650_0, 1;
    %mov 14, 0, 4;
    %add 8, 13, 5;
    %set/v v0x25257a0_0, 8, 4;
    %set/v v0x2525700_0, 12, 1;
    %end;
S_0x2503580 .scope module, "example_tbOUTR" "OUTRegister" 2 42, 3 971, S_0x24ff760;
 .timescale 0 0;
v0x24a81e0_0 .alias "A_to_OUT", 3 0, v0x252bcf0_0;
v0x2524e50_0 .alias "LaOUT", 0 0, v0x252ce40_0;
v0x2524ef0_0 .alias "OUT_to_disp", 3 0, v0x252d8a0_0;
v0x2524f90_0 .alias "clk", 0 0, v0x252b6a0_0;
v0x2525040_0 .var "dataDisp", 3 0;
v0x25250e0_0 .alias "reset", 0 0, v0x252b830_0;
E_0x24fa820 .event negedge, v0x25250e0_0;
E_0x24fbc80 .event edge, v0x2524e50_0, v0x24a81e0_0;
    .scope S_0x252a2e0;
T_1 ;
    %wait E_0x252a410;
    %load/v 8, v0x252b830_0, 1;
    %inv 8, 1;
    %jmp/0xz  T_1.0, 8;
    %movi 8, 1, 6;
    %ix/load 0, 6, 0;
    %assign/v0 v0x252b920_0, 0, 8;
    %ix/load 0, 1, 0;
    %assign/v0 v0x252acc0_0, 0, 0;
    %jmp T_1.1;
T_1.0 ;
    %load/v 8, v0x252b920_0, 6;
    %cmpi/u 8, 32, 6;
    %jmp/0xz  T_1.2, 4;
    %movi 8, 1, 6;
    %ix/load 0, 6, 0;
    %assign/v0 v0x252b920_0, 0, 8;
    %jmp T_1.3;
T_1.2 ;
    %load/v 8, v0x252b920_0, 6;
    %ix/load 0, 1, 0;
    %mov 4, 0, 1;
    %shiftl/i0  8, 6;
    %ix/load 0, 6, 0;
    %assign/v0 v0x252b920_0, 0, 8;
T_1.3 ;
T_1.1 ;
    %jmp T_1;
    .thread T_1;
    .scope S_0x252a2e0;
T_2 ;
    %wait E_0x25299f0;
    %load/v 8, v0x252b920_0, 6;
    %cmpi/u 8, 1, 6;
    %jmp/1 T_2.0, 6;
    %cmpi/u 8, 2, 6;
    %jmp/1 T_2.1, 6;
    %cmpi/u 8, 4, 6;
    %jmp/1 T_2.2, 6;
    %cmpi/u 8, 8, 6;
    %jmp/1 T_2.3, 6;
    %cmpi/u 8, 16, 6;
    %jmp/1 T_2.4, 6;
    %cmpi/u 8, 32, 6;
    %jmp/1 T_2.5, 6;
    %ix/load 0, 1, 0;
    %assign/v0 v0x252a690_0, 0, 0;
    %ix/load 0, 1, 0;
    %assign/v0 v0x252aab0_0, 0, 0;
    %ix/load 0, 1, 0;
    %assign/v0 v0x252b4d0_0, 0, 0;
    %ix/load 0, 1, 0;
    %assign/v0 v0x252b2b0_0, 0, 0;
    %ix/load 0, 1, 0;
    %assign/v0 v0x252a530_0, 0, 0;
    %ix/load 0, 1, 0;
    %assign/v0 v0x252a460_0, 0, 0;
    %ix/load 0, 1, 0;
    %assign/v0 v0x252b360_0, 0, 0;
    %ix/load 0, 1, 0;
    %assign/v0 v0x252aa00_0, 0, 0;
    %ix/load 0, 1, 0;
    %assign/v0 v0x252b060_0, 0, 0;
    %ix/load 0, 1, 0;
    %assign/v0 v0x252b180_0, 0, 0;
    %ix/load 0, 1, 0;
    %assign/v0 v0x252a8a0_0, 0, 0;
    %ix/load 0, 1, 0;
    %assign/v0 v0x252b7b0_0, 0, 0;
    %ix/load 0, 1, 0;
    %assign/v0 v0x252ac10_0, 0, 0;
    %ix/load 0, 1, 0;
    %assign/v0 v0x252b0e0_0, 0, 0;
    %ix/load 0, 1, 0;
    %assign/v0 v0x252a950_0, 0, 0;
    %ix/load 0, 1, 0;
    %assign/v0 v0x252b410_0, 0, 0;
    %ix/load 0, 1, 0;
    %assign/v0 v0x252b580_0, 0, 0;
    %ix/load 0, 1, 0;
    %assign/v0 v0x252ab60_0, 0, 0;
    %ix/load 0, 1, 0;
    %assign/v0 v0x252aef0_0, 0, 0;
    %ix/load 0, 1, 0;
    %assign/v0 v0x252a820_0, 0, 0;
    %ix/load 0, 1, 0;
    %assign/v0 v0x252ae70_0, 0, 0;
    %ix/load 0, 1, 0;
    %assign/v0 v0x252b620_0, 0, 0;
    %ix/load 0, 1, 0;
    %assign/v0 v0x252a5e0_0, 0, 0;
    %ix/load 0, 1, 0;
    %assign/v0 v0x252b200_0, 0, 0;
    %ix/load 0, 1, 0;
    %assign/v0 v0x252adf0_0, 0, 0;
    %ix/load 0, 1, 0;
    %assign/v0 v0x252a770_0, 0, 0;
    %jmp T_2.7;
T_2.0 ;
    %ix/load 0, 1, 0;
    %assign/v0 v0x252a690_0, 0, 0;
    %ix/load 0, 1, 0;
    %assign/v0 v0x252aab0_0, 0, 1;
    %ix/load 0, 1, 0;
    %assign/v0 v0x252b4d0_0, 0, 1;
    %ix/load 0, 1, 0;
    %assign/v0 v0x252b2b0_0, 0, 0;
    %ix/load 0, 1, 0;
    %assign/v0 v0x252a530_0, 0, 0;
    %ix/load 0, 1, 0;
    %assign/v0 v0x252a460_0, 0, 0;
    %ix/load 0, 1, 0;
    %assign/v0 v0x252b360_0, 0, 0;
    %ix/load 0, 1, 0;
    %assign/v0 v0x252aa00_0, 0, 0;
    %ix/load 0, 1, 0;
    %assign/v0 v0x252b060_0, 0, 0;
    %ix/load 0, 1, 0;
    %assign/v0 v0x252b180_0, 0, 0;
    %ix/load 0, 1, 0;
    %assign/v0 v0x252a8a0_0, 0, 0;
    %ix/load 0, 1, 0;
    %assign/v0 v0x252b7b0_0, 0, 0;
    %ix/load 0, 1, 0;
    %assign/v0 v0x252ac10_0, 0, 0;
    %ix/load 0, 1, 0;
    %assign/v0 v0x252b0e0_0, 0, 0;
    %ix/load 0, 1, 0;
    %assign/v0 v0x252a950_0, 0, 0;
    %ix/load 0, 1, 0;
    %assign/v0 v0x252b410_0, 0, 0;
    %ix/load 0, 1, 0;
    %assign/v0 v0x252b580_0, 0, 0;
    %ix/load 0, 1, 0;
    %assign/v0 v0x252ab60_0, 0, 0;
    %ix/load 0, 1, 0;
    %assign/v0 v0x252aef0_0, 0, 0;
    %ix/load 0, 1, 0;
    %assign/v0 v0x252a820_0, 0, 0;
    %ix/load 0, 1, 0;
    %assign/v0 v0x252ae70_0, 0, 0;
    %ix/load 0, 1, 0;
    %assign/v0 v0x252b620_0, 0, 0;
    %ix/load 0, 1, 0;
    %assign/v0 v0x252a5e0_0, 0, 0;
    %ix/load 0, 1, 0;
    %assign/v0 v0x252b200_0, 0, 0;
    %ix/load 0, 1, 0;
    %assign/v0 v0x252adf0_0, 0, 0;
    %ix/load 0, 1, 0;
    %assign/v0 v0x252a770_0, 0, 0;
    %jmp T_2.7;
T_2.1 ;
    %load/v 8, v0x252acc0_0, 1;
    %cmpi/u 8, 0, 1;
    %jmp/1 T_2.8, 6;
    %cmpi/u 8, 1, 1;
    %jmp/1 T_2.9, 6;
    %jmp T_2.10;
T_2.8 ;
    %ix/load 0, 1, 0;
    %assign/v0 v0x252a690_0, 0, 1;
    %ix/load 0, 1, 0;
    %assign/v0 v0x252aab0_0, 0, 0;
    %ix/load 0, 1, 0;
    %assign/v0 v0x252b4d0_0, 0, 0;
    %ix/load 0, 1, 0;
    %assign/v0 v0x252b2b0_0, 0, 0;
    %ix/load 0, 1, 0;
    %assign/v0 v0x252a530_0, 0, 0;
    %ix/load 0, 1, 0;
    %assign/v0 v0x252a460_0, 0, 0;
    %ix/load 0, 1, 0;
    %assign/v0 v0x252b360_0, 0, 0;
    %ix/load 0, 1, 0;
    %assign/v0 v0x252aa00_0, 0, 0;
    %ix/load 0, 1, 0;
    %assign/v0 v0x252b060_0, 0, 0;
    %ix/load 0, 1, 0;
    %assign/v0 v0x252b180_0, 0, 0;
    %ix/load 0, 1, 0;
    %assign/v0 v0x252a8a0_0, 0, 0;
    %ix/load 0, 1, 0;
    %assign/v0 v0x252b7b0_0, 0, 0;
    %ix/load 0, 1, 0;
    %assign/v0 v0x252ac10_0, 0, 0;
    %ix/load 0, 1, 0;
    %assign/v0 v0x252b0e0_0, 0, 0;
    %ix/load 0, 1, 0;
    %assign/v0 v0x252a950_0, 0, 0;
    %ix/load 0, 1, 0;
    %assign/v0 v0x252b410_0, 0, 0;
    %ix/load 0, 1, 0;
    %assign/v0 v0x252b580_0, 0, 0;
    %ix/load 0, 1, 0;
    %assign/v0 v0x252ab60_0, 0, 0;
    %ix/load 0, 1, 0;
    %assign/v0 v0x252aef0_0, 0, 0;
    %ix/load 0, 1, 0;
    %assign/v0 v0x252a820_0, 0, 0;
    %ix/load 0, 1, 0;
    %assign/v0 v0x252ae70_0, 0, 0;
    %ix/load 0, 1, 0;
    %assign/v0 v0x252b620_0, 0, 0;
    %ix/load 0, 1, 0;
    %assign/v0 v0x252a5e0_0, 0, 0;
    %ix/load 0, 1, 0;
    %assign/v0 v0x252b200_0, 0, 0;
    %ix/load 0, 1, 0;
    %assign/v0 v0x252adf0_0, 0, 0;
    %ix/load 0, 1, 0;
    %assign/v0 v0x252a770_0, 0, 0;
    %jmp T_2.10;
T_2.9 ;
    %ix/load 0, 1, 0;
    %assign/v0 v0x252a690_0, 0, 0;
    %ix/load 0, 1, 0;
    %assign/v0 v0x252aab0_0, 0, 0;
    %ix/load 0, 1, 0;
    %assign/v0 v0x252b4d0_0, 0, 0;
    %ix/load 0, 1, 0;
    %assign/v0 v0x252b2b0_0, 0, 0;
    %ix/load 0, 1, 0;
    %assign/v0 v0x252a530_0, 0, 0;
    %ix/load 0, 1, 0;
    %assign/v0 v0x252a460_0, 0, 0;
    %ix/load 0, 1, 0;
    %assign/v0 v0x252b360_0, 0, 0;
    %ix/load 0, 1, 0;
    %assign/v0 v0x252aa00_0, 0, 0;
    %ix/load 0, 1, 0;
    %assign/v0 v0x252b060_0, 0, 0;
    %ix/load 0, 1, 0;
    %assign/v0 v0x252b180_0, 0, 0;
    %ix/load 0, 1, 0;
    %assign/v0 v0x252a8a0_0, 0, 0;
    %ix/load 0, 1, 0;
    %assign/v0 v0x252b7b0_0, 0, 0;
    %ix/load 0, 1, 0;
    %assign/v0 v0x252ac10_0, 0, 0;
    %ix/load 0, 1, 0;
    %assign/v0 v0x252b0e0_0, 0, 0;
    %ix/load 0, 1, 0;
    %assign/v0 v0x252a950_0, 0, 0;
    %ix/load 0, 1, 0;
    %assign/v0 v0x252b410_0, 0, 0;
    %ix/load 0, 1, 0;
    %assign/v0 v0x252b580_0, 0, 0;
    %ix/load 0, 1, 0;
    %assign/v0 v0x252ab60_0, 0, 0;
    %ix/load 0, 1, 0;
    %assign/v0 v0x252aef0_0, 0, 0;
    %ix/load 0, 1, 0;
    %assign/v0 v0x252a820_0, 0, 0;
    %ix/load 0, 1, 0;
    %assign/v0 v0x252ae70_0, 0, 0;
    %ix/load 0, 1, 0;
    %assign/v0 v0x252b620_0, 0, 0;
    %ix/load 0, 1, 0;
    %assign/v0 v0x252a5e0_0, 0, 0;
    %ix/load 0, 1, 0;
    %assign/v0 v0x252b200_0, 0, 0;
    %ix/load 0, 1, 0;
    %assign/v0 v0x252adf0_0, 0, 0;
    %ix/load 0, 1, 0;
    %assign/v0 v0x252a770_0, 0, 0;
    %jmp T_2.10;
T_2.10 ;
    %jmp T_2.7;
T_2.2 ;
    %ix/load 0, 1, 0;
    %assign/v0 v0x252a690_0, 0, 0;
    %ix/load 0, 1, 0;
    %assign/v0 v0x252aab0_0, 0, 0;
    %ix/load 0, 1, 0;
    %assign/v0 v0x252b4d0_0, 0, 0;
    %ix/load 0, 1, 0;
    %assign/v0 v0x252b2b0_0, 0, 0;
    %ix/load 0, 1, 0;
    %assign/v0 v0x252a530_0, 0, 1;
    %ix/load 0, 1, 0;
    %assign/v0 v0x252a460_0, 0, 0;
    %ix/load 0, 1, 0;
    %assign/v0 v0x252b360_0, 0, 1;
    %ix/load 0, 1, 0;
    %assign/v0 v0x252aa00_0, 0, 0;
    %ix/load 0, 1, 0;
    %assign/v0 v0x252b060_0, 0, 0;
    %ix/load 0, 1, 0;
    %assign/v0 v0x252b180_0, 0, 0;
    %ix/load 0, 1, 0;
    %assign/v0 v0x252a8a0_0, 0, 0;
    %ix/load 0, 1, 0;
    %assign/v0 v0x252b7b0_0, 0, 0;
    %ix/load 0, 1, 0;
    %assign/v0 v0x252ac10_0, 0, 0;
    %ix/load 0, 1, 0;
    %assign/v0 v0x252b0e0_0, 0, 0;
    %ix/load 0, 1, 0;
    %assign/v0 v0x252a950_0, 0, 0;
    %ix/load 0, 1, 0;
    %assign/v0 v0x252b410_0, 0, 0;
    %ix/load 0, 1, 0;
    %assign/v0 v0x252b580_0, 0, 0;
    %ix/load 0, 1, 0;
    %assign/v0 v0x252ab60_0, 0, 0;
    %ix/load 0, 1, 0;
    %assign/v0 v0x252aef0_0, 0, 0;
    %ix/load 0, 1, 0;
    %assign/v0 v0x252a820_0, 0, 0;
    %ix/load 0, 1, 0;
    %assign/v0 v0x252ae70_0, 0, 0;
    %ix/load 0, 1, 0;
    %assign/v0 v0x252b620_0, 0, 0;
    %ix/load 0, 1, 0;
    %assign/v0 v0x252a5e0_0, 0, 0;
    %ix/load 0, 1, 0;
    %assign/v0 v0x252b200_0, 0, 0;
    %ix/load 0, 1, 0;
    %assign/v0 v0x252adf0_0, 0, 0;
    %ix/load 0, 1, 0;
    %assign/v0 v0x252a770_0, 0, 0;
    %jmp T_2.7;
T_2.3 ;
    %load/v 8, v0x252ad70_0, 4;
    %cmpi/u 8, 7, 4;
    %jmp/1 T_2.11, 6;
    %cmpi/u 8, 3, 4;
    %jmp/1 T_2.12, 6;
    %cmpi/u 8, 1, 4;
    %jmp/1 T_2.13, 6;
    %cmpi/u 8, 2, 4;
    %jmp/1 T_2.14, 6;
    %cmpi/u 8, 8, 4;
    %jmp/1 T_2.15, 6;
    %cmpi/u 8, 6, 4;
    %jmp/1 T_2.16, 6;
    %cmpi/u 8, 9, 4;
    %jmp/1 T_2.17, 6;
    %cmpi/u 8, 10, 4;
    %jmp/1 T_2.18, 6;
    %cmpi/u 8, 15, 4;
    %jmp/1 T_2.19, 6;
    %jmp T_2.20;
T_2.11 ;
    %ix/load 0, 1, 0;
    %assign/v0 v0x252a690_0, 0, 0;
    %ix/load 0, 1, 0;
    %assign/v0 v0x252aab0_0, 0, 0;
    %ix/load 0, 1, 0;
    %assign/v0 v0x252b4d0_0, 0, 0;
    %ix/load 0, 1, 0;
    %assign/v0 v0x252b2b0_0, 0, 1;
    %ix/load 0, 1, 0;
    %assign/v0 v0x252a530_0, 0, 0;
    %ix/load 0, 1, 0;
    %assign/v0 v0x252a460_0, 0, 0;
    %ix/load 0, 1, 0;
    %assign/v0 v0x252b360_0, 0, 0;
    %ix/load 0, 1, 0;
    %assign/v0 v0x252aa00_0, 0, 1;
    %ix/load 0, 1, 0;
    %assign/v0 v0x252b060_0, 0, 0;
    %ix/load 0, 1, 0;
    %assign/v0 v0x252b180_0, 0, 0;
    %ix/load 0, 1, 0;
    %assign/v0 v0x252a8a0_0, 0, 0;
    %ix/load 0, 1, 0;
    %assign/v0 v0x252b7b0_0, 0, 0;
    %ix/load 0, 1, 0;
    %assign/v0 v0x252ac10_0, 0, 0;
    %ix/load 0, 1, 0;
    %assign/v0 v0x252b0e0_0, 0, 0;
    %ix/load 0, 1, 0;
    %assign/v0 v0x252a950_0, 0, 0;
    %ix/load 0, 1, 0;
    %assign/v0 v0x252b410_0, 0, 0;
    %ix/load 0, 1, 0;
    %assign/v0 v0x252b580_0, 0, 0;
    %ix/load 0, 1, 0;
    %assign/v0 v0x252ab60_0, 0, 0;
    %ix/load 0, 1, 0;
    %assign/v0 v0x252aef0_0, 0, 0;
    %ix/load 0, 1, 0;
    %assign/v0 v0x252a820_0, 0, 0;
    %ix/load 0, 1, 0;
    %assign/v0 v0x252ae70_0, 0, 0;
    %ix/load 0, 1, 0;
    %assign/v0 v0x252b620_0, 0, 0;
    %ix/load 0, 1, 0;
    %assign/v0 v0x252a5e0_0, 0, 0;
    %ix/load 0, 1, 0;
    %assign/v0 v0x252b200_0, 0, 0;
    %ix/load 0, 1, 0;
    %assign/v0 v0x252adf0_0, 0, 0;
    %ix/load 0, 1, 0;
    %assign/v0 v0x252a770_0, 0, 0;
    %jmp T_2.20;
T_2.12 ;
    %ix/load 0, 1, 0;
    %assign/v0 v0x252a690_0, 0, 0;
    %ix/load 0, 1, 0;
    %assign/v0 v0x252aab0_0, 0, 0;
    %ix/load 0, 1, 0;
    %assign/v0 v0x252b4d0_0, 0, 0;
    %ix/load 0, 1, 0;
    %assign/v0 v0x252b2b0_0, 0, 0;
    %ix/load 0, 1, 0;
    %assign/v0 v0x252a530_0, 0, 0;
    %ix/load 0, 1, 0;
    %assign/v0 v0x252a460_0, 0, 0;
    %ix/load 0, 1, 0;
    %assign/v0 v0x252b360_0, 0, 0;
    %ix/load 0, 1, 0;
    %assign/v0 v0x252aa00_0, 0, 0;
    %ix/load 0, 1, 0;
    %assign/v0 v0x252b060_0, 0, 0;
    %ix/load 0, 1, 0;
    %assign/v0 v0x252b180_0, 0, 0;
    %ix/load 0, 1, 0;
    %assign/v0 v0x252a8a0_0, 0, 1;
    %ix/load 0, 1, 0;
    %assign/v0 v0x252b7b0_0, 0, 0;
    %ix/load 0, 1, 0;
    %assign/v0 v0x252ac10_0, 0, 0;
    %ix/load 0, 1, 0;
    %assign/v0 v0x252b0e0_0, 0, 0;
    %ix/load 0, 1, 0;
    %assign/v0 v0x252a950_0, 0, 0;
    %ix/load 0, 1, 0;
    %assign/v0 v0x252b410_0, 0, 0;
    %ix/load 0, 1, 0;
    %assign/v0 v0x252b580_0, 0, 1;
    %ix/load 0, 1, 0;
    %assign/v0 v0x252ab60_0, 0, 0;
    %ix/load 0, 1, 0;
    %assign/v0 v0x252aef0_0, 0, 0;
    %ix/load 0, 1, 0;
    %assign/v0 v0x252a820_0, 0, 0;
    %ix/load 0, 1, 0;
    %assign/v0 v0x252ae70_0, 0, 0;
    %ix/load 0, 1, 0;
    %assign/v0 v0x252b620_0, 0, 0;
    %ix/load 0, 1, 0;
    %assign/v0 v0x252a5e0_0, 0, 0;
    %ix/load 0, 1, 0;
    %assign/v0 v0x252b200_0, 0, 0;
    %ix/load 0, 1, 0;
    %assign/v0 v0x252adf0_0, 0, 0;
    %ix/load 0, 1, 0;
    %assign/v0 v0x252a770_0, 0, 0;
    %jmp T_2.20;
T_2.13 ;
    %ix/load 0, 1, 0;
    %assign/v0 v0x252a690_0, 0, 0;
    %ix/load 0, 1, 0;
    %assign/v0 v0x252aab0_0, 0, 0;
    %ix/load 0, 1, 0;
    %assign/v0 v0x252b4d0_0, 0, 0;
    %ix/load 0, 1, 0;
    %assign/v0 v0x252b2b0_0, 0, 0;
    %ix/load 0, 1, 0;
    %assign/v0 v0x252a530_0, 0, 0;
    %ix/load 0, 1, 0;
    %assign/v0 v0x252a460_0, 0, 0;
    %ix/load 0, 1, 0;
    %assign/v0 v0x252b360_0, 0, 0;
    %ix/load 0, 1, 0;
    %assign/v0 v0x252aa00_0, 0, 0;
    %ix/load 0, 1, 0;
    %assign/v0 v0x252b060_0, 0, 0;
    %ix/load 0, 1, 0;
    %assign/v0 v0x252b180_0, 0, 0;
    %ix/load 0, 1, 0;
    %assign/v0 v0x252a8a0_0, 0, 0;
    %ix/load 0, 1, 0;
    %assign/v0 v0x252b7b0_0, 0, 0;
    %ix/load 0, 1, 0;
    %assign/v0 v0x252ac10_0, 0, 1;
    %ix/load 0, 1, 0;
    %assign/v0 v0x252b0e0_0, 0, 0;
    %ix/load 0, 1, 0;
    %assign/v0 v0x252a950_0, 0, 0;
    %ix/load 0, 1, 0;
    %assign/v0 v0x252b410_0, 0, 0;
    %ix/load 0, 1, 0;
    %assign/v0 v0x252b580_0, 0, 0;
    %ix/load 0, 1, 0;
    %assign/v0 v0x252ab60_0, 0, 0;
    %ix/load 0, 1, 0;
    %assign/v0 v0x252aef0_0, 0, 0;
    %ix/load 0, 1, 0;
    %assign/v0 v0x252a820_0, 0, 0;
    %ix/load 0, 1, 0;
    %assign/v0 v0x252ae70_0, 0, 0;
    %ix/load 0, 1, 0;
    %assign/v0 v0x252b620_0, 0, 0;
    %ix/load 0, 1, 0;
    %assign/v0 v0x252a5e0_0, 0, 0;
    %ix/load 0, 1, 0;
    %assign/v0 v0x252b200_0, 0, 0;
    %ix/load 0, 1, 0;
    %assign/v0 v0x252adf0_0, 0, 0;
    %ix/load 0, 1, 0;
    %assign/v0 v0x252a770_0, 0, 0;
    %jmp T_2.20;
T_2.14 ;
    %ix/load 0, 1, 0;
    %assign/v0 v0x252a690_0, 0, 0;
    %ix/load 0, 1, 0;
    %assign/v0 v0x252aab0_0, 0, 0;
    %ix/load 0, 1, 0;
    %assign/v0 v0x252b4d0_0, 0, 0;
    %ix/load 0, 1, 0;
    %assign/v0 v0x252b2b0_0, 0, 0;
    %ix/load 0, 1, 0;
    %assign/v0 v0x252a530_0, 0, 0;
    %ix/load 0, 1, 0;
    %assign/v0 v0x252a460_0, 0, 0;
    %ix/load 0, 1, 0;
    %assign/v0 v0x252b360_0, 0, 0;
    %ix/load 0, 1, 0;
    %assign/v0 v0x252aa00_0, 0, 0;
    %ix/load 0, 1, 0;
    %assign/v0 v0x252b060_0, 0, 0;
    %ix/load 0, 1, 0;
    %assign/v0 v0x252b180_0, 0, 0;
    %ix/load 0, 1, 0;
    %assign/v0 v0x252a8a0_0, 0, 0;
    %ix/load 0, 1, 0;
    %assign/v0 v0x252b7b0_0, 0, 0;
    %ix/load 0, 1, 0;
    %assign/v0 v0x252ac10_0, 0, 1;
    %ix/load 0, 1, 0;
    %assign/v0 v0x252b0e0_0, 0, 0;
    %ix/load 0, 1, 0;
    %assign/v0 v0x252a950_0, 0, 0;
    %ix/load 0, 1, 0;
    %assign/v0 v0x252b410_0, 0, 0;
    %ix/load 0, 1, 0;
    %assign/v0 v0x252b580_0, 0, 0;
    %ix/load 0, 1, 0;
    %assign/v0 v0x252ab60_0, 0, 0;
    %ix/load 0, 1, 0;
    %assign/v0 v0x252aef0_0, 0, 0;
    %ix/load 0, 1, 0;
    %assign/v0 v0x252a820_0, 0, 0;
    %ix/load 0, 1, 0;
    %assign/v0 v0x252ae70_0, 0, 0;
    %ix/load 0, 1, 0;
    %assign/v0 v0x252b620_0, 0, 0;
    %ix/load 0, 1, 0;
    %assign/v0 v0x252a5e0_0, 0, 0;
    %ix/load 0, 1, 0;
    %assign/v0 v0x252b200_0, 0, 0;
    %ix/load 0, 1, 0;
    %assign/v0 v0x252adf0_0, 0, 0;
    %ix/load 0, 1, 0;
    %assign/v0 v0x252a770_0, 0, 0;
    %jmp T_2.20;
T_2.15 ;
    %ix/load 0, 1, 0;
    %assign/v0 v0x252a690_0, 0, 0;
    %ix/load 0, 1, 0;
    %assign/v0 v0x252aab0_0, 0, 0;
    %ix/load 0, 1, 0;
    %assign/v0 v0x252b4d0_0, 0, 0;
    %ix/load 0, 1, 0;
    %assign/v0 v0x252b2b0_0, 0, 0;
    %ix/load 0, 1, 0;
    %assign/v0 v0x252a530_0, 0, 0;
    %ix/load 0, 1, 0;
    %assign/v0 v0x252a460_0, 0, 0;
    %ix/load 0, 1, 0;
    %assign/v0 v0x252b360_0, 0, 0;
    %ix/load 0, 1, 0;
    %assign/v0 v0x252aa00_0, 0, 0;
    %ix/load 0, 1, 0;
    %assign/v0 v0x252b060_0, 0, 0;
    %ix/load 0, 1, 0;
    %assign/v0 v0x252b180_0, 0, 0;
    %ix/load 0, 1, 0;
    %assign/v0 v0x252a8a0_0, 0, 0;
    %ix/load 0, 1, 0;
    %assign/v0 v0x252b7b0_0, 0, 0;
    %ix/load 0, 1, 0;
    %assign/v0 v0x252ac10_0, 0, 1;
    %ix/load 0, 1, 0;
    %assign/v0 v0x252b0e0_0, 0, 0;
    %ix/load 0, 1, 0;
    %assign/v0 v0x252a950_0, 0, 0;
    %ix/load 0, 1, 0;
    %assign/v0 v0x252b410_0, 0, 0;
    %ix/load 0, 1, 0;
    %assign/v0 v0x252b580_0, 0, 0;
    %ix/load 0, 1, 0;
    %assign/v0 v0x252ab60_0, 0, 0;
    %ix/load 0, 1, 0;
    %assign/v0 v0x252aef0_0, 0, 0;
    %ix/load 0, 1, 0;
    %assign/v0 v0x252a820_0, 0, 0;
    %ix/load 0, 1, 0;
    %assign/v0 v0x252ae70_0, 0, 0;
    %ix/load 0, 1, 0;
    %assign/v0 v0x252b620_0, 0, 0;
    %ix/load 0, 1, 0;
    %assign/v0 v0x252a5e0_0, 0, 0;
    %ix/load 0, 1, 0;
    %assign/v0 v0x252b200_0, 0, 0;
    %ix/load 0, 1, 0;
    %assign/v0 v0x252adf0_0, 0, 0;
    %ix/load 0, 1, 0;
    %assign/v0 v0x252a770_0, 0, 0;
    %jmp T_2.20;
T_2.16 ;
    %ix/load 0, 1, 0;
    %assign/v0 v0x252a690_0, 0, 0;
    %ix/load 0, 1, 0;
    %assign/v0 v0x252aab0_0, 0, 0;
    %ix/load 0, 1, 0;
    %assign/v0 v0x252b4d0_0, 0, 0;
    %ix/load 0, 1, 0;
    %assign/v0 v0x252b2b0_0, 0, 1;
    %ix/load 0, 1, 0;
    %assign/v0 v0x252a530_0, 0, 0;
    %ix/load 0, 1, 0;
    %assign/v0 v0x252a460_0, 0, 0;
    %ix/load 0, 1, 0;
    %assign/v0 v0x252b360_0, 0, 0;
    %ix/load 0, 1, 0;
    %assign/v0 v0x252aa00_0, 0, 1;
    %ix/load 0, 1, 0;
    %assign/v0 v0x252b060_0, 0, 0;
    %ix/load 0, 1, 0;
    %assign/v0 v0x252b180_0, 0, 0;
    %ix/load 0, 1, 0;
    %assign/v0 v0x252a8a0_0, 0, 0;
    %ix/load 0, 1, 0;
    %assign/v0 v0x252b7b0_0, 0, 0;
    %ix/load 0, 1, 0;
    %assign/v0 v0x252ac10_0, 0, 0;
    %ix/load 0, 1, 0;
    %assign/v0 v0x252b0e0_0, 0, 0;
    %ix/load 0, 1, 0;
    %assign/v0 v0x252a950_0, 0, 0;
    %ix/load 0, 1, 0;
    %assign/v0 v0x252b410_0, 0, 0;
    %ix/load 0, 1, 0;
    %assign/v0 v0x252b580_0, 0, 0;
    %ix/load 0, 1, 0;
    %assign/v0 v0x252ab60_0, 0, 0;
    %ix/load 0, 1, 0;
    %assign/v0 v0x252aef0_0, 0, 0;
    %ix/load 0, 1, 0;
    %assign/v0 v0x252a820_0, 0, 0;
    %ix/load 0, 1, 0;
    %assign/v0 v0x252ae70_0, 0, 0;
    %ix/load 0, 1, 0;
    %assign/v0 v0x252b620_0, 0, 0;
    %ix/load 0, 1, 0;
    %assign/v0 v0x252a5e0_0, 0, 0;
    %ix/load 0, 1, 0;
    %assign/v0 v0x252b200_0, 0, 0;
    %ix/load 0, 1, 0;
    %assign/v0 v0x252adf0_0, 0, 0;
    %ix/load 0, 1, 0;
    %assign/v0 v0x252a770_0, 0, 0;
    %jmp T_2.20;
T_2.17 ;
    %ix/load 0, 1, 0;
    %assign/v0 v0x252a690_0, 0, 0;
    %ix/load 0, 1, 0;
    %assign/v0 v0x252aab0_0, 0, 0;
    %ix/load 0, 1, 0;
    %assign/v0 v0x252b4d0_0, 0, 0;
    %ix/load 0, 1, 0;
    %assign/v0 v0x252b2b0_0, 0, 1;
    %ix/load 0, 1, 0;
    %assign/v0 v0x252a530_0, 0, 0;
    %ix/load 0, 1, 0;
    %assign/v0 v0x252a460_0, 0, 0;
    %ix/load 0, 1, 0;
    %assign/v0 v0x252b360_0, 0, 0;
    %ix/load 0, 1, 0;
    %assign/v0 v0x252aa00_0, 0, 1;
    %ix/load 0, 1, 0;
    %assign/v0 v0x252b060_0, 0, 0;
    %ix/load 0, 1, 0;
    %assign/v0 v0x252b180_0, 0, 0;
    %ix/load 0, 1, 0;
    %assign/v0 v0x252a8a0_0, 0, 0;
    %ix/load 0, 1, 0;
    %assign/v0 v0x252b7b0_0, 0, 0;
    %ix/load 0, 1, 0;
    %assign/v0 v0x252ac10_0, 0, 0;
    %ix/load 0, 1, 0;
    %assign/v0 v0x252b0e0_0, 0, 0;
    %ix/load 0, 1, 0;
    %assign/v0 v0x252a950_0, 0, 0;
    %ix/load 0, 1, 0;
    %assign/v0 v0x252b410_0, 0, 0;
    %ix/load 0, 1, 0;
    %assign/v0 v0x252b580_0, 0, 0;
    %ix/load 0, 1, 0;
    %assign/v0 v0x252ab60_0, 0, 0;
    %ix/load 0, 1, 0;
    %assign/v0 v0x252aef0_0, 0, 0;
    %ix/load 0, 1, 0;
    %assign/v0 v0x252a820_0, 0, 0;
    %ix/load 0, 1, 0;
    %assign/v0 v0x252ae70_0, 0, 0;
    %ix/load 0, 1, 0;
    %assign/v0 v0x252b620_0, 0, 0;
    %ix/load 0, 1, 0;
    %assign/v0 v0x252a5e0_0, 0, 0;
    %ix/load 0, 1, 0;
    %assign/v0 v0x252b200_0, 0, 0;
    %ix/load 0, 1, 0;
    %assign/v0 v0x252adf0_0, 0, 0;
    %ix/load 0, 1, 0;
    %assign/v0 v0x252a770_0, 0, 0;
    %jmp T_2.20;
T_2.18 ;
    %ix/load 0, 1, 0;
    %assign/v0 v0x252a690_0, 0, 0;
    %ix/load 0, 1, 0;
    %assign/v0 v0x252aab0_0, 0, 0;
    %ix/load 0, 1, 0;
    %assign/v0 v0x252b4d0_0, 0, 0;
    %ix/load 0, 1, 0;
    %assign/v0 v0x252b2b0_0, 0, 0;
    %ix/load 0, 1, 0;
    %assign/v0 v0x252a530_0, 0, 0;
    %ix/load 0, 1, 0;
    %assign/v0 v0x252a460_0, 0, 0;
    %ix/load 0, 1, 0;
    %assign/v0 v0x252b360_0, 0, 0;
    %ix/load 0, 1, 0;
    %assign/v0 v0x252aa00_0, 0, 0;
    %ix/load 0, 1, 0;
    %assign/v0 v0x252b060_0, 0, 0;
    %ix/load 0, 1, 0;
    %assign/v0 v0x252b180_0, 0, 0;
    %ix/load 0, 1, 0;
    %assign/v0 v0x252a8a0_0, 0, 0;
    %ix/load 0, 1, 0;
    %assign/v0 v0x252b7b0_0, 0, 0;
    %ix/load 0, 1, 0;
    %assign/v0 v0x252ac10_0, 0, 0;
    %ix/load 0, 1, 0;
    %assign/v0 v0x252b0e0_0, 0, 0;
    %ix/load 0, 1, 0;
    %assign/v0 v0x252a950_0, 0, 0;
    %ix/load 0, 1, 0;
    %assign/v0 v0x252b410_0, 0, 0;
    %ix/load 0, 1, 0;
    %assign/v0 v0x252b580_0, 0, 0;
    %ix/load 0, 1, 0;
    %assign/v0 v0x252ab60_0, 0, 0;
    %ix/load 0, 1, 0;
    %assign/v0 v0x252aef0_0, 0, 0;
    %ix/load 0, 1, 0;
    %assign/v0 v0x252a820_0, 0, 0;
    %ix/load 0, 1, 0;
    %assign/v0 v0x252ae70_0, 0, 0;
    %ix/load 0, 1, 0;
    %assign/v0 v0x252b620_0, 0, 0;
    %ix/load 0, 1, 0;
    %assign/v0 v0x252a5e0_0, 0, 0;
    %ix/load 0, 1, 0;
    %assign/v0 v0x252b200_0, 0, 0;
    %ix/load 0, 1, 0;
    %assign/v0 v0x252adf0_0, 0, 1;
    %ix/load 0, 1, 0;
    %assign/v0 v0x252a770_0, 0, 1;
    %jmp T_2.20;
T_2.19 ;
    %ix/load 0, 1, 0;
    %assign/v0 v0x252a690_0, 0, 0;
    %ix/load 0, 1, 0;
    %assign/v0 v0x252aab0_0, 0, 0;
    %ix/load 0, 1, 0;
    %assign/v0 v0x252b4d0_0, 0, 0;
    %ix/load 0, 1, 0;
    %assign/v0 v0x252b2b0_0, 0, 0;
    %ix/load 0, 1, 0;
    %assign/v0 v0x252a530_0, 0, 0;
    %ix/load 0, 1, 0;
    %assign/v0 v0x252a460_0, 0, 0;
    %ix/load 0, 1, 0;
    %assign/v0 v0x252b360_0, 0, 0;
    %ix/load 0, 1, 0;
    %assign/v0 v0x252aa00_0, 0, 0;
    %ix/load 0, 1, 0;
    %assign/v0 v0x252b060_0, 0, 0;
    %ix/load 0, 1, 0;
    %assign/v0 v0x252b180_0, 0, 0;
    %ix/load 0, 1, 0;
    %assign/v0 v0x252a8a0_0, 0, 0;
    %ix/load 0, 1, 0;
    %assign/v0 v0x252b7b0_0, 0, 0;
    %ix/load 0, 1, 0;
    %assign/v0 v0x252ac10_0, 0, 0;
    %ix/load 0, 1, 0;
    %assign/v0 v0x252b0e0_0, 0, 0;
    %ix/load 0, 1, 0;
    %assign/v0 v0x252a950_0, 0, 0;
    %ix/load 0, 1, 0;
    %assign/v0 v0x252b410_0, 0, 0;
    %ix/load 0, 1, 0;
    %assign/v0 v0x252b580_0, 0, 0;
    %ix/load 0, 1, 0;
    %assign/v0 v0x252ab60_0, 0, 0;
    %ix/load 0, 1, 0;
    %assign/v0 v0x252aef0_0, 0, 0;
    %ix/load 0, 1, 0;
    %assign/v0 v0x252a820_0, 0, 0;
    %ix/load 0, 1, 0;
    %assign/v0 v0x252ae70_0, 0, 0;
    %ix/load 0, 1, 0;
    %assign/v0 v0x252b620_0, 0, 0;
    %ix/load 0, 1, 0;
    %assign/v0 v0x252a5e0_0, 0, 0;
    %ix/load 0, 1, 0;
    %assign/v0 v0x252b200_0, 0, 0;
    %ix/load 0, 1, 0;
    %assign/v0 v0x252adf0_0, 0, 0;
    %ix/load 0, 1, 0;
    %assign/v0 v0x252a770_0, 0, 0;
    %ix/load 0, 1, 0;
    %assign/v0 v0x252acc0_0, 0, 1;
    %jmp T_2.20;
T_2.20 ;
    %jmp T_2.7;
T_2.4 ;
    %load/v 8, v0x252ad70_0, 4;
    %cmpi/u 8, 7, 4;
    %jmp/1 T_2.21, 6;
    %cmpi/u 8, 3, 4;
    %jmp/1 T_2.22, 6;
    %cmpi/u 8, 1, 4;
    %jmp/1 T_2.23, 6;
    %cmpi/u 8, 2, 4;
    %jmp/1 T_2.24, 6;
    %cmpi/u 8, 8, 4;
    %jmp/1 T_2.25, 6;
    %cmpi/u 8, 6, 4;
    %jmp/1 T_2.26, 6;
    %cmpi/u 8, 9, 4;
    %jmp/1 T_2.27, 6;
    %cmpi/u 8, 10, 4;
    %jmp/1 T_2.28, 6;
    %cmpi/u 8, 15, 4;
    %jmp/1 T_2.29, 6;
    %jmp T_2.30;
T_2.21 ;
    %ix/load 0, 1, 0;
    %assign/v0 v0x252a690_0, 0, 0;
    %ix/load 0, 1, 0;
    %assign/v0 v0x252aab0_0, 0, 0;
    %ix/load 0, 1, 0;
    %assign/v0 v0x252b4d0_0, 0, 0;
    %ix/load 0, 1, 0;
    %assign/v0 v0x252b2b0_0, 0, 0;
    %ix/load 0, 1, 0;
    %assign/v0 v0x252a530_0, 0, 0;
    %ix/load 0, 1, 0;
    %assign/v0 v0x252a460_0, 0, 1;
    %ix/load 0, 1, 0;
    %assign/v0 v0x252b360_0, 0, 0;
    %ix/load 0, 1, 0;
    %assign/v0 v0x252aa00_0, 0, 0;
    %ix/load 0, 1, 0;
    %assign/v0 v0x252b060_0, 0, 1;
    %ix/load 0, 1, 0;
    %assign/v0 v0x252b180_0, 0, 0;
    %ix/load 0, 1, 0;
    %assign/v0 v0x252a8a0_0, 0, 0;
    %ix/load 0, 1, 0;
    %assign/v0 v0x252b7b0_0, 0, 0;
    %ix/load 0, 1, 0;
    %assign/v0 v0x252ac10_0, 0, 0;
    %ix/load 0, 1, 0;
    %assign/v0 v0x252b0e0_0, 0, 0;
    %ix/load 0, 1, 0;
    %assign/v0 v0x252a950_0, 0, 0;
    %ix/load 0, 1, 0;
    %assign/v0 v0x252b410_0, 0, 0;
    %ix/load 0, 1, 0;
    %assign/v0 v0x252b580_0, 0, 0;
    %ix/load 0, 1, 0;
    %assign/v0 v0x252ab60_0, 0, 0;
    %ix/load 0, 1, 0;
    %assign/v0 v0x252aef0_0, 0, 0;
    %ix/load 0, 1, 0;
    %assign/v0 v0x252a820_0, 0, 0;
    %ix/load 0, 1, 0;
    %assign/v0 v0x252ae70_0, 0, 0;
    %ix/load 0, 1, 0;
    %assign/v0 v0x252b620_0, 0, 0;
    %ix/load 0, 1, 0;
    %assign/v0 v0x252a5e0_0, 0, 0;
    %ix/load 0, 1, 0;
    %assign/v0 v0x252b200_0, 0, 0;
    %ix/load 0, 1, 0;
    %assign/v0 v0x252adf0_0, 0, 0;
    %ix/load 0, 1, 0;
    %assign/v0 v0x252a770_0, 0, 0;
    %jmp T_2.30;
T_2.22 ;
    %ix/load 0, 1, 0;
    %assign/v0 v0x252a690_0, 0, 0;
    %ix/load 0, 1, 0;
    %assign/v0 v0x252aab0_0, 0, 0;
    %ix/load 0, 1, 0;
    %assign/v0 v0x252b4d0_0, 0, 0;
    %ix/load 0, 1, 0;
    %assign/v0 v0x252b2b0_0, 0, 0;
    %ix/load 0, 1, 0;
    %assign/v0 v0x252a530_0, 0, 0;
    %ix/load 0, 1, 0;
    %assign/v0 v0x252a460_0, 0, 0;
    %ix/load 0, 1, 0;
    %assign/v0 v0x252b360_0, 0, 0;
    %ix/load 0, 1, 0;
    %assign/v0 v0x252aa00_0, 0, 0;
    %ix/load 0, 1, 0;
    %assign/v0 v0x252b060_0, 0, 0;
    %ix/load 0, 1, 0;
    %assign/v0 v0x252b180_0, 0, 1;
    %ix/load 0, 1, 0;
    %assign/v0 v0x252a8a0_0, 0, 0;
    %ix/load 0, 1, 0;
    %assign/v0 v0x252b7b0_0, 0, 0;
    %ix/load 0, 1, 0;
    %assign/v0 v0x252ac10_0, 0, 0;
    %ix/load 0, 1, 0;
    %assign/v0 v0x252b0e0_0, 0, 0;
    %ix/load 0, 1, 0;
    %assign/v0 v0x252a950_0, 0, 1;
    %ix/load 0, 1, 0;
    %assign/v0 v0x252b410_0, 0, 0;
    %ix/load 0, 1, 0;
    %assign/v0 v0x252b580_0, 0, 0;
    %ix/load 0, 1, 0;
    %assign/v0 v0x252ab60_0, 0, 0;
    %ix/load 0, 1, 0;
    %assign/v0 v0x252aef0_0, 0, 0;
    %ix/load 0, 1, 0;
    %assign/v0 v0x252a820_0, 0, 0;
    %ix/load 0, 1, 0;
    %assign/v0 v0x252ae70_0, 0, 0;
    %ix/load 0, 1, 0;
    %assign/v0 v0x252b620_0, 0, 0;
    %ix/load 0, 1, 0;
    %assign/v0 v0x252a5e0_0, 0, 0;
    %ix/load 0, 1, 0;
    %assign/v0 v0x252b200_0, 0, 0;
    %ix/load 0, 1, 0;
    %assign/v0 v0x252adf0_0, 0, 0;
    %ix/load 0, 1, 0;
    %assign/v0 v0x252a770_0, 0, 0;
    %jmp T_2.30;
T_2.23 ;
    %ix/load 0, 1, 0;
    %assign/v0 v0x252a690_0, 0, 0;
    %ix/load 0, 1, 0;
    %assign/v0 v0x252aab0_0, 0, 0;
    %ix/load 0, 1, 0;
    %assign/v0 v0x252b4d0_0, 0, 0;
    %ix/load 0, 1, 0;
    %assign/v0 v0x252b2b0_0, 0, 0;
    %ix/load 0, 1, 0;
    %assign/v0 v0x252a530_0, 0, 0;
    %ix/load 0, 1, 0;
    %assign/v0 v0x252a460_0, 0, 0;
    %ix/load 0, 1, 0;
    %assign/v0 v0x252b360_0, 0, 0;
    %ix/load 0, 1, 0;
    %assign/v0 v0x252aa00_0, 0, 0;
    %ix/load 0, 1, 0;
    %assign/v0 v0x252b060_0, 0, 0;
    %ix/load 0, 1, 0;
    %assign/v0 v0x252b180_0, 0, 0;
    %ix/load 0, 1, 0;
    %assign/v0 v0x252a8a0_0, 0, 0;
    %ix/load 0, 1, 0;
    %assign/v0 v0x252b7b0_0, 0, 0;
    %ix/load 0, 1, 0;
    %assign/v0 v0x252ac10_0, 0, 0;
    %ix/load 0, 1, 0;
    %assign/v0 v0x252b0e0_0, 0, 0;
    %ix/load 0, 1, 0;
    %assign/v0 v0x252a950_0, 0, 0;
    %ix/load 0, 1, 0;
    %assign/v0 v0x252b410_0, 0, 0;
    %ix/load 0, 1, 0;
    %assign/v0 v0x252b580_0, 0, 0;
    %ix/load 0, 1, 0;
    %assign/v0 v0x252ab60_0, 0, 0;
    %ix/load 0, 1, 0;
    %assign/v0 v0x252aef0_0, 0, 1;
    %ix/load 0, 1, 0;
    %assign/v0 v0x252a820_0, 0, 0;
    %ix/load 0, 1, 0;
    %assign/v0 v0x252ae70_0, 0, 0;
    %ix/load 0, 1, 0;
    %assign/v0 v0x252b620_0, 0, 0;
    %ix/load 0, 1, 0;
    %assign/v0 v0x252a5e0_0, 0, 0;
    %ix/load 0, 1, 0;
    %assign/v0 v0x252b200_0, 0, 0;
    %ix/load 0, 1, 0;
    %assign/v0 v0x252adf0_0, 0, 0;
    %ix/load 0, 1, 0;
    %assign/v0 v0x252a770_0, 0, 0;
    %jmp T_2.30;
T_2.24 ;
    %ix/load 0, 1, 0;
    %assign/v0 v0x252a690_0, 0, 0;
    %ix/load 0, 1, 0;
    %assign/v0 v0x252aab0_0, 0, 0;
    %ix/load 0, 1, 0;
    %assign/v0 v0x252b4d0_0, 0, 0;
    %ix/load 0, 1, 0;
    %assign/v0 v0x252b2b0_0, 0, 0;
    %ix/load 0, 1, 0;
    %assign/v0 v0x252a530_0, 0, 0;
    %ix/load 0, 1, 0;
    %assign/v0 v0x252a460_0, 0, 0;
    %ix/load 0, 1, 0;
    %assign/v0 v0x252b360_0, 0, 0;
    %ix/load 0, 1, 0;
    %assign/v0 v0x252aa00_0, 0, 0;
    %ix/load 0, 1, 0;
    %assign/v0 v0x252b060_0, 0, 0;
    %ix/load 0, 1, 0;
    %assign/v0 v0x252b180_0, 0, 0;
    %ix/load 0, 1, 0;
    %assign/v0 v0x252a8a0_0, 0, 0;
    %ix/load 0, 1, 0;
    %assign/v0 v0x252b7b0_0, 0, 0;
    %ix/load 0, 1, 0;
    %assign/v0 v0x252ac10_0, 0, 0;
    %ix/load 0, 1, 0;
    %assign/v0 v0x252b0e0_0, 0, 0;
    %ix/load 0, 1, 0;
    %assign/v0 v0x252a950_0, 0, 0;
    %ix/load 0, 1, 0;
    %assign/v0 v0x252b410_0, 0, 0;
    %ix/load 0, 1, 0;
    %assign/v0 v0x252b580_0, 0, 0;
    %ix/load 0, 1, 0;
    %assign/v0 v0x252ab60_0, 0, 0;
    %ix/load 0, 1, 0;
    %assign/v0 v0x252aef0_0, 0, 1;
    %ix/load 0, 1, 0;
    %assign/v0 v0x252a820_0, 0, 0;
    %ix/load 0, 1, 0;
    %assign/v0 v0x252ae70_0, 0, 0;
    %ix/load 0, 1, 0;
    %assign/v0 v0x252b620_0, 0, 0;
    %ix/load 0, 1, 0;
    %assign/v0 v0x252a5e0_0, 0, 0;
    %ix/load 0, 1, 0;
    %assign/v0 v0x252b200_0, 0, 0;
    %ix/load 0, 1, 0;
    %assign/v0 v0x252adf0_0, 0, 0;
    %ix/load 0, 1, 0;
    %assign/v0 v0x252a770_0, 0, 0;
    %jmp T_2.30;
T_2.25 ;
    %ix/load 0, 1, 0;
    %assign/v0 v0x252a690_0, 0, 0;
    %ix/load 0, 1, 0;
    %assign/v0 v0x252aab0_0, 0, 0;
    %ix/load 0, 1, 0;
    %assign/v0 v0x252b4d0_0, 0, 0;
    %ix/load 0, 1, 0;
    %assign/v0 v0x252b2b0_0, 0, 0;
    %ix/load 0, 1, 0;
    %assign/v0 v0x252a530_0, 0, 0;
    %ix/load 0, 1, 0;
    %assign/v0 v0x252a460_0, 0, 0;
    %ix/load 0, 1, 0;
    %assign/v0 v0x252b360_0, 0, 0;
    %ix/load 0, 1, 0;
    %assign/v0 v0x252aa00_0, 0, 0;
    %ix/load 0, 1, 0;
    %assign/v0 v0x252b060_0, 0, 0;
    %ix/load 0, 1, 0;
    %assign/v0 v0x252b180_0, 0, 0;
    %ix/load 0, 1, 0;
    %assign/v0 v0x252a8a0_0, 0, 0;
    %ix/load 0, 1, 0;
    %assign/v0 v0x252b7b0_0, 0, 0;
    %ix/load 0, 1, 0;
    %assign/v0 v0x252ac10_0, 0, 0;
    %ix/load 0, 1, 0;
    %assign/v0 v0x252b0e0_0, 0, 0;
    %ix/load 0, 1, 0;
    %assign/v0 v0x252a950_0, 0, 0;
    %ix/load 0, 1, 0;
    %assign/v0 v0x252b410_0, 0, 0;
    %ix/load 0, 1, 0;
    %assign/v0 v0x252b580_0, 0, 0;
    %ix/load 0, 1, 0;
    %assign/v0 v0x252ab60_0, 0, 0;
    %ix/load 0, 1, 0;
    %assign/v0 v0x252aef0_0, 0, 1;
    %ix/load 0, 1, 0;
    %assign/v0 v0x252a820_0, 0, 0;
    %ix/load 0, 1, 0;
    %assign/v0 v0x252ae70_0, 0, 0;
    %ix/load 0, 1, 0;
    %assign/v0 v0x252b620_0, 0, 0;
    %ix/load 0, 1, 0;
    %assign/v0 v0x252a5e0_0, 0, 0;
    %ix/load 0, 1, 0;
    %assign/v0 v0x252b200_0, 0, 0;
    %ix/load 0, 1, 0;
    %assign/v0 v0x252adf0_0, 0, 0;
    %ix/load 0, 1, 0;
    %assign/v0 v0x252a770_0, 0, 0;
    %jmp T_2.30;
T_2.26 ;
    %ix/load 0, 1, 0;
    %assign/v0 v0x252a690_0, 0, 0;
    %ix/load 0, 1, 0;
    %assign/v0 v0x252aab0_0, 0, 0;
    %ix/load 0, 1, 0;
    %assign/v0 v0x252b4d0_0, 0, 0;
    %ix/load 0, 1, 0;
    %assign/v0 v0x252b2b0_0, 0, 0;
    %ix/load 0, 1, 0;
    %assign/v0 v0x252a530_0, 0, 0;
    %ix/load 0, 1, 0;
    %assign/v0 v0x252a460_0, 0, 0;
    %ix/load 0, 1, 0;
    %assign/v0 v0x252b360_0, 0, 0;
    %ix/load 0, 1, 0;
    %assign/v0 v0x252aa00_0, 0, 0;
    %ix/load 0, 1, 0;
    %assign/v0 v0x252b060_0, 0, 0;
    %ix/load 0, 1, 0;
    %assign/v0 v0x252b180_0, 0, 0;
    %ix/load 0, 1, 0;
    %assign/v0 v0x252a8a0_0, 0, 0;
    %ix/load 0, 1, 0;
    %assign/v0 v0x252b7b0_0, 0, 0;
    %ix/load 0, 1, 0;
    %assign/v0 v0x252ac10_0, 0, 0;
    %ix/load 0, 1, 0;
    %assign/v0 v0x252b0e0_0, 0, 0;
    %ix/load 0, 1, 0;
    %assign/v0 v0x252a950_0, 0, 0;
    %ix/load 0, 1, 0;
    %assign/v0 v0x252b410_0, 0, 0;
    %ix/load 0, 1, 0;
    %assign/v0 v0x252b580_0, 0, 0;
    %ix/load 0, 1, 0;
    %assign/v0 v0x252ab60_0, 0, 0;
    %ix/load 0, 1, 0;
    %assign/v0 v0x252aef0_0, 0, 0;
    %ix/load 0, 1, 0;
    %assign/v0 v0x252a820_0, 0, 1;
    %ix/load 0, 1, 0;
    %assign/v0 v0x252ae70_0, 0, 1;
    %ix/load 0, 1, 0;
    %assign/v0 v0x252b620_0, 0, 0;
    %ix/load 0, 1, 0;
    %assign/v0 v0x252a5e0_0, 0, 0;
    %ix/load 0, 1, 0;
    %assign/v0 v0x252b200_0, 0, 0;
    %ix/load 0, 1, 0;
    %assign/v0 v0x252adf0_0, 0, 0;
    %ix/load 0, 1, 0;
    %assign/v0 v0x252a770_0, 0, 0;
    %jmp T_2.30;
T_2.27 ;
    %ix/load 0, 1, 0;
    %assign/v0 v0x252a690_0, 0, 0;
    %ix/load 0, 1, 0;
    %assign/v0 v0x252aab0_0, 0, 0;
    %ix/load 0, 1, 0;
    %assign/v0 v0x252b4d0_0, 0, 0;
    %ix/load 0, 1, 0;
    %assign/v0 v0x252b2b0_0, 0, 0;
    %ix/load 0, 1, 0;
    %assign/v0 v0x252a530_0, 0, 0;
    %ix/load 0, 1, 0;
    %assign/v0 v0x252a460_0, 0, 0;
    %ix/load 0, 1, 0;
    %assign/v0 v0x252b360_0, 0, 0;
    %ix/load 0, 1, 0;
    %assign/v0 v0x252aa00_0, 0, 0;
    %ix/load 0, 1, 0;
    %assign/v0 v0x252b060_0, 0, 0;
    %ix/load 0, 1, 0;
    %assign/v0 v0x252b180_0, 0, 0;
    %ix/load 0, 1, 0;
    %assign/v0 v0x252a8a0_0, 0, 0;
    %ix/load 0, 1, 0;
    %assign/v0 v0x252b7b0_0, 0, 0;
    %ix/load 0, 1, 0;
    %assign/v0 v0x252ac10_0, 0, 0;
    %ix/load 0, 1, 0;
    %assign/v0 v0x252b0e0_0, 0, 0;
    %ix/load 0, 1, 0;
    %assign/v0 v0x252a950_0, 0, 0;
    %ix/load 0, 1, 0;
    %assign/v0 v0x252b410_0, 0, 0;
    %ix/load 0, 1, 0;
    %assign/v0 v0x252b580_0, 0, 0;
    %ix/load 0, 1, 0;
    %assign/v0 v0x252ab60_0, 0, 0;
    %ix/load 0, 1, 0;
    %assign/v0 v0x252aef0_0, 0, 0;
    %ix/load 0, 1, 0;
    %assign/v0 v0x252a820_0, 0, 0;
    %ix/load 0, 1, 0;
    %assign/v0 v0x252ae70_0, 0, 0;
    %ix/load 0, 1, 0;
    %assign/v0 v0x252b620_0, 0, 1;
    %ix/load 0, 1, 0;
    %assign/v0 v0x252a5e0_0, 0, 1;
    %ix/load 0, 1, 0;
    %assign/v0 v0x252b200_0, 0, 0;
    %ix/load 0, 1, 0;
    %assign/v0 v0x252adf0_0, 0, 0;
    %ix/load 0, 1, 0;
    %assign/v0 v0x252a770_0, 0, 0;
    %jmp T_2.30;
T_2.28 ;
    %ix/load 0, 1, 0;
    %assign/v0 v0x252a690_0, 0, 0;
    %ix/load 0, 1, 0;
    %assign/v0 v0x252aab0_0, 0, 0;
    %ix/load 0, 1, 0;
    %assign/v0 v0x252b4d0_0, 0, 0;
    %ix/load 0, 1, 0;
    %assign/v0 v0x252b2b0_0, 0, 0;
    %ix/load 0, 1, 0;
    %assign/v0 v0x252a530_0, 0, 0;
    %ix/load 0, 1, 0;
    %assign/v0 v0x252a460_0, 0, 0;
    %ix/load 0, 1, 0;
    %assign/v0 v0x252b360_0, 0, 0;
    %ix/load 0, 1, 0;
    %assign/v0 v0x252aa00_0, 0, 0;
    %ix/load 0, 1, 0;
    %assign/v0 v0x252b060_0, 0, 0;
    %ix/load 0, 1, 0;
    %assign/v0 v0x252b180_0, 0, 0;
    %ix/load 0, 1, 0;
    %assign/v0 v0x252a8a0_0, 0, 0;
    %ix/load 0, 1, 0;
    %assign/v0 v0x252b7b0_0, 0, 0;
    %ix/load 0, 1, 0;
    %assign/v0 v0x252ac10_0, 0, 0;
    %ix/load 0, 1, 0;
    %assign/v0 v0x252b0e0_0, 0, 0;
    %ix/load 0, 1, 0;
    %assign/v0 v0x252a950_0, 0, 0;
    %ix/load 0, 1, 0;
    %assign/v0 v0x252b410_0, 0, 0;
    %ix/load 0, 1, 0;
    %assign/v0 v0x252b580_0, 0, 0;
    %ix/load 0, 1, 0;
    %assign/v0 v0x252ab60_0, 0, 0;
    %ix/load 0, 1, 0;
    %assign/v0 v0x252aef0_0, 0, 0;
    %ix/load 0, 1, 0;
    %assign/v0 v0x252a820_0, 0, 0;
    %ix/load 0, 1, 0;
    %assign/v0 v0x252ae70_0, 0, 0;
    %ix/load 0, 1, 0;
    %assign/v0 v0x252b620_0, 0, 0;
    %ix/load 0, 1, 0;
    %assign/v0 v0x252a5e0_0, 0, 0;
    %ix/load 0, 1, 0;
    %assign/v0 v0x252b200_0, 0, 0;
    %ix/load 0, 1, 0;
    %assign/v0 v0x252adf0_0, 0, 0;
    %ix/load 0, 1, 0;
    %assign/v0 v0x252a770_0, 0, 0;
    %jmp T_2.30;
T_2.29 ;
    %ix/load 0, 1, 0;
    %assign/v0 v0x252a690_0, 0, 0;
    %ix/load 0, 1, 0;
    %assign/v0 v0x252aab0_0, 0, 0;
    %ix/load 0, 1, 0;
    %assign/v0 v0x252b4d0_0, 0, 0;
    %ix/load 0, 1, 0;
    %assign/v0 v0x252b2b0_0, 0, 0;
    %ix/load 0, 1, 0;
    %assign/v0 v0x252a530_0, 0, 0;
    %ix/load 0, 1, 0;
    %assign/v0 v0x252a460_0, 0, 0;
    %ix/load 0, 1, 0;
    %assign/v0 v0x252b360_0, 0, 0;
    %ix/load 0, 1, 0;
    %assign/v0 v0x252aa00_0, 0, 0;
    %ix/load 0, 1, 0;
    %assign/v0 v0x252b060_0, 0, 0;
    %ix/load 0, 1, 0;
    %assign/v0 v0x252b180_0, 0, 0;
    %ix/load 0, 1, 0;
    %assign/v0 v0x252a8a0_0, 0, 0;
    %ix/load 0, 1, 0;
    %assign/v0 v0x252b7b0_0, 0, 0;
    %ix/load 0, 1, 0;
    %assign/v0 v0x252ac10_0, 0, 0;
    %ix/load 0, 1, 0;
    %assign/v0 v0x252b0e0_0, 0, 0;
    %ix/load 0, 1, 0;
    %assign/v0 v0x252a950_0, 0, 0;
    %ix/load 0, 1, 0;
    %assign/v0 v0x252b410_0, 0, 0;
    %ix/load 0, 1, 0;
    %assign/v0 v0x252b580_0, 0, 0;
    %ix/load 0, 1, 0;
    %assign/v0 v0x252ab60_0, 0, 0;
    %ix/load 0, 1, 0;
    %assign/v0 v0x252aef0_0, 0, 0;
    %ix/load 0, 1, 0;
    %assign/v0 v0x252a820_0, 0, 0;
    %ix/load 0, 1, 0;
    %assign/v0 v0x252ae70_0, 0, 0;
    %ix/load 0, 1, 0;
    %assign/v0 v0x252b620_0, 0, 0;
    %ix/load 0, 1, 0;
    %assign/v0 v0x252a5e0_0, 0, 0;
    %ix/load 0, 1, 0;
    %assign/v0 v0x252b200_0, 0, 0;
    %ix/load 0, 1, 0;
    %assign/v0 v0x252adf0_0, 0, 0;
    %ix/load 0, 1, 0;
    %assign/v0 v0x252a770_0, 0, 0;
    %jmp T_2.30;
T_2.30 ;
    %jmp T_2.7;
T_2.5 ;
    %load/v 8, v0x252ad70_0, 4;
    %cmpi/u 8, 7, 4;
    %jmp/1 T_2.31, 6;
    %cmpi/u 8, 3, 4;
    %jmp/1 T_2.32, 6;
    %cmpi/u 8, 1, 4;
    %jmp/1 T_2.33, 6;
    %cmpi/u 8, 2, 4;
    %jmp/1 T_2.34, 6;
    %cmpi/u 8, 8, 4;
    %jmp/1 T_2.35, 6;
    %cmpi/u 8, 6, 4;
    %jmp/1 T_2.36, 6;
    %cmpi/u 8, 9, 4;
    %jmp/1 T_2.37, 6;
    %cmpi/u 8, 10, 4;
    %jmp/1 T_2.38, 6;
    %cmpi/u 8, 15, 4;
    %jmp/1 T_2.39, 6;
    %jmp T_2.40;
T_2.31 ;
    %ix/load 0, 1, 0;
    %assign/v0 v0x252a690_0, 0, 0;
    %ix/load 0, 1, 0;
    %assign/v0 v0x252aab0_0, 0, 0;
    %ix/load 0, 1, 0;
    %assign/v0 v0x252b4d0_0, 0, 0;
    %ix/load 0, 1, 0;
    %assign/v0 v0x252b2b0_0, 0, 0;
    %ix/load 0, 1, 0;
    %assign/v0 v0x252a530_0, 0, 0;
    %ix/load 0, 1, 0;
    %assign/v0 v0x252a460_0, 0, 0;
    %ix/load 0, 1, 0;
    %assign/v0 v0x252b360_0, 0, 0;
    %ix/load 0, 1, 0;
    %assign/v0 v0x252aa00_0, 0, 0;
    %ix/load 0, 1, 0;
    %assign/v0 v0x252b060_0, 0, 0;
    %ix/load 0, 1, 0;
    %assign/v0 v0x252b180_0, 0, 0;
    %ix/load 0, 1, 0;
    %assign/v0 v0x252a8a0_0, 0, 0;
    %ix/load 0, 1, 0;
    %assign/v0 v0x252b7b0_0, 0, 0;
    %ix/load 0, 1, 0;
    %assign/v0 v0x252ac10_0, 0, 0;
    %ix/load 0, 1, 0;
    %assign/v0 v0x252b0e0_0, 0, 0;
    %ix/load 0, 1, 0;
    %assign/v0 v0x252a950_0, 0, 0;
    %ix/load 0, 1, 0;
    %assign/v0 v0x252b410_0, 0, 0;
    %ix/load 0, 1, 0;
    %assign/v0 v0x252b580_0, 0, 0;
    %ix/load 0, 1, 0;
    %assign/v0 v0x252ab60_0, 0, 0;
    %ix/load 0, 1, 0;
    %assign/v0 v0x252aef0_0, 0, 0;
    %ix/load 0, 1, 0;
    %assign/v0 v0x252a820_0, 0, 0;
    %ix/load 0, 1, 0;
    %assign/v0 v0x252ae70_0, 0, 0;
    %ix/load 0, 1, 0;
    %assign/v0 v0x252b620_0, 0, 0;
    %ix/load 0, 1, 0;
    %assign/v0 v0x252a5e0_0, 0, 0;
    %ix/load 0, 1, 0;
    %assign/v0 v0x252b200_0, 0, 0;
    %jmp T_2.40;
T_2.32 ;
    %ix/load 0, 1, 0;
    %assign/v0 v0x252a690_0, 0, 0;
    %ix/load 0, 1, 0;
    %assign/v0 v0x252aab0_0, 0, 0;
    %ix/load 0, 1, 0;
    %assign/v0 v0x252b4d0_0, 0, 0;
    %ix/load 0, 1, 0;
    %assign/v0 v0x252b2b0_0, 0, 0;
    %ix/load 0, 1, 0;
    %assign/v0 v0x252a530_0, 0, 0;
    %ix/load 0, 1, 0;
    %assign/v0 v0x252a460_0, 0, 0;
    %ix/load 0, 1, 0;
    %assign/v0 v0x252b360_0, 0, 0;
    %ix/load 0, 1, 0;
    %assign/v0 v0x252aa00_0, 0, 0;
    %ix/load 0, 1, 0;
    %assign/v0 v0x252b060_0, 0, 0;
    %ix/load 0, 1, 0;
    %assign/v0 v0x252b180_0, 0, 0;
    %ix/load 0, 1, 0;
    %assign/v0 v0x252a8a0_0, 0, 0;
    %ix/load 0, 1, 0;
    %assign/v0 v0x252b7b0_0, 0, 0;
    %ix/load 0, 1, 0;
    %assign/v0 v0x252ac10_0, 0, 0;
    %ix/load 0, 1, 0;
    %assign/v0 v0x252b0e0_0, 0, 1;
    %ix/load 0, 1, 0;
    %assign/v0 v0x252a950_0, 0, 0;
    %ix/load 0, 1, 0;
    %assign/v0 v0x252b410_0, 0, 0;
    %ix/load 0, 1, 0;
    %assign/v0 v0x252b580_0, 0, 0;
    %ix/load 0, 1, 0;
    %assign/v0 v0x252ab60_0, 0, 1;
    %ix/load 0, 1, 0;
    %assign/v0 v0x252aef0_0, 0, 0;
    %ix/load 0, 1, 0;
    %assign/v0 v0x252a820_0, 0, 0;
    %ix/load 0, 1, 0;
    %assign/v0 v0x252ae70_0, 0, 0;
    %ix/load 0, 1, 0;
    %assign/v0 v0x252b620_0, 0, 0;
    %ix/load 0, 1, 0;
    %assign/v0 v0x252a5e0_0, 0, 0;
    %ix/load 0, 1, 0;
    %assign/v0 v0x252b200_0, 0, 0;
    %jmp T_2.40;
T_2.33 ;
    %ix/load 0, 1, 0;
    %assign/v0 v0x252a690_0, 0, 0;
    %ix/load 0, 1, 0;
    %assign/v0 v0x252aab0_0, 0, 0;
    %ix/load 0, 1, 0;
    %assign/v0 v0x252b4d0_0, 0, 0;
    %ix/load 0, 1, 0;
    %assign/v0 v0x252b2b0_0, 0, 0;
    %ix/load 0, 1, 0;
    %assign/v0 v0x252a530_0, 0, 0;
    %ix/load 0, 1, 0;
    %assign/v0 v0x252a460_0, 0, 0;
    %ix/load 0, 1, 0;
    %assign/v0 v0x252b360_0, 0, 0;
    %ix/load 0, 1, 0;
    %assign/v0 v0x252aa00_0, 0, 0;
    %ix/load 0, 1, 0;
    %assign/v0 v0x252b060_0, 0, 0;
    %ix/load 0, 1, 0;
    %assign/v0 v0x252b180_0, 0, 0;
    %ix/load 0, 1, 0;
    %assign/v0 v0x252a8a0_0, 0, 0;
    %ix/load 0, 1, 0;
    %assign/v0 v0x252b7b0_0, 0, 0;
    %ix/load 0, 1, 0;
    %assign/v0 v0x252ac10_0, 0, 0;
    %ix/load 0, 1, 0;
    %assign/v0 v0x252b0e0_0, 0, 0;
    %ix/load 0, 1, 0;
    %assign/v0 v0x252a950_0, 0, 0;
    %ix/load 0, 1, 0;
    %assign/v0 v0x252b410_0, 0, 0;
    %ix/load 0, 1, 0;
    %assign/v0 v0x252b580_0, 0, 0;
    %ix/load 0, 1, 0;
    %assign/v0 v0x252ab60_0, 0, 0;
    %ix/load 0, 1, 0;
    %assign/v0 v0x252aef0_0, 0, 0;
    %ix/load 0, 1, 0;
    %assign/v0 v0x252a820_0, 0, 0;
    %ix/load 0, 1, 0;
    %assign/v0 v0x252ae70_0, 0, 0;
    %ix/load 0, 1, 0;
    %assign/v0 v0x252b620_0, 0, 0;
    %ix/load 0, 1, 0;
    %assign/v0 v0x252a5e0_0, 0, 0;
    %ix/load 0, 1, 0;
    %assign/v0 v0x252b200_0, 0, 0;
    %jmp T_2.40;
T_2.34 ;
    %ix/load 0, 1, 0;
    %assign/v0 v0x252a690_0, 0, 0;
    %ix/load 0, 1, 0;
    %assign/v0 v0x252aab0_0, 0, 0;
    %ix/load 0, 1, 0;
    %assign/v0 v0x252b4d0_0, 0, 0;
    %ix/load 0, 1, 0;
    %assign/v0 v0x252b2b0_0, 0, 0;
    %ix/load 0, 1, 0;
    %assign/v0 v0x252a530_0, 0, 0;
    %ix/load 0, 1, 0;
    %assign/v0 v0x252a460_0, 0, 0;
    %ix/load 0, 1, 0;
    %assign/v0 v0x252b360_0, 0, 0;
    %ix/load 0, 1, 0;
    %assign/v0 v0x252aa00_0, 0, 0;
    %ix/load 0, 1, 0;
    %assign/v0 v0x252b060_0, 0, 0;
    %ix/load 0, 1, 0;
    %assign/v0 v0x252b180_0, 0, 0;
    %ix/load 0, 1, 0;
    %assign/v0 v0x252a8a0_0, 0, 0;
    %ix/load 0, 1, 0;
    %assign/v0 v0x252b7b0_0, 0, 0;
    %ix/load 0, 1, 0;
    %assign/v0 v0x252ac10_0, 0, 0;
    %ix/load 0, 1, 0;
    %assign/v0 v0x252b0e0_0, 0, 0;
    %ix/load 0, 1, 0;
    %assign/v0 v0x252a950_0, 0, 0;
    %ix/load 0, 1, 0;
    %assign/v0 v0x252b410_0, 0, 0;
    %ix/load 0, 1, 0;
    %assign/v0 v0x252b580_0, 0, 0;
    %ix/load 0, 1, 0;
    %assign/v0 v0x252ab60_0, 0, 0;
    %ix/load 0, 1, 0;
    %assign/v0 v0x252aef0_0, 0, 0;
    %ix/load 0, 1, 0;
    %assign/v0 v0x252a820_0, 0, 0;
    %ix/load 0, 1, 0;
    %assign/v0 v0x252ae70_0, 0, 0;
    %ix/load 0, 1, 0;
    %assign/v0 v0x252b620_0, 0, 0;
    %ix/load 0, 1, 0;
    %assign/v0 v0x252a5e0_0, 0, 0;
    %ix/load 0, 1, 0;
    %assign/v0 v0x252b200_0, 0, 0;
    %jmp T_2.40;
T_2.35 ;
    %ix/load 0, 1, 0;
    %assign/v0 v0x252a690_0, 0, 0;
    %ix/load 0, 1, 0;
    %assign/v0 v0x252aab0_0, 0, 0;
    %ix/load 0, 1, 0;
    %assign/v0 v0x252b4d0_0, 0, 0;
    %ix/load 0, 1, 0;
    %assign/v0 v0x252b2b0_0, 0, 0;
    %ix/load 0, 1, 0;
    %assign/v0 v0x252a530_0, 0, 0;
    %ix/load 0, 1, 0;
    %assign/v0 v0x252a460_0, 0, 0;
    %ix/load 0, 1, 0;
    %assign/v0 v0x252b360_0, 0, 0;
    %ix/load 0, 1, 0;
    %assign/v0 v0x252aa00_0, 0, 0;
    %ix/load 0, 1, 0;
    %assign/v0 v0x252b060_0, 0, 0;
    %ix/load 0, 1, 0;
    %assign/v0 v0x252b180_0, 0, 0;
    %ix/load 0, 1, 0;
    %assign/v0 v0x252a8a0_0, 0, 0;
    %ix/load 0, 1, 0;
    %assign/v0 v0x252b7b0_0, 0, 0;
    %ix/load 0, 1, 0;
    %assign/v0 v0x252ac10_0, 0, 0;
    %ix/load 0, 1, 0;
    %assign/v0 v0x252b0e0_0, 0, 0;
    %ix/load 0, 1, 0;
    %assign/v0 v0x252a950_0, 0, 0;
    %ix/load 0, 1, 0;
    %assign/v0 v0x252b410_0, 0, 0;
    %ix/load 0, 1, 0;
    %assign/v0 v0x252b580_0, 0, 0;
    %ix/load 0, 1, 0;
    %assign/v0 v0x252ab60_0, 0, 0;
    %ix/load 0, 1, 0;
    %assign/v0 v0x252aef0_0, 0, 0;
    %ix/load 0, 1, 0;
    %assign/v0 v0x252a820_0, 0, 0;
    %ix/load 0, 1, 0;
    %assign/v0 v0x252ae70_0, 0, 0;
    %ix/load 0, 1, 0;
    %assign/v0 v0x252b620_0, 0, 0;
    %ix/load 0, 1, 0;
    %assign/v0 v0x252a5e0_0, 0, 0;
    %ix/load 0, 1, 0;
    %assign/v0 v0x252b200_0, 0, 0;
    %jmp T_2.40;
T_2.36 ;
    %ix/load 0, 1, 0;
    %assign/v0 v0x252a690_0, 0, 0;
    %ix/load 0, 1, 0;
    %assign/v0 v0x252aab0_0, 0, 0;
    %ix/load 0, 1, 0;
    %assign/v0 v0x252b4d0_0, 0, 0;
    %ix/load 0, 1, 0;
    %assign/v0 v0x252b2b0_0, 0, 0;
    %ix/load 0, 1, 0;
    %assign/v0 v0x252a530_0, 0, 0;
    %ix/load 0, 1, 0;
    %assign/v0 v0x252a460_0, 0, 0;
    %ix/load 0, 1, 0;
    %assign/v0 v0x252b360_0, 0, 0;
    %ix/load 0, 1, 0;
    %assign/v0 v0x252aa00_0, 0, 0;
    %ix/load 0, 1, 0;
    %assign/v0 v0x252b060_0, 0, 0;
    %ix/load 0, 1, 0;
    %assign/v0 v0x252b180_0, 0, 0;
    %ix/load 0, 1, 0;
    %assign/v0 v0x252a8a0_0, 0, 0;
    %ix/load 0, 1, 0;
    %assign/v0 v0x252b7b0_0, 0, 0;
    %ix/load 0, 1, 0;
    %assign/v0 v0x252ac10_0, 0, 0;
    %ix/load 0, 1, 0;
    %assign/v0 v0x252b0e0_0, 0, 0;
    %ix/load 0, 1, 0;
    %assign/v0 v0x252a950_0, 0, 0;
    %ix/load 0, 1, 0;
    %assign/v0 v0x252b410_0, 0, 0;
    %ix/load 0, 1, 0;
    %assign/v0 v0x252b580_0, 0, 0;
    %ix/load 0, 1, 0;
    %assign/v0 v0x252ab60_0, 0, 0;
    %ix/load 0, 1, 0;
    %assign/v0 v0x252aef0_0, 0, 0;
    %ix/load 0, 1, 0;
    %assign/v0 v0x252a820_0, 0, 0;
    %ix/load 0, 1, 0;
    %assign/v0 v0x252ae70_0, 0, 0;
    %ix/load 0, 1, 0;
    %assign/v0 v0x252b620_0, 0, 0;
    %ix/load 0, 1, 0;
    %assign/v0 v0x252a5e0_0, 0, 0;
    %ix/load 0, 1, 0;
    %assign/v0 v0x252b200_0, 0, 0;
    %jmp T_2.40;
T_2.37 ;
    %ix/load 0, 1, 0;
    %assign/v0 v0x252a690_0, 0, 0;
    %ix/load 0, 1, 0;
    %assign/v0 v0x252aab0_0, 0, 0;
    %ix/load 0, 1, 0;
    %assign/v0 v0x252b4d0_0, 0, 0;
    %ix/load 0, 1, 0;
    %assign/v0 v0x252b2b0_0, 0, 0;
    %ix/load 0, 1, 0;
    %assign/v0 v0x252a530_0, 0, 0;
    %ix/load 0, 1, 0;
    %assign/v0 v0x252a460_0, 0, 0;
    %ix/load 0, 1, 0;
    %assign/v0 v0x252b360_0, 0, 0;
    %ix/load 0, 1, 0;
    %assign/v0 v0x252aa00_0, 0, 0;
    %ix/load 0, 1, 0;
    %assign/v0 v0x252b060_0, 0, 0;
    %ix/load 0, 1, 0;
    %assign/v0 v0x252b180_0, 0, 0;
    %ix/load 0, 1, 0;
    %assign/v0 v0x252a8a0_0, 0, 0;
    %ix/load 0, 1, 0;
    %assign/v0 v0x252b7b0_0, 0, 0;
    %ix/load 0, 1, 0;
    %assign/v0 v0x252ac10_0, 0, 0;
    %ix/load 0, 1, 0;
    %assign/v0 v0x252b0e0_0, 0, 0;
    %ix/load 0, 1, 0;
    %assign/v0 v0x252a950_0, 0, 0;
    %ix/load 0, 1, 0;
    %assign/v0 v0x252b410_0, 0, 0;
    %ix/load 0, 1, 0;
    %assign/v0 v0x252b580_0, 0, 0;
    %ix/load 0, 1, 0;
    %assign/v0 v0x252ab60_0, 0, 0;
    %ix/load 0, 1, 0;
    %assign/v0 v0x252aef0_0, 0, 0;
    %ix/load 0, 1, 0;
    %assign/v0 v0x252a820_0, 0, 0;
    %ix/load 0, 1, 0;
    %assign/v0 v0x252ae70_0, 0, 0;
    %ix/load 0, 1, 0;
    %assign/v0 v0x252b620_0, 0, 0;
    %ix/load 0, 1, 0;
    %assign/v0 v0x252a5e0_0, 0, 0;
    %ix/load 0, 1, 0;
    %assign/v0 v0x252b620_0, 0, 0;
    %ix/load 0, 1, 0;
    %assign/v0 v0x252a5e0_0, 0, 0;
    %ix/load 0, 1, 0;
    %assign/v0 v0x252b200_0, 0, 1;
    %jmp T_2.40;
T_2.38 ;
    %ix/load 0, 1, 0;
    %assign/v0 v0x252a690_0, 0, 0;
    %ix/load 0, 1, 0;
    %assign/v0 v0x252aab0_0, 0, 0;
    %ix/load 0, 1, 0;
    %assign/v0 v0x252b4d0_0, 0, 0;
    %ix/load 0, 1, 0;
    %assign/v0 v0x252b2b0_0, 0, 0;
    %ix/load 0, 1, 0;
    %assign/v0 v0x252a530_0, 0, 0;
    %ix/load 0, 1, 0;
    %assign/v0 v0x252a460_0, 0, 0;
    %ix/load 0, 1, 0;
    %assign/v0 v0x252b360_0, 0, 0;
    %ix/load 0, 1, 0;
    %assign/v0 v0x252aa00_0, 0, 0;
    %ix/load 0, 1, 0;
    %assign/v0 v0x252b060_0, 0, 0;
    %ix/load 0, 1, 0;
    %assign/v0 v0x252b180_0, 0, 0;
    %ix/load 0, 1, 0;
    %assign/v0 v0x252a8a0_0, 0, 0;
    %ix/load 0, 1, 0;
    %assign/v0 v0x252b7b0_0, 0, 0;
    %ix/load 0, 1, 0;
    %assign/v0 v0x252ac10_0, 0, 0;
    %ix/load 0, 1, 0;
    %assign/v0 v0x252b0e0_0, 0, 0;
    %ix/load 0, 1, 0;
    %assign/v0 v0x252a950_0, 0, 0;
    %ix/load 0, 1, 0;
    %assign/v0 v0x252b410_0, 0, 0;
    %ix/load 0, 1, 0;
    %assign/v0 v0x252b580_0, 0, 0;
    %ix/load 0, 1, 0;
    %assign/v0 v0x252ab60_0, 0, 0;
    %ix/load 0, 1, 0;
    %assign/v0 v0x252aef0_0, 0, 0;
    %ix/load 0, 1, 0;
    %assign/v0 v0x252a820_0, 0, 0;
    %ix/load 0, 1, 0;
    %assign/v0 v0x252ae70_0, 0, 0;
    %ix/load 0, 1, 0;
    %assign/v0 v0x252b620_0, 0, 0;
    %ix/load 0, 1, 0;
    %assign/v0 v0x252a5e0_0, 0, 0;
    %ix/load 0, 1, 0;
    %assign/v0 v0x252b200_0, 0, 0;
    %ix/load 0, 1, 0;
    %assign/v0 v0x252adf0_0, 0, 0;
    %ix/load 0, 1, 0;
    %assign/v0 v0x252a770_0, 0, 0;
    %jmp T_2.40;
T_2.39 ;
    %ix/load 0, 1, 0;
    %assign/v0 v0x252a690_0, 0, 0;
    %ix/load 0, 1, 0;
    %assign/v0 v0x252aab0_0, 0, 0;
    %ix/load 0, 1, 0;
    %assign/v0 v0x252b4d0_0, 0, 0;
    %ix/load 0, 1, 0;
    %assign/v0 v0x252b2b0_0, 0, 0;
    %ix/load 0, 1, 0;
    %assign/v0 v0x252a530_0, 0, 0;
    %ix/load 0, 1, 0;
    %assign/v0 v0x252a460_0, 0, 0;
    %ix/load 0, 1, 0;
    %assign/v0 v0x252b360_0, 0, 0;
    %ix/load 0, 1, 0;
    %assign/v0 v0x252aa00_0, 0, 0;
    %ix/load 0, 1, 0;
    %assign/v0 v0x252b060_0, 0, 0;
    %ix/load 0, 1, 0;
    %assign/v0 v0x252b180_0, 0, 0;
    %ix/load 0, 1, 0;
    %assign/v0 v0x252a8a0_0, 0, 0;
    %ix/load 0, 1, 0;
    %assign/v0 v0x252b7b0_0, 0, 0;
    %ix/load 0, 1, 0;
    %assign/v0 v0x252ac10_0, 0, 0;
    %ix/load 0, 1, 0;
    %assign/v0 v0x252b0e0_0, 0, 0;
    %ix/load 0, 1, 0;
    %assign/v0 v0x252a950_0, 0, 0;
    %ix/load 0, 1, 0;
    %assign/v0 v0x252b410_0, 0, 0;
    %ix/load 0, 1, 0;
    %assign/v0 v0x252b580_0, 0, 0;
    %ix/load 0, 1, 0;
    %assign/v0 v0x252ab60_0, 0, 0;
    %ix/load 0, 1, 0;
    %assign/v0 v0x252aef0_0, 0, 0;
    %ix/load 0, 1, 0;
    %assign/v0 v0x252a820_0, 0, 0;
    %ix/load 0, 1, 0;
    %assign/v0 v0x252ae70_0, 0, 0;
    %ix/load 0, 1, 0;
    %assign/v0 v0x252b620_0, 0, 0;
    %ix/load 0, 1, 0;
    %assign/v0 v0x252a5e0_0, 0, 0;
    %ix/load 0, 1, 0;
    %assign/v0 v0x252b200_0, 0, 0;
    %ix/load 0, 1, 0;
    %assign/v0 v0x252adf0_0, 0, 0;
    %ix/load 0, 1, 0;
    %assign/v0 v0x252a770_0, 0, 0;
    %jmp T_2.40;
T_2.40 ;
    %jmp T_2.7;
T_2.7 ;
    %jmp T_2;
    .thread T_2;
    .scope S_0x2529bd0;
T_3 ;
    %set/v v0x252a1c0_0, 0, 1;
    %end;
    .thread T_3;
    .scope S_0x2529bd0;
T_4 ;
    %set/v v0x252a140_0, 3, 4;
    %set/v v0x2527d50_0, 0, 4;
    %end;
    .thread T_4;
    .scope S_0x2529bd0;
T_5 ;
    %wait E_0x2525010;
    %load/v 8, v0x2529d80_0, 1;
    %jmp/0xz  T_5.0, 8;
    %load/v 8, v0x2527d50_0, 4;
    %ix/load 0, 4, 0;
    %assign/v0 v0x252a140_0, 0, 8;
    %jmp T_5.1;
T_5.0 ;
    %ix/load 0, 4, 0;
    %assign/v0 v0x252a140_0, 0, 3;
T_5.1 ;
    %load/v 8, v0x2529cc0_0, 1;
    %jmp/0xz  T_5.2, 8;
    %load/v 8, v0x2527d50_0, 4;
    %cmpi/u 8, 15, 4;
    %mov 8, 4, 1;
    %jmp/0  T_5.4, 8;
    %mov 9, 0, 4;
    %jmp/1  T_5.6, 8;
T_5.4 ; End of true expr.
    %ix/load 0, 1, 0;
    %load/vp0 13, v0x2527d50_0, 4;
    %jmp/0  T_5.5, 8;
 ; End of false expr.
    %blend  9, 13, 4; Condition unknown.
    %jmp  T_5.6;
T_5.5 ;
    %mov 9, 13, 4; Return false value
T_5.6 ;
    %ix/load 0, 4, 0;
    %assign/v0 v0x2527d50_0, 0, 9;
    %jmp T_5.3;
T_5.2 ;
    %load/v 8, v0x2529e20_0, 1;
    %jmp/0xz  T_5.7, 8;
    %load/v 8, v0x252a1c0_0, 1;
    %inv 8, 1;
    %jmp/0xz  T_5.9, 8;
    %load/v 8, v0x2527d50_0, 4;
    %subi 8, 1, 4;
    %ix/load 0, 4, 0;
    %assign/v0 v0x2527d50_0, 0, 8;
    %ix/load 0, 1, 0;
    %assign/v0 v0x252a1c0_0, 0, 1;
    %jmp T_5.10;
T_5.9 ;
    %load/v 8, v0x2527d50_0, 4;
    %ix/load 0, 4, 0;
    %assign/v0 v0x2527d50_0, 0, 8;
T_5.10 ;
T_5.7 ;
T_5.3 ;
    %jmp T_5;
    .thread T_5;
    .scope S_0x2529bd0;
T_6 ;
    %wait E_0x24fa820;
    %load/v 8, v0x252a260_0, 1;
    %inv 8, 1;
    %jmp/0xz  T_6.0, 8;
    %ix/load 0, 4, 0;
    %assign/v0 v0x2527d50_0, 0, 0;
    %ix/load 0, 1, 0;
    %assign/v0 v0x252a1c0_0, 0, 0;
T_6.0 ;
    %jmp T_6;
    .thread T_6;
    .scope S_0x25296d0;
T_7 ;
    %set/v v0x2529ad0_0, 0, 4;
    %end;
    .thread T_7;
    .scope S_0x25296d0;
T_8 ;
    %wait E_0x2528d00;
    %load/v 8, v0x25298f0_0, 1;
    %jmp/0xz  T_8.0, 8;
    %load/v 8, v0x2529a50_0, 4;
    %ix/load 0, 4, 0;
    %assign/v0 v0x2529ad0_0, 0, 8;
    %jmp T_8.1;
T_8.0 ;
    %load/v 8, v0x2529870_0, 1;
    %jmp/0xz  T_8.2, 8;
    %load/v 8, v0x25297c0_0, 4;
    %ix/load 0, 4, 0;
    %assign/v0 v0x2529ad0_0, 0, 8;
T_8.2 ;
T_8.1 ;
    %jmp T_8;
    .thread T_8, $push;
    .scope S_0x2528910;
T_9 ;
    %set/v v0x2529200_0, 3, 8;
    %end;
    .thread T_9;
    .scope S_0x2528910;
T_10 ;
    %set/v v0x2529180_0, 3, 4;
    %end;
    .thread T_10;
    .scope S_0x2528910;
T_11 ;
    %set/v v0x25292a0_0, 3, 4;
    %end;
    .thread T_11;
    .scope S_0x2528910;
T_12 ;
    %set/v v0x2529020_0, 0, 32;
T_12.0 ;
    %load/v 8, v0x2529020_0, 32;
   %cmpi/s 8, 16, 32;
    %jmp/0xz T_12.1, 5;
    %ix/getv/s 3, v0x2529020_0;
    %jmp/1 t_0, 4;
    %ix/load 0, 8, 0; word width
    %ix/load 1, 0, 0; part off
    %assign/av v0x25295b0, 0, 0;
t_0 ;
    %ix/load 0, 1, 0;
    %load/vp0/s 8, v0x2529020_0, 32;
    %set/v v0x2529020_0, 8, 32;
    %jmp T_12.0;
T_12.1 ;
    %end;
    .thread T_12;
    .scope S_0x2528910;
T_13 ;
    %wait E_0x2528a40;
    %load/v 8, v0x2529460_0, 1;
    %jmp/0xz  T_13.0, 8;
    %load/v 8, v0x2529320_0, 8;
    %ix/getv 3, v0x25293c0_0;
    %jmp/1 t_1, 4;
    %ix/load 0, 8, 0; word width
    %ix/load 1, 0, 0; part off
    %assign/av v0x25295b0, 0, 8;
t_1 ;
T_13.0 ;
    %jmp T_13;
    .thread T_13, $push;
    .scope S_0x2528910;
T_14 ;
    %wait E_0x2528560;
    %load/v 8, v0x2528d30_0, 1;
    %jmp/0xz  T_14.0, 8;
    %load/v 8, v0x2528a90_0, 4;
    %mov 12, 0, 4;
    %ix/getv 3, v0x2528dd0_0;
    %jmp/1 t_2, 4;
    %ix/load 0, 8, 0; word width
    %ix/load 1, 0, 0; part off
    %assign/av v0x25295b0, 0, 8;
t_2 ;
T_14.0 ;
    %jmp T_14;
    .thread T_14, $push;
    .scope S_0x2528910;
T_15 ;
    %wait E_0x2525010;
    %load/v 8, v0x2528be0_0, 1;
    %jmp/0xz  T_15.0, 8;
    %ix/getv 3, v0x2528dd0_0;
    %load/av 8, v0x25295b0, 8;
    %ix/load 0, 8, 0;
    %assign/v0 v0x2529200_0, 0, 8;
    %jmp T_15.1;
T_15.0 ;
    %load/v 8, v0x2528b60_0, 1;
    %jmp/0xz  T_15.2, 8;
    %ix/getv 3, v0x2528dd0_0;
    %jmp/1 T_15.4, 4;
    %ix/get/s 0, 0, 2;
T_15.4 ;
    %load/avx.p 8, v0x25295b0, 0;
    %load/avx.p 9, v0x25295b0, 0;
    %load/avx.p 10, v0x25295b0, 0;
    %load/avx.p 11, v0x25295b0, 0;
; Save base=8 wid=4 in lookaside.
    %ix/load 0, 4, 0;
    %assign/v0 v0x2529180_0, 0, 8;
    %jmp T_15.3;
T_15.2 ;
    %load/v 8, v0x2528c80_0, 1;
    %jmp/0xz  T_15.5, 8;
    %ix/getv 3, v0x2528dd0_0;
    %jmp/1 T_15.7, 4;
    %ix/get/s 0, 0, 2;
T_15.7 ;
    %load/avx.p 8, v0x25295b0, 0;
    %load/avx.p 9, v0x25295b0, 0;
    %load/avx.p 10, v0x25295b0, 0;
    %load/avx.p 11, v0x25295b0, 0;
; Save base=8 wid=4 in lookaside.
    %ix/load 0, 4, 0;
    %assign/v0 v0x25292a0_0, 0, 8;
    %jmp T_15.6;
T_15.5 ;
    %ix/load 0, 8, 0;
    %assign/v0 v0x2529200_0, 0, 3;
    %ix/load 0, 4, 0;
    %assign/v0 v0x2529180_0, 0, 3;
T_15.6 ;
T_15.3 ;
T_15.1 ;
    %jmp T_15;
    .thread T_15;
    .scope S_0x2528200;
T_16 ;
    %wait E_0x2527f20;
    %load/v 8, v0x25284e0_0, 1;
    %jmp/0xz  T_16.0, 8;
    %ix/load 1, 4, 0;
    %mov 4, 0, 1;
    %jmp/1 T_16.2, 4;
    %load/x1p 8, v0x2528590_0, 4;
    %jmp T_16.3;
T_16.2 ;
    %mov 8, 2, 4;
T_16.3 ;
; Save base=8 wid=4 in lookaside.
    %ix/load 0, 4, 0;
    %assign/v0 v0x2528750_0, 0, 8;
    %load/v 8, v0x2528590_0, 4; Only need 4 of 8 bits
; Save base=8 wid=4 in lookaside.
    %ix/load 0, 4, 0;
    %assign/v0 v0x25287f0_0, 0, 8;
T_16.0 ;
    %jmp T_16;
    .thread T_16, $push;
    .scope S_0x2528200;
T_17 ;
    %wait E_0x2525010;
    %load/v 8, v0x25282f0_0, 1;
    %jmp/0xz  T_17.0, 8;
    %load/v 8, v0x25287f0_0, 4;
    %ix/load 0, 4, 0;
    %assign/v0 v0x2528630_0, 0, 8;
T_17.0 ;
    %jmp T_17;
    .thread T_17;
    .scope S_0x2528200;
T_18 ;
    %wait E_0x24fa820;
    %load/v 8, v0x2528890_0, 1;
    %inv 8, 1;
    %jmp/0xz  T_18.0, 8;
    %ix/load 0, 4, 0;
    %assign/v0 v0x2528750_0, 0, 3;
    %ix/load 0, 4, 0;
    %assign/v0 v0x25287f0_0, 0, 3;
    %ix/load 0, 4, 0;
    %assign/v0 v0x2528630_0, 0, 3;
T_18.0 ;
    %jmp T_18;
    .thread T_18;
    .scope S_0x2527230;
T_19 ;
    %wait E_0x2527320;
    %load/v 8, v0x2527a20_0, 1;
    %jmp/0xz  T_19.0, 8;
    %load/v 8, v0x2527bb0_0, 4;
    %ix/load 0, 4, 0;
    %assign/v0 v0x2527de0_0, 0, 8;
    %jmp T_19.1;
T_19.0 ;
    %load/v 8, v0x2527aa0_0, 1;
    %jmp/0xz  T_19.2, 8;
    %load/v 8, v0x2527700_0, 4;
    %ix/load 0, 4, 0;
    %assign/v0 v0x2527de0_0, 0, 8;
    %jmp T_19.3;
T_19.2 ;
    %load/v 8, v0x2527940_0, 1;
    %jmp/0xz  T_19.4, 8;
    %load/v 8, v0x2527370_0, 4;
    %ix/load 0, 4, 0;
    %assign/v0 v0x2527de0_0, 0, 8;
T_19.4 ;
T_19.3 ;
T_19.1 ;
    %jmp T_19;
    .thread T_19, $push;
    .scope S_0x2527230;
T_20 ;
    %wait E_0x2525010;
    %load/v 8, v0x25278c0_0, 1;
    %jmp/0xz  T_20.0, 8;
    %load/v 8, v0x2527de0_0, 4;
    %ix/load 0, 4, 0;
    %assign/v0 v0x2527fd0_0, 0, 8;
    %jmp T_20.1;
T_20.0 ;
    %load/v 8, v0x2527840_0, 1;
    %jmp/0xz  T_20.2, 8;
    %load/v 8, v0x2527de0_0, 4;
    %ix/load 0, 4, 0;
    %assign/v0 v0x2527cd0_0, 0, 8;
    %jmp T_20.3;
T_20.2 ;
    %load/v 8, v0x25277c0_0, 1;
    %jmp/0xz  T_20.4, 8;
    %load/v 8, v0x2527de0_0, 4;
    %ix/load 0, 4, 0;
    %assign/v0 v0x2527e80_0, 0, 8;
T_20.4 ;
T_20.3 ;
T_20.1 ;
    %jmp T_20;
    .thread T_20;
    .scope S_0x2527230;
T_21 ;
    %wait E_0x24fa820;
    %load/v 8, v0x25280f0_0, 1;
    %inv 8, 1;
    %jmp/0xz  T_21.0, 8;
    %ix/load 0, 4, 0;
    %assign/v0 v0x2527de0_0, 0, 3;
    %ix/load 0, 4, 0;
    %assign/v0 v0x2527fd0_0, 0, 3;
    %ix/load 0, 4, 0;
    %assign/v0 v0x2527cd0_0, 0, 3;
    %ix/load 0, 4, 0;
    %assign/v0 v0x2527e80_0, 0, 3;
T_21.0 ;
    %jmp T_21;
    .thread T_21;
    .scope S_0x2526a20;
T_22 ;
    %wait E_0x2526010;
    %load/v 8, v0x2526d30_0, 1;
    %jmp/0xz  T_22.0, 8;
    %load/v 8, v0x2526b30_0, 4;
    %ix/load 0, 4, 0;
    %assign/v0 v0x25270d0_0, 0, 8;
    %jmp T_22.1;
T_22.0 ;
    %load/v 8, v0x2526c90_0, 1;
    %jmp/0xz  T_22.2, 8;
    %load/v 8, v0x2526db0_0, 4;
    %ix/load 0, 4, 0;
    %assign/v0 v0x25270d0_0, 0, 8;
T_22.2 ;
T_22.1 ;
    %jmp T_22;
    .thread T_22, $push;
    .scope S_0x2526a20;
T_23 ;
    %wait E_0x2525010;
    %load/v 8, v0x2526bf0_0, 1;
    %jmp/0xz  T_23.0, 8;
    %load/v 8, v0x25270d0_0, 4;
    %ix/load 0, 4, 0;
    %assign/v0 v0x2527050_0, 0, 8;
T_23.0 ;
    %jmp T_23;
    .thread T_23;
    .scope S_0x2526a20;
T_24 ;
    %wait E_0x24fa820;
    %load/v 8, v0x25271b0_0, 1;
    %inv 8, 1;
    %jmp/0xz  T_24.0, 8;
    %ix/load 0, 4, 0;
    %assign/v0 v0x25270d0_0, 0, 3;
    %ix/load 0, 4, 0;
    %assign/v0 v0x2527050_0, 0, 3;
T_24.0 ;
    %jmp T_24;
    .thread T_24;
    .scope S_0x25261b0;
T_25 ;
    %wait E_0x25262a0;
    %load/v 8, v0x2526650_0, 1;
    %jmp/0xz  T_25.0, 8;
    %load/v 8, v0x25266f0_0, 4;
    %ix/load 0, 4, 0;
    %assign/v0 v0x2526860_0, 0, 8;
    %jmp T_25.1;
T_25.0 ;
    %load/v 8, v0x25265d0_0, 1;
    %jmp/0xz  T_25.2, 8;
    %load/v 8, v0x2526320_0, 4;
    %ix/load 0, 4, 0;
    %assign/v0 v0x2526860_0, 0, 8;
T_25.2 ;
T_25.1 ;
    %jmp T_25;
    .thread T_25, $push;
    .scope S_0x25261b0;
T_26 ;
    %wait E_0x2525010;
    %load/v 8, v0x2526520_0, 1;
    %jmp/0xz  T_26.0, 8;
    %load/v 8, v0x2526860_0, 4;
    %ix/load 0, 4, 0;
    %assign/v0 v0x2526900_0, 0, 8;
T_26.0 ;
    %jmp T_26;
    .thread T_26;
    .scope S_0x25261b0;
T_27 ;
    %wait E_0x24fa820;
    %load/v 8, v0x25269a0_0, 1;
    %inv 8, 1;
    %jmp/0xz  T_27.0, 8;
    %ix/load 0, 4, 0;
    %assign/v0 v0x2526860_0, 0, 0;
    %ix/load 0, 4, 0;
    %assign/v0 v0x2526900_0, 0, 3;
T_27.0 ;
    %jmp T_27;
    .thread T_27;
    .scope S_0x25251c0;
T_28 ;
    %set/v v0x2525ba0_0, 0, 1;
    %end;
    .thread T_28;
    .scope S_0x25251c0;
T_29 ;
    %wait E_0x25252f0;
    %load/v 8, v0x2525d20_0, 4;
    %cmpi/u 8, 1, 4;
    %jmp/0xz  T_29.0, 4;
    %load/v 8, v0x2525a80_0, 4;
    %set/v v0x2525450_0, 8, 4;
    %load/v 8, v0x2525b00_0, 4;
    %set/v v0x2525510_0, 8, 4;
    %set/v v0x2525650_0, 0, 1;
    %fork TD_MOV_A_Address_tb.example_tbALU.add_sub, S_0x2525360;
    %join;
    %load/v 8, v0x2525700_0, 1;
    %set/v v0x2525ba0_0, 8, 1;
    %load/v 8, v0x25257a0_0, 4;
    %set/v v0x2526040_0, 8, 4;
    %jmp T_29.1;
T_29.0 ;
    %load/v 8, v0x2525d20_0, 4;
    %cmpi/u 8, 2, 4;
    %jmp/0xz  T_29.2, 4;
    %load/v 8, v0x2525a80_0, 4;
    %set/v v0x2525450_0, 8, 4;
    %load/v 8, v0x2525b00_0, 4;
    %set/v v0x2525510_0, 8, 4;
    %set/v v0x2525650_0, 1, 1;
    %fork TD_MOV_A_Address_tb.example_tbALU.add_sub, S_0x2525360;
    %join;
    %load/v 8, v0x2525700_0, 1;
    %set/v v0x2525ba0_0, 8, 1;
    %load/v 8, v0x25257a0_0, 4;
    %set/v v0x2526040_0, 8, 4;
    %jmp T_29.3;
T_29.2 ;
    %load/v 8, v0x2525d20_0, 4;
    %cmpi/u 8, 8, 4;
    %jmp/0xz  T_29.4, 4;
    %load/v 8, v0x2525a80_0, 4;
    %load/v 12, v0x2525b00_0, 4;
    %and 8, 12, 4;
    %ix/load 0, 4, 0;
    %assign/v0 v0x2526040_0, 0, 8;
    %jmp T_29.5;
T_29.4 ;
    %load/v 8, v0x2525d20_0, 4;
    %cmpi/u 8, 9, 4;
    %jmp/0xz  T_29.6, 4;
    %load/v 8, v0x2525e10_0, 4;
    %load/v 12, v0x2525b00_0, 4;
    %or 8, 12, 4;
    %ix/load 0, 4, 0;
    %assign/v0 v0x2526040_0, 0, 8;
T_29.6 ;
T_29.5 ;
T_29.3 ;
T_29.1 ;
    %jmp T_29;
    .thread T_29, $push;
    .scope S_0x25251c0;
T_30 ;
    %wait E_0x2525010;
    %load/v 8, v0x2525c80_0, 1;
    %jmp/0xz  T_30.0, 8;
    %load/v 8, v0x2526040_0, 4;
    %ix/load 0, 4, 0;
    %assign/v0 v0x2526130_0, 0, 8;
T_30.0 ;
    %jmp T_30;
    .thread T_30;
    .scope S_0x25251c0;
T_31 ;
    %wait E_0x24fa820;
    %load/v 8, v0x2525f90_0, 1;
    %inv 8, 1;
    %jmp/0xz  T_31.0, 8;
    %ix/load 0, 4, 0;
    %assign/v0 v0x2526130_0, 0, 3;
T_31.0 ;
    %jmp T_31;
    .thread T_31;
    .scope S_0x2503580;
T_32 ;
    %wait E_0x24fbc80;
    %load/v 8, v0x2524e50_0, 1;
    %jmp/0xz  T_32.0, 8;
    %load/v 8, v0x24a81e0_0, 4;
    %ix/load 0, 4, 0;
    %assign/v0 v0x2525040_0, 0, 8;
T_32.0 ;
    %jmp T_32;
    .thread T_32, $push;
    .scope S_0x2503580;
T_33 ;
    %wait E_0x24fa820;
    %load/v 8, v0x25250e0_0, 1;
    %inv 8, 1;
    %jmp/0xz  T_33.0, 8;
    %ix/load 0, 4, 0;
    %assign/v0 v0x2525040_0, 0, 3;
T_33.0 ;
    %jmp T_33;
    .thread T_33;
    .scope S_0x24ff760;
T_34 ;
    %set/v v0x252e040_0, 1, 1;
    %set/v v0x252df70_0, 1, 1;
    %delay 1, 0;
    %set/v v0x252df70_0, 0, 1;
    %delay 1, 0;
    %set/v v0x252df70_0, 1, 1;
    %set/v v0x252de70_0, 1, 1;
    %delay 1, 0;
    %movi 8, 9, 4;
    %set/v v0x252e0c0_0, 8, 4;
    %movi 8, 1, 8;
    %set/v v0x252def0_0, 8, 8;
    %delay 1, 0;
    %movi 8, 10, 4;
    %set/v v0x252e0c0_0, 8, 4;
    %movi 8, 3, 8;
    %set/v v0x252def0_0, 8, 8;
    %delay 1, 0;
    %set/v v0x252e0c0_0, 0, 4;
    %movi 8, 121, 8;
    %set/v v0x252def0_0, 8, 8;
    %delay 1, 0;
    %movi 8, 1, 4;
    %set/v v0x252e0c0_0, 8, 4;
    %movi 8, 48, 8;
    %set/v v0x252def0_0, 8, 8;
    %delay 1, 0;
    %movi 8, 2, 4;
    %set/v v0x252e0c0_0, 8, 4;
    %movi 8, 122, 8;
    %set/v v0x252def0_0, 8, 8;
    %delay 1, 0;
    %movi 8, 3, 4;
    %set/v v0x252e0c0_0, 8, 4;
    %movi 8, 32, 8;
    %set/v v0x252def0_0, 8, 8;
    %delay 1, 0;
    %set/v v0x252de70_0, 0, 1;
    %end;
    .thread T_34;
    .scope S_0x24ff760;
T_35 ;
    %vpi_call 2 75 "$dumpfile", "MOV_A_Address.vcd";
    %vpi_call 2 76 "$dumpvars", 1'sb0, S_0x24ff760;
    %delay 530, 0;
    %vpi_call 2 77 "$finish";
    %end;
    .thread T_35;
    .scope S_0x24ff760;
T_36 ;
    %delay 10, 0;
    %load/v 8, v0x252e040_0, 1;
    %inv 8, 1;
    %set/v v0x252e040_0, 8, 1;
    %jmp T_36;
    .thread T_36;
# The file index is used to find the file name in the following table.
:file_names 4;
    "N/A";
    "<interactive>";
    "testbench.sv";
    "design.sv";
