#! /usr/share/iverilog-0.9.7/bin/vvp
:ivl_version "0.9.7 " "(v0_9_6)";
:vpi_time_precision + 0;
:vpi_module "system";
:vpi_module "v2005_math";
:vpi_module "va_math";
S_0x22ea5e0 .scope module, "ARegister_tb" "ARegister_tb" 2 3;
 .timescale 0 0;
v0x2320a70_0 .var "dataIn", 7 0;
v0x2320b10_0 .net "dataOut", 7 0, L_0x2320e00; 1 drivers
v0x2320bc0_0 .var "load", 0 0;
v0x2320c70_0 .var "reset", 0 0;
v0x2320d50_0 .var "send", 0 0;
S_0x230ee20 .scope module, "example_tb" "ARegister" 2 9, 3 2, S_0x22ea5e0;
 .timescale 0 0;
v0x230ef10_0 .net *"_s0", 7 0, C4<zzzzzzzz>; 0 drivers
v0x2320660_0 .var "data", 7 0;
v0x2320700_0 .net "dataIn", 7 0, v0x2320a70_0; 1 drivers
v0x23207a0_0 .alias "dataOut", 7 0, v0x2320b10_0;
v0x2320850_0 .net "load", 0 0, v0x2320bc0_0; 1 drivers
v0x23208f0_0 .net "reset", 0 0, v0x2320c70_0; 1 drivers
v0x23209d0_0 .net "send", 0 0, v0x2320d50_0; 1 drivers
E_0x230d430 .event posedge, v0x23208f0_0;
E_0x22ea230/0 .event edge, v0x2320700_0;
E_0x22ea230/1 .event posedge, v0x2320850_0;
E_0x22ea230 .event/or E_0x22ea230/0, E_0x22ea230/1;
L_0x2320e00 .functor MUXZ 8, C4<zzzzzzzz>, v0x2320660_0, v0x2320d50_0, C4<>;
    .scope S_0x230ee20;
T_0 ;
    %wait E_0x22ea230;
    %load/v 8, v0x2320850_0, 1;
    %jmp/0xz  T_0.0, 8;
    %load/v 8, v0x2320700_0, 8;
    %ix/load 0, 8, 0;
    %assign/v0 v0x2320660_0, 0, 8;
T_0.0 ;
    %jmp T_0;
    .thread T_0;
    .scope S_0x230ee20;
T_1 ;
    %wait E_0x230d430;
    %ix/load 0, 8, 0;
    %assign/v0 v0x2320660_0, 0, 3;
    %jmp T_1;
    .thread T_1;
    .scope S_0x22ea5e0;
T_2 ;
    %set/v v0x2320c70_0, 1, 1;
    %delay 2, 0;
    %set/v v0x2320c70_0, 0, 1;
    %movi 8, 12, 8;
    %set/v v0x2320a70_0, 8, 8;
    %set/v v0x2320bc0_0, 1, 1;
    %set/v v0x2320d50_0, 0, 1;
    %delay 2, 0;
    %vpi_call 2 21 "$display", "t=%d, dataOut=%8b", $time, v0x2320b10_0;
    %delay 5, 0;
    %set/v v0x2320bc0_0, 0, 1;
    %set/v v0x2320d50_0, 1, 1;
    %delay 2, 0;
    %vpi_call 2 27 "$display", "t=%d, dataOut=%8b", $time, v0x2320b10_0;
    %delay 5, 0;
    %vpi_call 2 30 "$finish";
    %end;
    .thread T_2;
# The file index is used to find the file name in the following table.
:file_names 4;
    "N/A";
    "<interactive>";
    "testbench.sv";
    "design.sv";
