#! /usr/share/iverilog-0.9.7/bin/vvp
:ivl_version "0.9.7 " "(v0_9_6)";
:vpi_time_precision + 0;
:vpi_module "system";
:vpi_module "v2005_math";
:vpi_module "va_math";
S_0x23e72f0 .scope module, "tb_full" "tb_full" 2 3;
 .timescale 0 0;
v0x24a5ca0_0 .net "A_to_ALU", 3 0, v0x24a2f00_0; 1 drivers
v0x24a5e90_0 .net "A_to_TMP", 3 0, v0x24a2fa0_0; 1 drivers
v0x24a5f10_0 .net "B_to_A", 3 0, v0x24a2020_0; 1 drivers
v0x24a5f90_0 .net "Cea", 0 0, v0x24a4d70_0; 1 drivers
v0x24a6010_0 .net "Cei", 0 0, v0x24a4e40_0; 1 drivers
v0x24a6090_0 .net "Cp", 0 0, v0x24a4ef0_0; 1 drivers
v0x24a6160_0 .net "Eatmp", 0 0, v0x24a4fa0_0; 1 drivers
v0x24a6230_0 .net "Eba", 0 0, v0x24a5080_0; 1 drivers
v0x24a6350_0 .net "Ei", 0 0, v0x24a5130_0; 1 drivers
v0x24a6420_0 .net "Ep", 0 0, v0x24a51f0_0; 1 drivers
v0x24a64a0_0 .net "Etmpb", 0 0, v0x24a52a0_0; 1 drivers
v0x24a6570_0 .net "Eu", 0 0, v0x24a5350_0; 1 drivers
v0x24a65f0_0 .net "IR_to_Control", 3 0, v0x24a3690_0; 1 drivers
v0x24a66c0_0 .net "IR_to_MAR", 3 0, v0x24a3570_0; 1 drivers
v0x24a6810_0 .net "LaRam", 0 0, v0x24a54e0_0; 1 drivers
v0x24a68e0_0 .net "Lab", 0 0, v0x24a5590_0; 1 drivers
v0x24a6740_0 .net "Lbtmp", 0 0, v0x24a56b0_0; 1 drivers
v0x24a6a90_0 .net "Li", 0 0, v0x24a5760_0; 1 drivers
v0x24a6bb0_0 .net "Lmi", 0 0, v0x24a5890_0; 1 drivers
v0x24a6c80_0 .net "Lmp", 0 0, v0x24a5940_0; 1 drivers
v0x24a6db0_0 .net "Lo", 0 0, v0x24a57e0_0; 1 drivers
v0x24a6e30_0 .net "Ltmpa", 0 0, v0x24a5a80_0; 1 drivers
v0x24a6d00_0 .net "MAR_to_RAM", 3 0, v0x24a4520_0; 1 drivers
v0x24a6fc0_0 .net "PC_to_MAR", 3 0, v0x24a4a20_0; 1 drivers
v0x24a7110_0 .net "RAM_to_A", 3 0, v0x24a3eb0_0; 1 drivers
v0x24a7190_0 .net "RAM_to_IR", 7 0, v0x24a3f30_0; 1 drivers
v0x24a7090_0 .net "Su", 0 0, v0x24a5ba0_0; 1 drivers
v0x24a72f0_0 .net "TMP_to_B", 3 0, v0x24a2670_0; 1 drivers
v0x24a7260_0 .var "clk", 0 0;
v0x24a3e20_0 .var "reset", 0 0;
S_0x24a4bf0 .scope module, "example_tbCS" "ControlSequencer" 2 18, 3 2, S_0x23e72f0;
 .timescale 0 0;
v0x24a4d70_0 .var "Cea", 0 0;
v0x24a4e40_0 .var "Cei", 0 0;
v0x24a4ef0_0 .var "Cp", 0 0;
v0x24a4fa0_0 .var "Eatmp", 0 0;
v0x24a5080_0 .var "Eba", 0 0;
v0x24a5130_0 .var "Ei", 0 0;
v0x24a51f0_0 .var "Ep", 0 0;
v0x24a52a0_0 .var "Etmpb", 0 0;
v0x24a5350_0 .var "Eu", 0 0;
v0x24a53d0_0 .alias "IR_to_Control", 3 0, v0x24a65f0_0;
v0x24a54e0_0 .var "LaRam", 0 0;
v0x24a5590_0 .var "Lab", 0 0;
v0x24a56b0_0 .var "Lbtmp", 0 0;
v0x24a5760_0 .var "Li", 0 0;
v0x24a5890_0 .var "Lmi", 0 0;
v0x24a5940_0 .var "Lmp", 0 0;
v0x24a57e0_0 .var "Lo", 0 0;
v0x24a5a80_0 .var "Ltmpa", 0 0;
v0x24a5ba0_0 .var "Su", 0 0;
v0x24a5c20_0 .net "clk", 0 0, v0x24a7260_0; 1 drivers
v0x24a5b00_0 .var "counter_state", 5 0;
v0x24a5d50_0 .net "reset", 0 0, v0x24a3e20_0; 1 drivers
E_0x24a4970 .event negedge, v0x24a1ea0_0;
E_0x24a4d20 .event negedge, v0x24a20c0_0, v0x24a1ea0_0;
S_0x24a4620 .scope module, "example_tbPC" "ProgramCounter" 2 19, 3 135, S_0x23e72f0;
 .timescale 0 0;
v0x24a4710_0 .alias "Cp", 0 0, v0x24a6090_0;
v0x24a47d0_0 .alias "Ep", 0 0, v0x24a6420_0;
v0x24a4870_0 .alias "PC_to_MAR", 3 0, v0x24a6fc0_0;
v0x24a48f0_0 .alias "clk", 0 0, v0x24a5c20_0;
v0x24a49a0_0 .var "count", 3 0;
v0x24a4a20_0 .var "count_buffer", 3 0;
v0x24a4ae0_0 .alias "reset", 0 0, v0x24a5d50_0;
S_0x24a4090 .scope module, "example_tbMAR" "MAR" 2 20, 3 177, S_0x23e72f0;
 .timescale 0 0;
v0x24a41d0_0 .alias "IR_to_MAR", 3 0, v0x24a66c0_0;
v0x24a42a0_0 .alias "Lmi", 0 0, v0x24a6bb0_0;
v0x24a4320_0 .alias "Lmp", 0 0, v0x24a6c80_0;
v0x24a43c0_0 .alias "MAR_to_RAM", 3 0, v0x24a6d00_0;
v0x24a44a0_0 .alias "PC_to_MAR", 3 0, v0x24a6fc0_0;
v0x24a4520_0 .var "address", 3 0;
v0x24a45a0_0 .alias "clk", 0 0, v0x24a5c20_0;
E_0x24a2640 .event edge, v0x24a4320_0, v0x24a44a0_0, v0x24a42a0_0, v0x24a33b0_0;
S_0x24a3900 .scope module, "example_tbRAMRAM" "RAM" 2 21, 3 205, S_0x23e72f0;
 .timescale 0 0;
v0x24a39f0_0 .alias "Cea", 0 0, v0x24a5f90_0;
v0x24a3ab0_0 .alias "Cei", 0 0, v0x24a6010_0;
v0x24a3b50_0 .alias "MAR_to_RAM", 3 0, v0x24a6d00_0;
v0x24a3bf0_0 .alias "RAM_to_A", 3 0, v0x24a7110_0;
v0x24a3c70_0 .alias "RAM_to_IR", 7 0, v0x24a7190_0;
v0x24a3d20_0 .var/i "address", 31 0;
v0x24a3da0_0 .alias "clk", 0 0, v0x24a5c20_0;
v0x24a3eb0_0 .var "dataA", 3 0;
v0x24a3f30_0 .var "dataIR", 7 0;
v0x24a3fb0 .array "ram", 15 0, 7 0;
S_0x24a3120 .scope module, "example_tbIR" "InstructionRegister" 2 22, 3 256, S_0x23e72f0;
 .timescale 0 0;
v0x24a3250_0 .alias "Ei", 0 0, v0x24a6350_0;
v0x24a3310_0 .alias "IR_to_Control", 3 0, v0x24a65f0_0;
v0x24a33b0_0 .alias "IR_to_MAR", 3 0, v0x24a66c0_0;
v0x24a3450_0 .alias "Li", 0 0, v0x24a6a90_0;
v0x24a34d0_0 .alias "RAM_to_IR", 7 0, v0x24a7190_0;
v0x24a3570_0 .var "address_field", 3 0;
v0x24a3610_0 .alias "clk", 0 0, v0x24a5c20_0;
v0x24a3690_0 .var "opcode", 3 0;
v0x24a3780_0 .var "operand", 3 0;
v0x24a3820_0 .alias "reset", 0 0, v0x24a5d50_0;
E_0x24a2560 .event edge, v0x24a3450_0, v0x24a34d0_0;
S_0x24a2840 .scope module, "example_tbAR" "ARegister" 2 23, 3 302, S_0x23e72f0;
 .timescale 0 0;
v0x24a2990_0 .alias "A_to_ALU", 3 0, v0x24a5ca0_0;
v0x24a2a30_0 .alias "A_to_TMP", 3 0, v0x24a5e90_0;
v0x24a2ae0_0 .alias "B_to_A", 3 0, v0x24a5f10_0;
v0x24a2b90_0 .alias "Eatmp", 0 0, v0x24a6160_0;
v0x24a2c40_0 .alias "LaRam", 0 0, v0x24a6810_0;
v0x24a2cc0_0 .alias "Lab", 0 0, v0x24a68e0_0;
v0x24a2d40_0 .alias "RAM_to_A", 3 0, v0x24a7110_0;
v0x24a2de0_0 .alias "clk", 0 0, v0x24a5c20_0;
v0x24a2f00_0 .var "dataALU", 3 0;
v0x24a2fa0_0 .var "dataTMP", 3 0;
v0x24a30a0_0 .alias "reset", 0 0, v0x24a5d50_0;
E_0x24a2930 .event edge, v0x24a2c40_0, v0x24a2d40_0, v0x24a2cc0_0, v0x243bd60_0;
S_0x24a21b0 .scope module, "example_tbTMPR" "TMPRegister" 2 24, 3 349, S_0x23e72f0;
 .timescale 0 0;
v0x24a22e0_0 .alias "A_to_TMP", 3 0, v0x24a5e90_0;
v0x24a23a0_0 .alias "Etmpb", 0 0, v0x24a64a0_0;
v0x24a2440_0 .alias "Ltmpa", 0 0, v0x24a6e30_0;
v0x24a24e0_0 .alias "TMP_to_B", 3 0, v0x24a72f0_0;
v0x24a25c0_0 .alias "clk", 0 0, v0x24a5c20_0;
v0x24a2670_0 .var "dataOut", 3 0;
v0x24a26f0_0 .var "dataTMP", 3 0;
v0x24a2770_0 .alias "reset", 0 0, v0x24a5d50_0;
E_0x24a1e70 .event edge, v0x24a2440_0, v0x24a22e0_0;
S_0x2436310 .scope module, "example_tbBR" "BRegister" 2 25, 3 388, S_0x23e72f0;
 .timescale 0 0;
v0x243bd60_0 .alias "B_to_A", 3 0, v0x24a5f10_0;
v0x24a1cb0_0 .alias "Eba", 0 0, v0x24a6230_0;
v0x24a1d50_0 .alias "Lbtmp", 0 0, v0x24a6740_0;
v0x24a1df0_0 .alias "TMP_to_B", 3 0, v0x24a72f0_0;
v0x24a1ea0_0 .alias "clk", 0 0, v0x24a5c20_0;
v0x24a1f40_0 .var "dataB", 3 0;
v0x24a2020_0 .var "dataOut", 3 0;
v0x24a20c0_0 .alias "reset", 0 0, v0x24a5d50_0;
E_0x2479be0 .event negedge, v0x24a20c0_0;
E_0x2434520 .event posedge, v0x24a1ea0_0;
E_0x24351b0 .event edge, v0x24a1d50_0, v0x24a1df0_0;
    .scope S_0x24a4bf0;
T_0 ;
    %wait E_0x24a4d20;
    %load/v 8, v0x24a5d50_0, 1;
    %inv 8, 1;
    %jmp/0xz  T_0.0, 8;
    %movi 8, 1, 6;
    %ix/load 0, 6, 0;
    %assign/v0 v0x24a5b00_0, 0, 8;
    %jmp T_0.1;
T_0.0 ;
    %load/v 8, v0x24a5b00_0, 6;
    %cmpi/u 8, 32, 6;
    %jmp/0xz  T_0.2, 4;
    %movi 8, 1, 6;
    %ix/load 0, 6, 0;
    %assign/v0 v0x24a5b00_0, 0, 8;
    %jmp T_0.3;
T_0.2 ;
    %load/v 8, v0x24a5b00_0, 6;
    %ix/load 0, 1, 0;
    %mov 4, 0, 1;
    %shiftl/i0  8, 6;
    %ix/load 0, 6, 0;
    %assign/v0 v0x24a5b00_0, 0, 8;
T_0.3 ;
T_0.1 ;
    %jmp T_0;
    .thread T_0;
    .scope S_0x24a4bf0;
T_1 ;
    %wait E_0x24a4970;
    %load/v 8, v0x24a5b00_0, 6;
    %cmpi/u 8, 1, 6;
    %jmp/1 T_1.0, 6;
    %cmpi/u 8, 2, 6;
    %jmp/1 T_1.1, 6;
    %cmpi/u 8, 4, 6;
    %jmp/1 T_1.2, 6;
    %cmpi/u 8, 8, 6;
    %jmp/1 T_1.3, 6;
    %cmpi/u 8, 16, 6;
    %jmp/1 T_1.4, 6;
    %cmpi/u 8, 32, 6;
    %jmp/1 T_1.5, 6;
    %ix/load 0, 1, 0;
    %assign/v0 v0x24a4ef0_0, 0, 0;
    %ix/load 0, 1, 0;
    %assign/v0 v0x24a51f0_0, 0, 0;
    %ix/load 0, 1, 0;
    %assign/v0 v0x24a5940_0, 0, 0;
    %ix/load 0, 1, 0;
    %assign/v0 v0x24a5890_0, 0, 0;
    %ix/load 0, 1, 0;
    %assign/v0 v0x24a4e40_0, 0, 0;
    %ix/load 0, 1, 0;
    %assign/v0 v0x24a4d70_0, 0, 0;
    %ix/load 0, 1, 0;
    %assign/v0 v0x24a5760_0, 0, 0;
    %ix/load 0, 1, 0;
    %assign/v0 v0x24a5130_0, 0, 0;
    %ix/load 0, 1, 0;
    %assign/v0 v0x24a54e0_0, 0, 0;
    %ix/load 0, 1, 0;
    %assign/v0 v0x24a5590_0, 0, 0;
    %ix/load 0, 1, 0;
    %assign/v0 v0x24a4fa0_0, 0, 0;
    %ix/load 0, 1, 0;
    %assign/v0 v0x24a5ba0_0, 0, 0;
    %ix/load 0, 1, 0;
    %assign/v0 v0x24a5350_0, 0, 0;
    %ix/load 0, 1, 0;
    %assign/v0 v0x24a56b0_0, 0, 0;
    %ix/load 0, 1, 0;
    %assign/v0 v0x24a5080_0, 0, 0;
    %ix/load 0, 1, 0;
    %assign/v0 v0x24a57e0_0, 0, 0;
    %ix/load 0, 1, 0;
    %assign/v0 v0x24a5a80_0, 0, 0;
    %ix/load 0, 1, 0;
    %assign/v0 v0x24a52a0_0, 0, 0;
    %jmp T_1.7;
T_1.0 ;
    %ix/load 0, 1, 0;
    %assign/v0 v0x24a4ef0_0, 0, 0;
    %ix/load 0, 1, 0;
    %assign/v0 v0x24a51f0_0, 0, 1;
    %ix/load 0, 1, 0;
    %assign/v0 v0x24a5940_0, 0, 1;
    %ix/load 0, 1, 0;
    %assign/v0 v0x24a5890_0, 0, 0;
    %ix/load 0, 1, 0;
    %assign/v0 v0x24a4e40_0, 0, 0;
    %ix/load 0, 1, 0;
    %assign/v0 v0x24a4d70_0, 0, 0;
    %ix/load 0, 1, 0;
    %assign/v0 v0x24a5760_0, 0, 0;
    %ix/load 0, 1, 0;
    %assign/v0 v0x24a5130_0, 0, 0;
    %ix/load 0, 1, 0;
    %assign/v0 v0x24a54e0_0, 0, 0;
    %ix/load 0, 1, 0;
    %assign/v0 v0x24a5590_0, 0, 0;
    %ix/load 0, 1, 0;
    %assign/v0 v0x24a4fa0_0, 0, 0;
    %ix/load 0, 1, 0;
    %assign/v0 v0x24a5ba0_0, 0, 0;
    %ix/load 0, 1, 0;
    %assign/v0 v0x24a5350_0, 0, 0;
    %ix/load 0, 1, 0;
    %assign/v0 v0x24a56b0_0, 0, 0;
    %ix/load 0, 1, 0;
    %assign/v0 v0x24a5080_0, 0, 0;
    %ix/load 0, 1, 0;
    %assign/v0 v0x24a57e0_0, 0, 0;
    %ix/load 0, 1, 0;
    %assign/v0 v0x24a5a80_0, 0, 0;
    %ix/load 0, 1, 0;
    %assign/v0 v0x24a52a0_0, 0, 0;
    %jmp T_1.7;
T_1.1 ;
    %ix/load 0, 1, 0;
    %assign/v0 v0x24a4ef0_0, 0, 1;
    %ix/load 0, 1, 0;
    %assign/v0 v0x24a51f0_0, 0, 0;
    %ix/load 0, 1, 0;
    %assign/v0 v0x24a5940_0, 0, 0;
    %ix/load 0, 1, 0;
    %assign/v0 v0x24a5890_0, 0, 0;
    %ix/load 0, 1, 0;
    %assign/v0 v0x24a4e40_0, 0, 0;
    %ix/load 0, 1, 0;
    %assign/v0 v0x24a4d70_0, 0, 0;
    %ix/load 0, 1, 0;
    %assign/v0 v0x24a5760_0, 0, 0;
    %ix/load 0, 1, 0;
    %assign/v0 v0x24a5130_0, 0, 0;
    %ix/load 0, 1, 0;
    %assign/v0 v0x24a54e0_0, 0, 0;
    %ix/load 0, 1, 0;
    %assign/v0 v0x24a5590_0, 0, 0;
    %ix/load 0, 1, 0;
    %assign/v0 v0x24a4fa0_0, 0, 0;
    %ix/load 0, 1, 0;
    %assign/v0 v0x24a5ba0_0, 0, 0;
    %ix/load 0, 1, 0;
    %assign/v0 v0x24a5350_0, 0, 0;
    %ix/load 0, 1, 0;
    %assign/v0 v0x24a56b0_0, 0, 0;
    %ix/load 0, 1, 0;
    %assign/v0 v0x24a5080_0, 0, 0;
    %ix/load 0, 1, 0;
    %assign/v0 v0x24a57e0_0, 0, 0;
    %ix/load 0, 1, 0;
    %assign/v0 v0x24a5a80_0, 0, 0;
    %ix/load 0, 1, 0;
    %assign/v0 v0x24a52a0_0, 0, 0;
    %jmp T_1.7;
T_1.2 ;
    %ix/load 0, 1, 0;
    %assign/v0 v0x24a4ef0_0, 0, 0;
    %ix/load 0, 1, 0;
    %assign/v0 v0x24a51f0_0, 0, 0;
    %ix/load 0, 1, 0;
    %assign/v0 v0x24a5940_0, 0, 0;
    %ix/load 0, 1, 0;
    %assign/v0 v0x24a5890_0, 0, 0;
    %ix/load 0, 1, 0;
    %assign/v0 v0x24a4e40_0, 0, 1;
    %ix/load 0, 1, 0;
    %assign/v0 v0x24a4d70_0, 0, 0;
    %ix/load 0, 1, 0;
    %assign/v0 v0x24a5760_0, 0, 1;
    %ix/load 0, 1, 0;
    %assign/v0 v0x24a5130_0, 0, 0;
    %ix/load 0, 1, 0;
    %assign/v0 v0x24a54e0_0, 0, 0;
    %ix/load 0, 1, 0;
    %assign/v0 v0x24a5590_0, 0, 0;
    %ix/load 0, 1, 0;
    %assign/v0 v0x24a4fa0_0, 0, 0;
    %ix/load 0, 1, 0;
    %assign/v0 v0x24a5ba0_0, 0, 0;
    %ix/load 0, 1, 0;
    %assign/v0 v0x24a5350_0, 0, 0;
    %ix/load 0, 1, 0;
    %assign/v0 v0x24a56b0_0, 0, 0;
    %ix/load 0, 1, 0;
    %assign/v0 v0x24a5080_0, 0, 0;
    %ix/load 0, 1, 0;
    %assign/v0 v0x24a57e0_0, 0, 0;
    %ix/load 0, 1, 0;
    %assign/v0 v0x24a5a80_0, 0, 0;
    %ix/load 0, 1, 0;
    %assign/v0 v0x24a52a0_0, 0, 0;
    %jmp T_1.7;
T_1.3 ;
    %load/v 8, v0x24a53d0_0, 4;
    %cmpi/u 8, 7, 4;
    %jmp/1 T_1.8, 6;
    %cmpi/u 8, 3, 4;
    %jmp/1 T_1.9, 6;
    %jmp T_1.10;
T_1.8 ;
    %ix/load 0, 1, 0;
    %assign/v0 v0x24a4ef0_0, 0, 0;
    %ix/load 0, 1, 0;
    %assign/v0 v0x24a51f0_0, 0, 0;
    %ix/load 0, 1, 0;
    %assign/v0 v0x24a5940_0, 0, 0;
    %ix/load 0, 1, 0;
    %assign/v0 v0x24a5890_0, 0, 1;
    %ix/load 0, 1, 0;
    %assign/v0 v0x24a4e40_0, 0, 0;
    %ix/load 0, 1, 0;
    %assign/v0 v0x24a4d70_0, 0, 0;
    %ix/load 0, 1, 0;
    %assign/v0 v0x24a5760_0, 0, 0;
    %ix/load 0, 1, 0;
    %assign/v0 v0x24a5130_0, 0, 1;
    %ix/load 0, 1, 0;
    %assign/v0 v0x24a54e0_0, 0, 0;
    %ix/load 0, 1, 0;
    %assign/v0 v0x24a5590_0, 0, 0;
    %ix/load 0, 1, 0;
    %assign/v0 v0x24a4fa0_0, 0, 0;
    %ix/load 0, 1, 0;
    %assign/v0 v0x24a5ba0_0, 0, 0;
    %ix/load 0, 1, 0;
    %assign/v0 v0x24a5350_0, 0, 0;
    %ix/load 0, 1, 0;
    %assign/v0 v0x24a56b0_0, 0, 0;
    %ix/load 0, 1, 0;
    %assign/v0 v0x24a5080_0, 0, 0;
    %ix/load 0, 1, 0;
    %assign/v0 v0x24a57e0_0, 0, 0;
    %ix/load 0, 1, 0;
    %assign/v0 v0x24a5a80_0, 0, 0;
    %ix/load 0, 1, 0;
    %assign/v0 v0x24a52a0_0, 0, 0;
    %jmp T_1.10;
T_1.9 ;
    %ix/load 0, 1, 0;
    %assign/v0 v0x24a4ef0_0, 0, 0;
    %ix/load 0, 1, 0;
    %assign/v0 v0x24a51f0_0, 0, 0;
    %ix/load 0, 1, 0;
    %assign/v0 v0x24a5940_0, 0, 0;
    %ix/load 0, 1, 0;
    %assign/v0 v0x24a5890_0, 0, 0;
    %ix/load 0, 1, 0;
    %assign/v0 v0x24a4e40_0, 0, 0;
    %ix/load 0, 1, 0;
    %assign/v0 v0x24a4d70_0, 0, 0;
    %ix/load 0, 1, 0;
    %assign/v0 v0x24a5760_0, 0, 0;
    %ix/load 0, 1, 0;
    %assign/v0 v0x24a5130_0, 0, 0;
    %ix/load 0, 1, 0;
    %assign/v0 v0x24a54e0_0, 0, 0;
    %ix/load 0, 1, 0;
    %assign/v0 v0x24a5590_0, 0, 0;
    %ix/load 0, 1, 0;
    %assign/v0 v0x24a4fa0_0, 0, 1;
    %ix/load 0, 1, 0;
    %assign/v0 v0x24a5ba0_0, 0, 0;
    %ix/load 0, 1, 0;
    %assign/v0 v0x24a5350_0, 0, 0;
    %ix/load 0, 1, 0;
    %assign/v0 v0x24a56b0_0, 0, 0;
    %ix/load 0, 1, 0;
    %assign/v0 v0x24a5080_0, 0, 0;
    %ix/load 0, 1, 0;
    %assign/v0 v0x24a57e0_0, 0, 0;
    %ix/load 0, 1, 0;
    %assign/v0 v0x24a5a80_0, 0, 1;
    %ix/load 0, 1, 0;
    %assign/v0 v0x24a52a0_0, 0, 0;
    %jmp T_1.10;
T_1.10 ;
    %jmp T_1.7;
T_1.4 ;
    %load/v 8, v0x24a53d0_0, 4;
    %cmpi/u 8, 7, 4;
    %jmp/1 T_1.11, 6;
    %cmpi/u 8, 3, 4;
    %jmp/1 T_1.12, 6;
    %jmp T_1.13;
T_1.11 ;
    %ix/load 0, 1, 0;
    %assign/v0 v0x24a4ef0_0, 0, 0;
    %ix/load 0, 1, 0;
    %assign/v0 v0x24a51f0_0, 0, 0;
    %ix/load 0, 1, 0;
    %assign/v0 v0x24a5940_0, 0, 0;
    %ix/load 0, 1, 0;
    %assign/v0 v0x24a5890_0, 0, 0;
    %ix/load 0, 1, 0;
    %assign/v0 v0x24a4e40_0, 0, 0;
    %ix/load 0, 1, 0;
    %assign/v0 v0x24a4d70_0, 0, 1;
    %ix/load 0, 1, 0;
    %assign/v0 v0x24a5760_0, 0, 0;
    %ix/load 0, 1, 0;
    %assign/v0 v0x24a5130_0, 0, 0;
    %ix/load 0, 1, 0;
    %assign/v0 v0x24a54e0_0, 0, 1;
    %ix/load 0, 1, 0;
    %assign/v0 v0x24a5590_0, 0, 0;
    %ix/load 0, 1, 0;
    %assign/v0 v0x24a4fa0_0, 0, 0;
    %ix/load 0, 1, 0;
    %assign/v0 v0x24a5ba0_0, 0, 0;
    %ix/load 0, 1, 0;
    %assign/v0 v0x24a5350_0, 0, 0;
    %ix/load 0, 1, 0;
    %assign/v0 v0x24a56b0_0, 0, 0;
    %ix/load 0, 1, 0;
    %assign/v0 v0x24a5080_0, 0, 0;
    %ix/load 0, 1, 0;
    %assign/v0 v0x24a57e0_0, 0, 0;
    %ix/load 0, 1, 0;
    %assign/v0 v0x24a5a80_0, 0, 0;
    %ix/load 0, 1, 0;
    %assign/v0 v0x24a52a0_0, 0, 0;
    %jmp T_1.13;
T_1.12 ;
    %ix/load 0, 1, 0;
    %assign/v0 v0x24a4ef0_0, 0, 0;
    %ix/load 0, 1, 0;
    %assign/v0 v0x24a51f0_0, 0, 0;
    %ix/load 0, 1, 0;
    %assign/v0 v0x24a5940_0, 0, 0;
    %ix/load 0, 1, 0;
    %assign/v0 v0x24a5890_0, 0, 0;
    %ix/load 0, 1, 0;
    %assign/v0 v0x24a4e40_0, 0, 0;
    %ix/load 0, 1, 0;
    %assign/v0 v0x24a4d70_0, 0, 0;
    %ix/load 0, 1, 0;
    %assign/v0 v0x24a5760_0, 0, 0;
    %ix/load 0, 1, 0;
    %assign/v0 v0x24a5130_0, 0, 0;
    %ix/load 0, 1, 0;
    %assign/v0 v0x24a54e0_0, 0, 0;
    %ix/load 0, 1, 0;
    %assign/v0 v0x24a5590_0, 0, 1;
    %ix/load 0, 1, 0;
    %assign/v0 v0x24a4fa0_0, 0, 0;
    %ix/load 0, 1, 0;
    %assign/v0 v0x24a5ba0_0, 0, 0;
    %ix/load 0, 1, 0;
    %assign/v0 v0x24a5350_0, 0, 0;
    %ix/load 0, 1, 0;
    %assign/v0 v0x24a56b0_0, 0, 0;
    %ix/load 0, 1, 0;
    %assign/v0 v0x24a5080_0, 0, 1;
    %ix/load 0, 1, 0;
    %assign/v0 v0x24a57e0_0, 0, 0;
    %ix/load 0, 1, 0;
    %assign/v0 v0x24a5a80_0, 0, 0;
    %ix/load 0, 1, 0;
    %assign/v0 v0x24a52a0_0, 0, 0;
    %jmp T_1.13;
T_1.13 ;
    %jmp T_1.7;
T_1.5 ;
    %load/v 8, v0x24a53d0_0, 4;
    %cmpi/u 8, 7, 4;
    %jmp/1 T_1.14, 6;
    %cmpi/u 8, 3, 4;
    %jmp/1 T_1.15, 6;
    %jmp T_1.16;
T_1.14 ;
    %ix/load 0, 1, 0;
    %assign/v0 v0x24a4ef0_0, 0, 0;
    %ix/load 0, 1, 0;
    %assign/v0 v0x24a51f0_0, 0, 0;
    %ix/load 0, 1, 0;
    %assign/v0 v0x24a5940_0, 0, 0;
    %ix/load 0, 1, 0;
    %assign/v0 v0x24a5890_0, 0, 0;
    %ix/load 0, 1, 0;
    %assign/v0 v0x24a4e40_0, 0, 0;
    %ix/load 0, 1, 0;
    %assign/v0 v0x24a4d70_0, 0, 0;
    %ix/load 0, 1, 0;
    %assign/v0 v0x24a5760_0, 0, 0;
    %ix/load 0, 1, 0;
    %assign/v0 v0x24a5130_0, 0, 0;
    %ix/load 0, 1, 0;
    %assign/v0 v0x24a54e0_0, 0, 0;
    %ix/load 0, 1, 0;
    %assign/v0 v0x24a5590_0, 0, 0;
    %ix/load 0, 1, 0;
    %assign/v0 v0x24a4fa0_0, 0, 0;
    %ix/load 0, 1, 0;
    %assign/v0 v0x24a5ba0_0, 0, 0;
    %ix/load 0, 1, 0;
    %assign/v0 v0x24a5350_0, 0, 0;
    %ix/load 0, 1, 0;
    %assign/v0 v0x24a56b0_0, 0, 0;
    %ix/load 0, 1, 0;
    %assign/v0 v0x24a5080_0, 0, 0;
    %ix/load 0, 1, 0;
    %assign/v0 v0x24a57e0_0, 0, 0;
    %ix/load 0, 1, 0;
    %assign/v0 v0x24a5a80_0, 0, 0;
    %ix/load 0, 1, 0;
    %assign/v0 v0x24a52a0_0, 0, 0;
    %jmp T_1.16;
T_1.15 ;
    %ix/load 0, 1, 0;
    %assign/v0 v0x24a4ef0_0, 0, 0;
    %ix/load 0, 1, 0;
    %assign/v0 v0x24a51f0_0, 0, 0;
    %ix/load 0, 1, 0;
    %assign/v0 v0x24a5940_0, 0, 0;
    %ix/load 0, 1, 0;
    %assign/v0 v0x24a5890_0, 0, 0;
    %ix/load 0, 1, 0;
    %assign/v0 v0x24a4e40_0, 0, 0;
    %ix/load 0, 1, 0;
    %assign/v0 v0x24a4d70_0, 0, 0;
    %ix/load 0, 1, 0;
    %assign/v0 v0x24a5760_0, 0, 0;
    %ix/load 0, 1, 0;
    %assign/v0 v0x24a5130_0, 0, 0;
    %ix/load 0, 1, 0;
    %assign/v0 v0x24a54e0_0, 0, 0;
    %ix/load 0, 1, 0;
    %assign/v0 v0x24a5590_0, 0, 0;
    %ix/load 0, 1, 0;
    %assign/v0 v0x24a4fa0_0, 0, 0;
    %ix/load 0, 1, 0;
    %assign/v0 v0x24a5ba0_0, 0, 0;
    %ix/load 0, 1, 0;
    %assign/v0 v0x24a5350_0, 0, 0;
    %ix/load 0, 1, 0;
    %assign/v0 v0x24a56b0_0, 0, 1;
    %ix/load 0, 1, 0;
    %assign/v0 v0x24a5080_0, 0, 0;
    %ix/load 0, 1, 0;
    %assign/v0 v0x24a57e0_0, 0, 0;
    %ix/load 0, 1, 0;
    %assign/v0 v0x24a5a80_0, 0, 0;
    %ix/load 0, 1, 0;
    %assign/v0 v0x24a52a0_0, 0, 1;
    %jmp T_1.16;
T_1.16 ;
    %jmp T_1.7;
T_1.7 ;
    %jmp T_1;
    .thread T_1;
    .scope S_0x24a4620;
T_2 ;
    %set/v v0x24a4a20_0, 3, 4;
    %set/v v0x24a49a0_0, 0, 4;
    %end;
    .thread T_2;
    .scope S_0x24a4620;
T_3 ;
    %wait E_0x2434520;
    %load/v 8, v0x24a47d0_0, 1;
    %jmp/0xz  T_3.0, 8;
    %load/v 8, v0x24a49a0_0, 4;
    %ix/load 0, 4, 0;
    %assign/v0 v0x24a4a20_0, 0, 8;
    %jmp T_3.1;
T_3.0 ;
    %ix/load 0, 4, 0;
    %assign/v0 v0x24a4a20_0, 0, 3;
T_3.1 ;
    %load/v 8, v0x24a4710_0, 1;
    %jmp/0xz  T_3.2, 8;
    %load/v 8, v0x24a49a0_0, 4;
    %cmpi/u 8, 15, 4;
    %mov 8, 4, 1;
    %jmp/0  T_3.4, 8;
    %mov 9, 0, 4;
    %jmp/1  T_3.6, 8;
T_3.4 ; End of true expr.
    %ix/load 0, 1, 0;
    %load/vp0 13, v0x24a49a0_0, 4;
    %jmp/0  T_3.5, 8;
 ; End of false expr.
    %blend  9, 13, 4; Condition unknown.
    %jmp  T_3.6;
T_3.5 ;
    %mov 9, 13, 4; Return false value
T_3.6 ;
    %ix/load 0, 4, 0;
    %assign/v0 v0x24a49a0_0, 0, 9;
T_3.2 ;
    %jmp T_3;
    .thread T_3;
    .scope S_0x24a4620;
T_4 ;
    %wait E_0x2479be0;
    %load/v 8, v0x24a4ae0_0, 1;
    %inv 8, 1;
    %jmp/0xz  T_4.0, 8;
    %ix/load 0, 4, 0;
    %assign/v0 v0x24a49a0_0, 0, 0;
T_4.0 ;
    %jmp T_4;
    .thread T_4;
    .scope S_0x24a4090;
T_5 ;
    %set/v v0x24a4520_0, 0, 4;
    %end;
    .thread T_5;
    .scope S_0x24a4090;
T_6 ;
    %wait E_0x24a2640;
    %load/v 8, v0x24a4320_0, 1;
    %jmp/0xz  T_6.0, 8;
    %load/v 8, v0x24a44a0_0, 4;
    %ix/load 0, 4, 0;
    %assign/v0 v0x24a4520_0, 0, 8;
    %jmp T_6.1;
T_6.0 ;
    %load/v 8, v0x24a42a0_0, 1;
    %jmp/0xz  T_6.2, 8;
    %load/v 8, v0x24a41d0_0, 4;
    %ix/load 0, 4, 0;
    %assign/v0 v0x24a4520_0, 0, 8;
T_6.2 ;
T_6.1 ;
    %jmp T_6;
    .thread T_6, $push;
    .scope S_0x24a3900;
T_7 ;
    %set/v v0x24a3f30_0, 3, 8;
    %end;
    .thread T_7;
    .scope S_0x24a3900;
T_8 ;
    %set/v v0x24a3eb0_0, 3, 4;
    %end;
    .thread T_8;
    .scope S_0x24a3900;
T_9 ;
    %set/v v0x24a3d20_0, 0, 32;
T_9.0 ;
    %load/v 8, v0x24a3d20_0, 32;
   %cmpi/s 8, 16, 32;
    %jmp/0xz T_9.1, 5;
    %ix/getv/s 3, v0x24a3d20_0;
    %jmp/1 t_0, 4;
    %ix/load 0, 8, 0; word width
    %ix/load 1, 0, 0; part off
    %assign/av v0x24a3fb0, 0, 0;
t_0 ;
    %ix/load 0, 1, 0;
    %load/vp0/s 8, v0x24a3d20_0, 32;
    %set/v v0x24a3d20_0, 8, 32;
    %jmp T_9.0;
T_9.1 ;
    %movi 8, 121, 8;
    %ix/load 3, 0, 0; address
    %ix/load 0, 8, 0; word width
    %ix/load 1, 0, 0; part off
    %assign/av v0x24a3fb0, 0, 8;
t_1 ;
    %movi 8, 48, 8;
    %ix/load 3, 1, 0; address
    %ix/load 0, 8, 0; word width
    %ix/load 1, 0, 0; part off
    %assign/av v0x24a3fb0, 0, 8;
t_2 ;
    %movi 8, 122, 8;
    %ix/load 3, 2, 0; address
    %ix/load 0, 8, 0; word width
    %ix/load 1, 0, 0; part off
    %assign/av v0x24a3fb0, 0, 8;
t_3 ;
    %movi 8, 16, 8;
    %ix/load 3, 3, 0; address
    %ix/load 0, 8, 0; word width
    %ix/load 1, 0, 0; part off
    %assign/av v0x24a3fb0, 0, 8;
t_4 ;
    %movi 8, 240, 8;
    %ix/load 3, 4, 0; address
    %ix/load 0, 8, 0; word width
    %ix/load 1, 0, 0; part off
    %assign/av v0x24a3fb0, 0, 8;
t_5 ;
    %movi 8, 10, 8;
    %ix/load 3, 9, 0; address
    %ix/load 0, 8, 0; word width
    %ix/load 1, 0, 0; part off
    %assign/av v0x24a3fb0, 0, 8;
t_6 ;
    %end;
    .thread T_9;
    .scope S_0x24a3900;
T_10 ;
    %wait E_0x2434520;
    %load/v 8, v0x24a3ab0_0, 1;
    %jmp/0xz  T_10.0, 8;
    %ix/getv 3, v0x24a3b50_0;
    %load/av 8, v0x24a3fb0, 8;
    %ix/load 0, 8, 0;
    %assign/v0 v0x24a3f30_0, 0, 8;
    %jmp T_10.1;
T_10.0 ;
    %load/v 8, v0x24a39f0_0, 1;
    %jmp/0xz  T_10.2, 8;
    %ix/getv 3, v0x24a3b50_0;
    %jmp/1 T_10.4, 4;
    %ix/get/s 0, 0, 2;
T_10.4 ;
    %load/avx.p 8, v0x24a3fb0, 0;
    %load/avx.p 9, v0x24a3fb0, 0;
    %load/avx.p 10, v0x24a3fb0, 0;
    %load/avx.p 11, v0x24a3fb0, 0;
; Save base=8 wid=4 in lookaside.
    %ix/load 0, 4, 0;
    %assign/v0 v0x24a3eb0_0, 0, 8;
    %jmp T_10.3;
T_10.2 ;
    %ix/load 0, 8, 0;
    %assign/v0 v0x24a3f30_0, 0, 3;
    %ix/load 0, 4, 0;
    %assign/v0 v0x24a3eb0_0, 0, 3;
T_10.3 ;
T_10.1 ;
    %jmp T_10;
    .thread T_10;
    .scope S_0x24a3120;
T_11 ;
    %wait E_0x24a2560;
    %load/v 8, v0x24a3450_0, 1;
    %jmp/0xz  T_11.0, 8;
    %ix/load 1, 4, 0;
    %mov 4, 0, 1;
    %jmp/1 T_11.2, 4;
    %load/x1p 8, v0x24a34d0_0, 4;
    %jmp T_11.3;
T_11.2 ;
    %mov 8, 2, 4;
T_11.3 ;
; Save base=8 wid=4 in lookaside.
    %ix/load 0, 4, 0;
    %assign/v0 v0x24a3690_0, 0, 8;
    %load/v 8, v0x24a34d0_0, 4; Only need 4 of 8 bits
; Save base=8 wid=4 in lookaside.
    %ix/load 0, 4, 0;
    %assign/v0 v0x24a3780_0, 0, 8;
T_11.0 ;
    %jmp T_11;
    .thread T_11, $push;
    .scope S_0x24a3120;
T_12 ;
    %wait E_0x2434520;
    %load/v 8, v0x24a3250_0, 1;
    %jmp/0xz  T_12.0, 8;
    %load/v 8, v0x24a3780_0, 4;
    %ix/load 0, 4, 0;
    %assign/v0 v0x24a3570_0, 0, 8;
T_12.0 ;
    %jmp T_12;
    .thread T_12;
    .scope S_0x24a3120;
T_13 ;
    %wait E_0x2479be0;
    %load/v 8, v0x24a3820_0, 1;
    %inv 8, 1;
    %jmp/0xz  T_13.0, 8;
    %ix/load 0, 4, 0;
    %assign/v0 v0x24a3690_0, 0, 3;
    %ix/load 0, 4, 0;
    %assign/v0 v0x24a3780_0, 0, 3;
    %ix/load 0, 4, 0;
    %assign/v0 v0x24a3570_0, 0, 3;
T_13.0 ;
    %jmp T_13;
    .thread T_13;
    .scope S_0x24a2840;
T_14 ;
    %wait E_0x24a2930;
    %load/v 8, v0x24a2c40_0, 1;
    %jmp/0xz  T_14.0, 8;
    %load/v 8, v0x24a2d40_0, 4;
    %ix/load 0, 4, 0;
    %assign/v0 v0x24a2f00_0, 0, 8;
    %jmp T_14.1;
T_14.0 ;
    %load/v 8, v0x24a2cc0_0, 1;
    %jmp/0xz  T_14.2, 8;
    %load/v 8, v0x24a2ae0_0, 4;
    %ix/load 0, 4, 0;
    %assign/v0 v0x24a2f00_0, 0, 8;
T_14.2 ;
T_14.1 ;
    %jmp T_14;
    .thread T_14, $push;
    .scope S_0x24a2840;
T_15 ;
    %wait E_0x2434520;
    %load/v 8, v0x24a2b90_0, 1;
    %jmp/0xz  T_15.0, 8;
    %load/v 8, v0x24a2f00_0, 4;
    %ix/load 0, 4, 0;
    %assign/v0 v0x24a2fa0_0, 0, 8;
T_15.0 ;
    %jmp T_15;
    .thread T_15;
    .scope S_0x24a2840;
T_16 ;
    %wait E_0x2479be0;
    %load/v 8, v0x24a30a0_0, 1;
    %inv 8, 1;
    %jmp/0xz  T_16.0, 8;
    %ix/load 0, 4, 0;
    %assign/v0 v0x24a2f00_0, 0, 3;
    %ix/load 0, 4, 0;
    %assign/v0 v0x24a2fa0_0, 0, 3;
T_16.0 ;
    %jmp T_16;
    .thread T_16;
    .scope S_0x24a21b0;
T_17 ;
    %wait E_0x24a1e70;
    %load/v 8, v0x24a2440_0, 1;
    %jmp/0xz  T_17.0, 8;
    %load/v 8, v0x24a22e0_0, 4;
    %ix/load 0, 4, 0;
    %assign/v0 v0x24a26f0_0, 0, 8;
T_17.0 ;
    %jmp T_17;
    .thread T_17, $push;
    .scope S_0x24a21b0;
T_18 ;
    %wait E_0x2434520;
    %load/v 8, v0x24a23a0_0, 1;
    %jmp/0xz  T_18.0, 8;
    %load/v 8, v0x24a26f0_0, 4;
    %ix/load 0, 4, 0;
    %assign/v0 v0x24a2670_0, 0, 8;
T_18.0 ;
    %jmp T_18;
    .thread T_18;
    .scope S_0x24a21b0;
T_19 ;
    %wait E_0x2479be0;
    %load/v 8, v0x24a2770_0, 1;
    %inv 8, 1;
    %jmp/0xz  T_19.0, 8;
    %ix/load 0, 4, 0;
    %assign/v0 v0x24a26f0_0, 0, 3;
    %ix/load 0, 4, 0;
    %assign/v0 v0x24a2670_0, 0, 3;
T_19.0 ;
    %jmp T_19;
    .thread T_19;
    .scope S_0x2436310;
T_20 ;
    %wait E_0x24351b0;
    %load/v 8, v0x24a1d50_0, 1;
    %jmp/0xz  T_20.0, 8;
    %load/v 8, v0x24a1df0_0, 4;
    %ix/load 0, 4, 0;
    %assign/v0 v0x24a1f40_0, 0, 8;
T_20.0 ;
    %jmp T_20;
    .thread T_20, $push;
    .scope S_0x2436310;
T_21 ;
    %wait E_0x2434520;
    %load/v 8, v0x24a1cb0_0, 1;
    %jmp/0xz  T_21.0, 8;
    %load/v 8, v0x24a1f40_0, 4;
    %ix/load 0, 4, 0;
    %assign/v0 v0x24a2020_0, 0, 8;
T_21.0 ;
    %jmp T_21;
    .thread T_21;
    .scope S_0x2436310;
T_22 ;
    %wait E_0x2479be0;
    %load/v 8, v0x24a20c0_0, 1;
    %inv 8, 1;
    %jmp/0xz  T_22.0, 8;
    %ix/load 0, 4, 0;
    %assign/v0 v0x24a1f40_0, 0, 0;
    %ix/load 0, 4, 0;
    %assign/v0 v0x24a2020_0, 0, 3;
T_22.0 ;
    %jmp T_22;
    .thread T_22;
    .scope S_0x23e72f0;
T_23 ;
    %set/v v0x24a7260_0, 1, 1;
    %set/v v0x24a3e20_0, 1, 1;
    %delay 1, 0;
    %set/v v0x24a3e20_0, 0, 1;
    %delay 2, 0;
    %vpi_call 2 33 "$display", "t=%d, Cp=%b, Ep=%b, Cei=%b, Cea=%b, LaRam=%b, Lab=%b, Eatmp=%b, Lbtmp=%b, Ltmpa=%b, Etmpb=%b, Ei=%b, Li=%b, Lmp = %b, Lmi=%b, Su=%b, Eu=%b, Lo=%b, PC_to_MAR=%8b, MAR_to_RAM=%8b, RAM_to_IR=%8b, IR_to_Control=%4b, IR_to_MAR=%4b, RAM_to_A=%4b, A_to_ALU=%4b, A_to_TMP=%4b, TMP_to_B=%4b, B_to_A=%4b", $time, v0x24a6090_0, v0x24a6420_0, v0x24a6010_0, v0x24a5f90_0, v0x24a6810_0, v0x24a68e0_0, v0x24a6160_0, v0x24a6740_0, v0x24a6e30_0, v0x24a64a0_0, v0x24a6350_0, v0x24a6a90_0, v0x24a6c80_0, v0x24a6bb0_0, v0x24a7090_0, v0x24a6570_0, v0x24a6db0_0, v0x24a6fc0_0, v0x24a6d00_0, v0x24a7190_0, v0x24a65f0_0, v0x24a66c0_0, v0x24a7110_0, v0x24a5ca0_0, v0x24a5e90_0, v0x24a72f0_0, v0x24a5f10_0;
    %delay 1, 0;
    %set/v v0x24a3e20_0, 1, 1;
    %delay 3, 0;
    %vpi_call 2 36 "$display", "t=%d, Cp=%b, Ep=%b, Cei=%b, Cea=%b, LaRam=%b, Lab=%b, Eatmp=%b, Lbtmp=%b, Ltmpa=%b, Etmpb=%b, Ei=%b, Li=%b, Lmp = %b, Lmi=%b, Su=%b, Eu=%b, Lo=%b, PC_to_MAR=%8b, MAR_to_RAM=%8b, RAM_to_IR=%8b, IR_to_Control=%4b, IR_to_MAR=%4b, RAM_to_A=%4b, A_to_ALU=%4b, A_to_TMP=%4b, TMP_to_B=%4b, B_to_A=%4b", $time, v0x24a6090_0, v0x24a6420_0, v0x24a6010_0, v0x24a5f90_0, v0x24a6810_0, v0x24a68e0_0, v0x24a6160_0, v0x24a6740_0, v0x24a6e30_0, v0x24a64a0_0, v0x24a6350_0, v0x24a6a90_0, v0x24a6c80_0, v0x24a6bb0_0, v0x24a7090_0, v0x24a6570_0, v0x24a6db0_0, v0x24a6fc0_0, v0x24a6d00_0, v0x24a7190_0, v0x24a65f0_0, v0x24a66c0_0, v0x24a7110_0, v0x24a5ca0_0, v0x24a5e90_0, v0x24a72f0_0, v0x24a5f10_0;
    %delay 6, 0;
    %vpi_call 2 38 "$display", "t=%d, Cp=%b, Ep=%b, Cei=%b, Cea=%b, LaRam=%b, Lab=%b, Eatmp=%b, Lbtmp=%b, Ltmpa=%b, Etmpb=%b, Ei=%b, Li=%b, Lmp = %b, Lmi=%b, Su=%b, Eu=%b, Lo=%b, PC_to_MAR=%8b, MAR_to_RAM=%8b, RAM_to_IR=%8b, IR_to_Control=%4b, IR_to_MAR=%4b, RAM_to_A=%4b, A_to_ALU=%4b, A_to_TMP=%4b, TMP_to_B=%4b, B_to_A=%4b", $time, v0x24a6090_0, v0x24a6420_0, v0x24a6010_0, v0x24a5f90_0, v0x24a6810_0, v0x24a68e0_0, v0x24a6160_0, v0x24a6740_0, v0x24a6e30_0, v0x24a64a0_0, v0x24a6350_0, v0x24a6a90_0, v0x24a6c80_0, v0x24a6bb0_0, v0x24a7090_0, v0x24a6570_0, v0x24a6db0_0, v0x24a6fc0_0, v0x24a6d00_0, v0x24a7190_0, v0x24a65f0_0, v0x24a66c0_0, v0x24a7110_0, v0x24a5ca0_0, v0x24a5e90_0, v0x24a72f0_0, v0x24a5f10_0;
    %delay 4, 0;
    %vpi_call 2 40 "$display", "t=%d, Cp=%b, Ep=%b, Cei=%b, Cea=%b, LaRam=%b, Lab=%b, Eatmp=%b, Lbtmp=%b, Ltmpa=%b, Etmpb=%b, Ei=%b, Li=%b, Lmp = %b, Lmi=%b, Su=%b, Eu=%b, Lo=%b, PC_to_MAR=%8b, MAR_to_RAM=%8b, RAM_to_IR=%8b, IR_to_Control=%4b, IR_to_MAR=%4b, RAM_to_A=%4b, A_to_ALU=%4b, A_to_TMP=%4b, TMP_to_B=%4b, B_to_A=%4b", $time, v0x24a6090_0, v0x24a6420_0, v0x24a6010_0, v0x24a5f90_0, v0x24a6810_0, v0x24a68e0_0, v0x24a6160_0, v0x24a6740_0, v0x24a6e30_0, v0x24a64a0_0, v0x24a6350_0, v0x24a6a90_0, v0x24a6c80_0, v0x24a6bb0_0, v0x24a7090_0, v0x24a6570_0, v0x24a6db0_0, v0x24a6fc0_0, v0x24a6d00_0, v0x24a7190_0, v0x24a65f0_0, v0x24a66c0_0, v0x24a7110_0, v0x24a5ca0_0, v0x24a5e90_0, v0x24a72f0_0, v0x24a5f10_0;
    %delay 6, 0;
    %vpi_call 2 42 "$display", "t=%d, Cp=%b, Ep=%b, Cei=%b, Cea=%b, LaRam=%b, Lab=%b, Eatmp=%b, Lbtmp=%b, Ltmpa=%b, Etmpb=%b, Ei=%b, Li=%b, Lmp = %b, Lmi=%b, Su=%b, Eu=%b, Lo=%b, PC_to_MAR=%8b, MAR_to_RAM=%8b, RAM_to_IR=%8b, IR_to_Control=%4b, IR_to_MAR=%4b, RAM_to_A=%4b, A_to_ALU=%4b, A_to_TMP=%4b, TMP_to_B=%4b, B_to_A=%4b", $time, v0x24a6090_0, v0x24a6420_0, v0x24a6010_0, v0x24a5f90_0, v0x24a6810_0, v0x24a68e0_0, v0x24a6160_0, v0x24a6740_0, v0x24a6e30_0, v0x24a64a0_0, v0x24a6350_0, v0x24a6a90_0, v0x24a6c80_0, v0x24a6bb0_0, v0x24a7090_0, v0x24a6570_0, v0x24a6db0_0, v0x24a6fc0_0, v0x24a6d00_0, v0x24a7190_0, v0x24a65f0_0, v0x24a66c0_0, v0x24a7110_0, v0x24a5ca0_0, v0x24a5e90_0, v0x24a72f0_0, v0x24a5f10_0;
    %delay 4, 0;
    %vpi_call 2 44 "$display", "t=%d, Cp=%b, Ep=%b, Cei=%b, Cea=%b, LaRam=%b, Lab=%b, Eatmp=%b, Lbtmp=%b, Ltmpa=%b, Etmpb=%b, Ei=%b, Li=%b, Lmp = %b, Lmi=%b, Su=%b, Eu=%b, Lo=%b, PC_to_MAR=%8b, MAR_to_RAM=%8b, RAM_to_IR=%8b, IR_to_Control=%4b, IR_to_MAR=%4b, RAM_to_A=%4b, A_to_ALU=%4b, A_to_TMP=%4b, TMP_to_B=%4b, B_to_A=%4b", $time, v0x24a6090_0, v0x24a6420_0, v0x24a6010_0, v0x24a5f90_0, v0x24a6810_0, v0x24a68e0_0, v0x24a6160_0, v0x24a6740_0, v0x24a6e30_0, v0x24a64a0_0, v0x24a6350_0, v0x24a6a90_0, v0x24a6c80_0, v0x24a6bb0_0, v0x24a7090_0, v0x24a6570_0, v0x24a6db0_0, v0x24a6fc0_0, v0x24a6d00_0, v0x24a7190_0, v0x24a65f0_0, v0x24a66c0_0, v0x24a7110_0, v0x24a5ca0_0, v0x24a5e90_0, v0x24a72f0_0, v0x24a5f10_0;
    %delay 6, 0;
    %vpi_call 2 46 "$display", "t=%d, Cp=%b, Ep=%b, Cei=%b, Cea=%b, LaRam=%b, Lab=%b, Eatmp=%b, Lbtmp=%b, Ltmpa=%b, Etmpb=%b, Ei=%b, Li=%b, Lmp = %b, Lmi=%b, Su=%b, Eu=%b, Lo=%b, PC_to_MAR=%8b, MAR_to_RAM=%8b, RAM_to_IR=%8b, IR_to_Control=%4b, IR_to_MAR=%4b, RAM_to_A=%4b, A_to_ALU=%4b, A_to_TMP=%4b, TMP_to_B=%4b, B_to_A=%4b", $time, v0x24a6090_0, v0x24a6420_0, v0x24a6010_0, v0x24a5f90_0, v0x24a6810_0, v0x24a68e0_0, v0x24a6160_0, v0x24a6740_0, v0x24a6e30_0, v0x24a64a0_0, v0x24a6350_0, v0x24a6a90_0, v0x24a6c80_0, v0x24a6bb0_0, v0x24a7090_0, v0x24a6570_0, v0x24a6db0_0, v0x24a6fc0_0, v0x24a6d00_0, v0x24a7190_0, v0x24a65f0_0, v0x24a66c0_0, v0x24a7110_0, v0x24a5ca0_0, v0x24a5e90_0, v0x24a72f0_0, v0x24a5f10_0;
    %delay 4, 0;
    %vpi_call 2 48 "$display", "t=%d, Cp=%b, Ep=%b, Cei=%b, Cea=%b, LaRam=%b, Lab=%b, Eatmp=%b, Lbtmp=%b, Ltmpa=%b, Etmpb=%b, Ei=%b, Li=%b, Lmp = %b, Lmi=%b, Su=%b, Eu=%b, Lo=%b, PC_to_MAR=%8b, MAR_to_RAM=%8b, RAM_to_IR=%8b, IR_to_Control=%4b, IR_to_MAR=%4b, RAM_to_A=%4b, A_to_ALU=%4b, A_to_TMP=%4b, TMP_to_B=%4b, B_to_A=%4b", $time, v0x24a6090_0, v0x24a6420_0, v0x24a6010_0, v0x24a5f90_0, v0x24a6810_0, v0x24a68e0_0, v0x24a6160_0, v0x24a6740_0, v0x24a6e30_0, v0x24a64a0_0, v0x24a6350_0, v0x24a6a90_0, v0x24a6c80_0, v0x24a6bb0_0, v0x24a7090_0, v0x24a6570_0, v0x24a6db0_0, v0x24a6fc0_0, v0x24a6d00_0, v0x24a7190_0, v0x24a65f0_0, v0x24a66c0_0, v0x24a7110_0, v0x24a5ca0_0, v0x24a5e90_0, v0x24a72f0_0, v0x24a5f10_0;
    %delay 6, 0;
    %vpi_call 2 50 "$display", "t=%d, Cp=%b, Ep=%b, Cei=%b, Cea=%b, LaRam=%b, Lab=%b, Eatmp=%b, Lbtmp=%b, Ltmpa=%b, Etmpb=%b, Ei=%b, Li=%b, Lmp = %b, Lmi=%b, Su=%b, Eu=%b, Lo=%b, PC_to_MAR=%8b, MAR_to_RAM=%8b, RAM_to_IR=%8b, IR_to_Control=%4b, IR_to_MAR=%4b, RAM_to_A=%4b, A_to_ALU=%4b, A_to_TMP=%4b, TMP_to_B=%4b, B_to_A=%4b", $time, v0x24a6090_0, v0x24a6420_0, v0x24a6010_0, v0x24a5f90_0, v0x24a6810_0, v0x24a68e0_0, v0x24a6160_0, v0x24a6740_0, v0x24a6e30_0, v0x24a64a0_0, v0x24a6350_0, v0x24a6a90_0, v0x24a6c80_0, v0x24a6bb0_0, v0x24a7090_0, v0x24a6570_0, v0x24a6db0_0, v0x24a6fc0_0, v0x24a6d00_0, v0x24a7190_0, v0x24a65f0_0, v0x24a66c0_0, v0x24a7110_0, v0x24a5ca0_0, v0x24a5e90_0, v0x24a72f0_0, v0x24a5f10_0;
    %delay 4, 0;
    %vpi_call 2 52 "$display", "t=%d, Cp=%b, Ep=%b, Cei=%b, Cea=%b, LaRam=%b, Lab=%b, Eatmp=%b, Lbtmp=%b, Ltmpa=%b, Etmpb=%b, Ei=%b, Li=%b, Lmp = %b, Lmi=%b, Su=%b, Eu=%b, Lo=%b, PC_to_MAR=%8b, MAR_to_RAM=%8b, RAM_to_IR=%8b, IR_to_Control=%4b, IR_to_MAR=%4b, RAM_to_A=%4b, A_to_ALU=%4b, A_to_TMP=%4b, TMP_to_B=%4b, B_to_A=%4b", $time, v0x24a6090_0, v0x24a6420_0, v0x24a6010_0, v0x24a5f90_0, v0x24a6810_0, v0x24a68e0_0, v0x24a6160_0, v0x24a6740_0, v0x24a6e30_0, v0x24a64a0_0, v0x24a6350_0, v0x24a6a90_0, v0x24a6c80_0, v0x24a6bb0_0, v0x24a7090_0, v0x24a6570_0, v0x24a6db0_0, v0x24a6fc0_0, v0x24a6d00_0, v0x24a7190_0, v0x24a65f0_0, v0x24a66c0_0, v0x24a7110_0, v0x24a5ca0_0, v0x24a5e90_0, v0x24a72f0_0, v0x24a5f10_0;
    %delay 6, 0;
    %vpi_call 2 54 "$display", "t=%d, Cp=%b, Ep=%b, Cei=%b, Cea=%b, LaRam=%b, Lab=%b, Eatmp=%b, Lbtmp=%b, Ltmpa=%b, Etmpb=%b, Ei=%b, Li=%b, Lmp = %b, Lmi=%b, Su=%b, Eu=%b, Lo=%b, PC_to_MAR=%8b, MAR_to_RAM=%8b, RAM_to_IR=%8b, IR_to_Control=%4b, IR_to_MAR=%4b, RAM_to_A=%4b, A_to_ALU=%4b, A_to_TMP=%4b, TMP_to_B=%4b, B_to_A=%4b", $time, v0x24a6090_0, v0x24a6420_0, v0x24a6010_0, v0x24a5f90_0, v0x24a6810_0, v0x24a68e0_0, v0x24a6160_0, v0x24a6740_0, v0x24a6e30_0, v0x24a64a0_0, v0x24a6350_0, v0x24a6a90_0, v0x24a6c80_0, v0x24a6bb0_0, v0x24a7090_0, v0x24a6570_0, v0x24a6db0_0, v0x24a6fc0_0, v0x24a6d00_0, v0x24a7190_0, v0x24a65f0_0, v0x24a66c0_0, v0x24a7110_0, v0x24a5ca0_0, v0x24a5e90_0, v0x24a72f0_0, v0x24a5f10_0;
    %delay 4, 0;
    %vpi_call 2 56 "$display", "t=%d, Cp=%b, Ep=%b, Cei=%b, Cea=%b, LaRam=%b, Lab=%b, Eatmp=%b, Lbtmp=%b, Ltmpa=%b, Etmpb=%b, Ei=%b, Li=%b, Lmp = %b, Lmi=%b, Su=%b, Eu=%b, Lo=%b, PC_to_MAR=%8b, MAR_to_RAM=%8b, RAM_to_IR=%8b, IR_to_Control=%4b, IR_to_MAR=%4b, RAM_to_A=%4b, A_to_ALU=%4b, A_to_TMP=%4b, TMP_to_B=%4b, B_to_A=%4b", $time, v0x24a6090_0, v0x24a6420_0, v0x24a6010_0, v0x24a5f90_0, v0x24a6810_0, v0x24a68e0_0, v0x24a6160_0, v0x24a6740_0, v0x24a6e30_0, v0x24a64a0_0, v0x24a6350_0, v0x24a6a90_0, v0x24a6c80_0, v0x24a6bb0_0, v0x24a7090_0, v0x24a6570_0, v0x24a6db0_0, v0x24a6fc0_0, v0x24a6d00_0, v0x24a7190_0, v0x24a65f0_0, v0x24a66c0_0, v0x24a7110_0, v0x24a5ca0_0, v0x24a5e90_0, v0x24a72f0_0, v0x24a5f10_0;
    %delay 6, 0;
    %vpi_call 2 58 "$display", "t=%d, Cp=%b, Ep=%b, Cei=%b, Cea=%b, LaRam=%b, Lab=%b, Eatmp=%b, Lbtmp=%b, Ltmpa=%b, Etmpb=%b, Ei=%b, Li=%b, Lmp = %b, Lmi=%b, Su=%b, Eu=%b, Lo=%b, PC_to_MAR=%8b, MAR_to_RAM=%8b, RAM_to_IR=%8b, IR_to_Control=%4b, IR_to_MAR=%4b, RAM_to_A=%4b, A_to_ALU=%4b, A_to_TMP=%4b, TMP_to_B=%4b, B_to_A=%4b", $time, v0x24a6090_0, v0x24a6420_0, v0x24a6010_0, v0x24a5f90_0, v0x24a6810_0, v0x24a68e0_0, v0x24a6160_0, v0x24a6740_0, v0x24a6e30_0, v0x24a64a0_0, v0x24a6350_0, v0x24a6a90_0, v0x24a6c80_0, v0x24a6bb0_0, v0x24a7090_0, v0x24a6570_0, v0x24a6db0_0, v0x24a6fc0_0, v0x24a6d00_0, v0x24a7190_0, v0x24a65f0_0, v0x24a66c0_0, v0x24a7110_0, v0x24a5ca0_0, v0x24a5e90_0, v0x24a72f0_0, v0x24a5f10_0;
    %delay 4, 0;
    %vpi_call 2 60 "$display", "t=%d, Cp=%b, Ep=%b, Cei=%b, Cea=%b, LaRam=%b, Lab=%b, Eatmp=%b, Lbtmp=%b, Ltmpa=%b, Etmpb=%b, Ei=%b, Li=%b, Lmp = %b, Lmi=%b, Su=%b, Eu=%b, Lo=%b, PC_to_MAR=%8b, MAR_to_RAM=%8b, RAM_to_IR=%8b, IR_to_Control=%4b, IR_to_MAR=%4b, RAM_to_A=%4b, A_to_ALU=%4b, A_to_TMP=%4b, TMP_to_B=%4b, B_to_A=%4b", $time, v0x24a6090_0, v0x24a6420_0, v0x24a6010_0, v0x24a5f90_0, v0x24a6810_0, v0x24a68e0_0, v0x24a6160_0, v0x24a6740_0, v0x24a6e30_0, v0x24a64a0_0, v0x24a6350_0, v0x24a6a90_0, v0x24a6c80_0, v0x24a6bb0_0, v0x24a7090_0, v0x24a6570_0, v0x24a6db0_0, v0x24a6fc0_0, v0x24a6d00_0, v0x24a7190_0, v0x24a65f0_0, v0x24a66c0_0, v0x24a7110_0, v0x24a5ca0_0, v0x24a5e90_0, v0x24a72f0_0, v0x24a5f10_0;
    %delay 6, 0;
    %vpi_call 2 62 "$display", "t=%d, Cp=%b, Ep=%b, Cei=%b, Cea=%b, LaRam=%b, Lab=%b, Eatmp=%b, Lbtmp=%b, Ltmpa=%b, Etmpb=%b, Ei=%b, Li=%b, Lmp = %b, Lmi=%b, Su=%b, Eu=%b, Lo=%b, PC_to_MAR=%8b, MAR_to_RAM=%8b, RAM_to_IR=%8b, IR_to_Control=%4b, IR_to_MAR=%4b, RAM_to_A=%4b, A_to_ALU=%4b, A_to_TMP=%4b, TMP_to_B=%4b, B_to_A=%4b", $time, v0x24a6090_0, v0x24a6420_0, v0x24a6010_0, v0x24a5f90_0, v0x24a6810_0, v0x24a68e0_0, v0x24a6160_0, v0x24a6740_0, v0x24a6e30_0, v0x24a64a0_0, v0x24a6350_0, v0x24a6a90_0, v0x24a6c80_0, v0x24a6bb0_0, v0x24a7090_0, v0x24a6570_0, v0x24a6db0_0, v0x24a6fc0_0, v0x24a6d00_0, v0x24a7190_0, v0x24a65f0_0, v0x24a66c0_0, v0x24a7110_0, v0x24a5ca0_0, v0x24a5e90_0, v0x24a72f0_0, v0x24a5f10_0;
    %delay 4, 0;
    %vpi_call 2 64 "$display", "t=%d, Cp=%b, Ep=%b, Cei=%b, Cea=%b, LaRam=%b, Lab=%b, Eatmp=%b, Lbtmp=%b, Ltmpa=%b, Etmpb=%b, Ei=%b, Li=%b, Lmp = %b, Lmi=%b, Su=%b, Eu=%b, Lo=%b, PC_to_MAR=%8b, MAR_to_RAM=%8b, RAM_to_IR=%8b, IR_to_Control=%4b, IR_to_MAR=%4b, RAM_to_A=%4b, A_to_ALU=%4b, A_to_TMP=%4b, TMP_to_B=%4b, B_to_A=%4b", $time, v0x24a6090_0, v0x24a6420_0, v0x24a6010_0, v0x24a5f90_0, v0x24a6810_0, v0x24a68e0_0, v0x24a6160_0, v0x24a6740_0, v0x24a6e30_0, v0x24a64a0_0, v0x24a6350_0, v0x24a6a90_0, v0x24a6c80_0, v0x24a6bb0_0, v0x24a7090_0, v0x24a6570_0, v0x24a6db0_0, v0x24a6fc0_0, v0x24a6d00_0, v0x24a7190_0, v0x24a65f0_0, v0x24a66c0_0, v0x24a7110_0, v0x24a5ca0_0, v0x24a5e90_0, v0x24a72f0_0, v0x24a5f10_0;
    %delay 6, 0;
    %vpi_call 2 66 "$display", "t=%d, Cp=%b, Ep=%b, Cei=%b, Cea=%b, LaRam=%b, Lab=%b, Eatmp=%b, Lbtmp=%b, Ltmpa=%b, Etmpb=%b, Ei=%b, Li=%b, Lmp = %b, Lmi=%b, Su=%b, Eu=%b, Lo=%b, PC_to_MAR=%8b, MAR_to_RAM=%8b, RAM_to_IR=%8b, IR_to_Control=%4b, IR_to_MAR=%4b, RAM_to_A=%4b, A_to_ALU=%4b, A_to_TMP=%4b, TMP_to_B=%4b, B_to_A=%4b", $time, v0x24a6090_0, v0x24a6420_0, v0x24a6010_0, v0x24a5f90_0, v0x24a6810_0, v0x24a68e0_0, v0x24a6160_0, v0x24a6740_0, v0x24a6e30_0, v0x24a64a0_0, v0x24a6350_0, v0x24a6a90_0, v0x24a6c80_0, v0x24a6bb0_0, v0x24a7090_0, v0x24a6570_0, v0x24a6db0_0, v0x24a6fc0_0, v0x24a6d00_0, v0x24a7190_0, v0x24a65f0_0, v0x24a66c0_0, v0x24a7110_0, v0x24a5ca0_0, v0x24a5e90_0, v0x24a72f0_0, v0x24a5f10_0;
    %delay 4, 0;
    %vpi_call 2 68 "$display", "t=%d, Cp=%b, Ep=%b, Cei=%b, Cea=%b, LaRam=%b, Lab=%b, Eatmp=%b, Lbtmp=%b, Ltmpa=%b, Etmpb=%b, Ei=%b, Li=%b, Lmp = %b, Lmi=%b, Su=%b, Eu=%b, Lo=%b, PC_to_MAR=%8b, MAR_to_RAM=%8b, RAM_to_IR=%8b, IR_to_Control=%4b, IR_to_MAR=%4b, RAM_to_A=%4b, A_to_ALU=%4b, A_to_TMP=%4b, TMP_to_B=%4b, B_to_A=%4b", $time, v0x24a6090_0, v0x24a6420_0, v0x24a6010_0, v0x24a5f90_0, v0x24a6810_0, v0x24a68e0_0, v0x24a6160_0, v0x24a6740_0, v0x24a6e30_0, v0x24a64a0_0, v0x24a6350_0, v0x24a6a90_0, v0x24a6c80_0, v0x24a6bb0_0, v0x24a7090_0, v0x24a6570_0, v0x24a6db0_0, v0x24a6fc0_0, v0x24a6d00_0, v0x24a7190_0, v0x24a65f0_0, v0x24a66c0_0, v0x24a7110_0, v0x24a5ca0_0, v0x24a5e90_0, v0x24a72f0_0, v0x24a5f10_0;
    %delay 6, 0;
    %vpi_call 2 70 "$display", "t=%d, Cp=%b, Ep=%b, Cei=%b, Cea=%b, LaRam=%b, Lab=%b, Eatmp=%b, Lbtmp=%b, Ltmpa=%b, Etmpb=%b, Ei=%b, Li=%b, Lmp = %b, Lmi=%b, Su=%b, Eu=%b, Lo=%b, PC_to_MAR=%8b, MAR_to_RAM=%8b, RAM_to_IR=%8b, IR_to_Control=%4b, IR_to_MAR=%4b, RAM_to_A=%4b, A_to_ALU=%4b, A_to_TMP=%4b, TMP_to_B=%4b, B_to_A=%4b", $time, v0x24a6090_0, v0x24a6420_0, v0x24a6010_0, v0x24a5f90_0, v0x24a6810_0, v0x24a68e0_0, v0x24a6160_0, v0x24a6740_0, v0x24a6e30_0, v0x24a64a0_0, v0x24a6350_0, v0x24a6a90_0, v0x24a6c80_0, v0x24a6bb0_0, v0x24a7090_0, v0x24a6570_0, v0x24a6db0_0, v0x24a6fc0_0, v0x24a6d00_0, v0x24a7190_0, v0x24a65f0_0, v0x24a66c0_0, v0x24a7110_0, v0x24a5ca0_0, v0x24a5e90_0, v0x24a72f0_0, v0x24a5f10_0;
    %delay 4, 0;
    %vpi_call 2 72 "$display", "t=%d, Cp=%b, Ep=%b, Cei=%b, Cea=%b, LaRam=%b, Lab=%b, Eatmp=%b, Lbtmp=%b, Ltmpa=%b, Etmpb=%b, Ei=%b, Li=%b, Lmp = %b, Lmi=%b, Su=%b, Eu=%b, Lo=%b, PC_to_MAR=%8b, MAR_to_RAM=%8b, RAM_to_IR=%8b, IR_to_Control=%4b, IR_to_MAR=%4b, RAM_to_A=%4b, A_to_ALU=%4b, A_to_TMP=%4b, TMP_to_B=%4b, B_to_A=%4b", $time, v0x24a6090_0, v0x24a6420_0, v0x24a6010_0, v0x24a5f90_0, v0x24a6810_0, v0x24a68e0_0, v0x24a6160_0, v0x24a6740_0, v0x24a6e30_0, v0x24a64a0_0, v0x24a6350_0, v0x24a6a90_0, v0x24a6c80_0, v0x24a6bb0_0, v0x24a7090_0, v0x24a6570_0, v0x24a6db0_0, v0x24a6fc0_0, v0x24a6d00_0, v0x24a7190_0, v0x24a65f0_0, v0x24a66c0_0, v0x24a7110_0, v0x24a5ca0_0, v0x24a5e90_0, v0x24a72f0_0, v0x24a5f10_0;
    %delay 6, 0;
    %vpi_call 2 74 "$display", "t=%d, Cp=%b, Ep=%b, Cei=%b, Cea=%b, LaRam=%b, Lab=%b, Eatmp=%b, Lbtmp=%b, Ltmpa=%b, Etmpb=%b, Ei=%b, Li=%b, Lmp = %b, Lmi=%b, Su=%b, Eu=%b, Lo=%b, PC_to_MAR=%8b, MAR_to_RAM=%8b, RAM_to_IR=%8b, IR_to_Control=%4b, IR_to_MAR=%4b, RAM_to_A=%4b, A_to_ALU=%4b, A_to_TMP=%4b, TMP_to_B=%4b, B_to_A=%4b", $time, v0x24a6090_0, v0x24a6420_0, v0x24a6010_0, v0x24a5f90_0, v0x24a6810_0, v0x24a68e0_0, v0x24a6160_0, v0x24a6740_0, v0x24a6e30_0, v0x24a64a0_0, v0x24a6350_0, v0x24a6a90_0, v0x24a6c80_0, v0x24a6bb0_0, v0x24a7090_0, v0x24a6570_0, v0x24a6db0_0, v0x24a6fc0_0, v0x24a6d00_0, v0x24a7190_0, v0x24a65f0_0, v0x24a66c0_0, v0x24a7110_0, v0x24a5ca0_0, v0x24a5e90_0, v0x24a72f0_0, v0x24a5f10_0;
    %delay 4, 0;
    %vpi_call 2 76 "$display", "t=%d, Cp=%b, Ep=%b, Cei=%b, Cea=%b, LaRam=%b, Lab=%b, Eba=%b, Eatmp=%b, Lbtmp=%b, Ltmpa=%b, Etmpb=%b, Ei=%b, Li=%b, Lmp = %b, Lmi=%b, Su=%b, Eu=%b, Lo=%b, PC_to_MAR=%8b, MAR_to_RAM=%8b, RAM_to_IR=%8b, IR_to_Control=%4b, IR_to_MAR=%4b, RAM_to_A=%4b, A_to_ALU=%4b, A_to_TMP=%4b, TMP_to_B=%4b, B_to_A=%4b", $time, v0x24a6090_0, v0x24a6420_0, v0x24a6010_0, v0x24a5f90_0, v0x24a6810_0, v0x24a68e0_0, v0x24a6230_0, v0x24a6160_0, v0x24a6740_0, v0x24a6e30_0, v0x24a64a0_0, v0x24a6350_0, v0x24a6a90_0, v0x24a6c80_0, v0x24a6bb0_0, v0x24a7090_0, v0x24a6570_0, v0x24a6db0_0, v0x24a6fc0_0, v0x24a6d00_0, v0x24a7190_0, v0x24a65f0_0, v0x24a66c0_0, v0x24a7110_0, v0x24a5ca0_0, v0x24a5e90_0, v0x24a72f0_0, v0x24a5f10_0;
    %delay 6, 0;
    %vpi_call 2 78 "$display", "t=%d, Cp=%b, Ep=%b, Cei=%b, Cea=%b, LaRam=%b, Lab=%b, Eba=%b, Eatmp=%b, Lbtmp=%b, Ltmpa=%b, Etmpb=%b, Ei=%b, Li=%b, Lmp = %b, Lmi=%b, Su=%b, Eu=%b, Lo=%b, PC_to_MAR=%8b, MAR_to_RAM=%8b, RAM_to_IR=%8b, IR_to_Control=%4b, IR_to_MAR=%4b, RAM_to_A=%4b, A_to_ALU=%4b, A_to_TMP=%4b, TMP_to_B=%4b, B_to_A=%4b", $time, v0x24a6090_0, v0x24a6420_0, v0x24a6010_0, v0x24a5f90_0, v0x24a6810_0, v0x24a68e0_0, v0x24a6230_0, v0x24a6160_0, v0x24a6740_0, v0x24a6e30_0, v0x24a64a0_0, v0x24a6350_0, v0x24a6a90_0, v0x24a6c80_0, v0x24a6bb0_0, v0x24a7090_0, v0x24a6570_0, v0x24a6db0_0, v0x24a6fc0_0, v0x24a6d00_0, v0x24a7190_0, v0x24a65f0_0, v0x24a66c0_0, v0x24a7110_0, v0x24a5ca0_0, v0x24a5e90_0, v0x24a72f0_0, v0x24a5f10_0;
    %delay 4, 0;
    %vpi_call 2 80 "$display", "t=%d, Cp=%b, Ep=%b, Cei=%b, Cea=%b, LaRam=%b, Lab=%b, Eba=%b, Eatmp=%b, Lbtmp=%b, Ltmpa=%b, Etmpb=%b, Ei=%b, Li=%b, Lmp = %b, Lmi=%b, Su=%b, Eu=%b, Lo=%b, PC_to_MAR=%8b, MAR_to_RAM=%8b, RAM_to_IR=%8b, IR_to_Control=%4b, IR_to_MAR=%4b, RAM_to_A=%4b, A_to_ALU=%4b, A_to_TMP=%4b, TMP_to_B=%4b, B_to_A=%4b", $time, v0x24a6090_0, v0x24a6420_0, v0x24a6010_0, v0x24a5f90_0, v0x24a6810_0, v0x24a68e0_0, v0x24a6230_0, v0x24a6160_0, v0x24a6740_0, v0x24a6e30_0, v0x24a64a0_0, v0x24a6350_0, v0x24a6a90_0, v0x24a6c80_0, v0x24a6bb0_0, v0x24a7090_0, v0x24a6570_0, v0x24a6db0_0, v0x24a6fc0_0, v0x24a6d00_0, v0x24a7190_0, v0x24a65f0_0, v0x24a66c0_0, v0x24a7110_0, v0x24a5ca0_0, v0x24a5e90_0, v0x24a72f0_0, v0x24a5f10_0;
    %delay 6, 0;
    %vpi_call 2 82 "$display", "t=%d, Cp=%b, Ep=%b, Cei=%b, Cea=%b, LaRam=%b, Lab=%b, Eba=%b, Eatmp=%b, Lbtmp=%b, Ltmpa=%b, Etmpb=%b, Ei=%b, Li=%b, Lmp = %b, Lmi=%b, Su=%b, Eu=%b, Lo=%b, PC_to_MAR=%8b, MAR_to_RAM=%8b, RAM_to_IR=%8b, IR_to_Control=%4b, IR_to_MAR=%4b, RAM_to_A=%4b, A_to_ALU=%4b, A_to_TMP=%4b, TMP_to_B=%4b, B_to_A=%4b", $time, v0x24a6090_0, v0x24a6420_0, v0x24a6010_0, v0x24a5f90_0, v0x24a6810_0, v0x24a68e0_0, v0x24a6230_0, v0x24a6160_0, v0x24a6740_0, v0x24a6e30_0, v0x24a64a0_0, v0x24a6350_0, v0x24a6a90_0, v0x24a6c80_0, v0x24a6bb0_0, v0x24a7090_0, v0x24a6570_0, v0x24a6db0_0, v0x24a6fc0_0, v0x24a6d00_0, v0x24a7190_0, v0x24a65f0_0, v0x24a66c0_0, v0x24a7110_0, v0x24a5ca0_0, v0x24a5e90_0, v0x24a72f0_0, v0x24a5f10_0;
    %delay 1, 0;
    %vpi_call 2 84 "$finish";
    %end;
    .thread T_23;
    .scope S_0x23e72f0;
T_24 ;
    %delay 5, 0;
    %load/v 8, v0x24a7260_0, 1;
    %inv 8, 1;
    %set/v v0x24a7260_0, 8, 1;
    %jmp T_24;
    .thread T_24;
# The file index is used to find the file name in the following table.
:file_names 4;
    "N/A";
    "<interactive>";
    "testbench.sv";
    "design.sv";
